2024-05-03 13:46:25.501 +03:00  INF [] Running app
2024-05-03 13:46:25.706 +03:00  INF [Microsoft.AspNetCore.DataProtection.KeyManagement.XmlKeyManager] User profile is available. Using 'C:\Users\dns\AppData\Local\ASP.NET\DataProtection-Keys' as key repository and Windows DPAPI to encrypt keys at rest.
2024-05-03 13:46:26.427 +03:00  INF [Microsoft.Hosting.Lifetime] Now listening on: https://localhost:7106
2024-05-03 13:46:26.429 +03:00  INF [Microsoft.Hosting.Lifetime] Now listening on: http://localhost:5099
2024-05-03 13:46:26.433 +03:00  INF [Microsoft.Hosting.Lifetime] Application started. Press Ctrl+C to shut down.
2024-05-03 13:46:26.436 +03:00  INF [Microsoft.Hosting.Lifetime] Hosting environment: Development
2024-05-03 13:46:26.438 +03:00  INF [Microsoft.Hosting.Lifetime] Content root path: C:\Users\dns\Desktop\MiraculousBackend\MeowBackend\MeowBackend
2024-05-03 13:46:28.457 +03:00  INF [Microsoft.AspNetCore.Hosting.Diagnostics] Request starting HTTP/2 GET https://localhost:7106/swagger - null null
2024-05-03 13:46:28.835 +03:00  INF [Microsoft.AspNetCore.Hosting.Diagnostics] Request finished HTTP/2 GET https://localhost:7106/swagger - 301 0 null 381.4966ms
2024-05-03 13:46:28.858 +03:00  INF [Microsoft.AspNetCore.Hosting.Diagnostics] Request starting HTTP/2 GET https://localhost:7106/swagger/index.html - null null
2024-05-03 13:46:29.048 +03:00  INF [Microsoft.AspNetCore.Hosting.Diagnostics] Request finished HTTP/2 GET https://localhost:7106/swagger/index.html - 200 null text/html;charset=utf-8 190.7227ms
2024-05-03 13:46:29.082 +03:00  INF [Microsoft.AspNetCore.Hosting.Diagnostics] Request starting HTTP/2 GET https://localhost:7106/swagger/swagger-ui.css - null null
2024-05-03 13:46:29.083 +03:00  INF [Microsoft.AspNetCore.Hosting.Diagnostics] Request starting HTTP/2 GET https://localhost:7106/swagger/swagger-ui-bundle.js - null null
2024-05-03 13:46:29.083 +03:00  INF [Microsoft.AspNetCore.Hosting.Diagnostics] Request starting HTTP/2 GET https://localhost:7106/swagger/swagger-ui-standalone-preset.js - null null
2024-05-03 13:46:29.090 +03:00  INF [Microsoft.AspNetCore.Hosting.Diagnostics] Request starting HTTP/2 GET https://localhost:7106/_framework/aspnetcore-browser-refresh.js - null null
2024-05-03 13:46:29.233 +03:00  INF [Microsoft.AspNetCore.Hosting.Diagnostics] Request starting HTTP/2 GET https://localhost:7106/_vs/browserLink - null null
2024-05-03 13:46:29.251 +03:00  INF [Microsoft.AspNetCore.StaticFiles.StaticFileMiddleware] Sending file. Request path: '/swagger-ui.css'. Physical path: 'N/A'
2024-05-03 13:46:29.359 +03:00  INF [Microsoft.AspNetCore.StaticFiles.StaticFileMiddleware] Sending file. Request path: '/swagger-ui-standalone-preset.js'. Physical path: 'N/A'
2024-05-03 13:46:29.363 +03:00  INF [Microsoft.AspNetCore.Hosting.Diagnostics] Request finished HTTP/2 GET https://localhost:7106/_framework/aspnetcore-browser-refresh.js - 200 13766 application/javascript; charset=utf-8 272.4708ms
2024-05-03 13:46:29.399 +03:00  INF [Microsoft.AspNetCore.Hosting.Diagnostics] Request finished HTTP/2 GET https://localhost:7106/swagger/swagger-ui-standalone-preset.js - 200 339486 text/javascript 315.6308ms
2024-05-03 13:46:29.511 +03:00  INF [Microsoft.AspNetCore.StaticFiles.StaticFileMiddleware] Sending file. Request path: '/swagger-ui-bundle.js'. Physical path: 'N/A'
2024-05-03 13:46:29.601 +03:00  INF [Microsoft.AspNetCore.Hosting.Diagnostics] Request finished HTTP/2 GET https://localhost:7106/_vs/browserLink - 200 null text/javascript; charset=UTF-8 367.7021ms
2024-05-03 13:46:29.634 +03:00  INF [Microsoft.AspNetCore.Hosting.Diagnostics] Request finished HTTP/2 GET https://localhost:7106/swagger/swagger-ui-bundle.js - 200 1096145 text/javascript 550.8419ms
2024-05-03 13:46:29.668 +03:00  INF [Microsoft.AspNetCore.Hosting.Diagnostics] Request finished HTTP/2 GET https://localhost:7106/swagger/swagger-ui.css - 200 143943 text/css 586.6388ms
2024-05-03 13:46:30.249 +03:00  INF [Microsoft.AspNetCore.Hosting.Diagnostics] Request starting HTTP/2 GET https://localhost:7106/swagger/v1/swagger.json - null null
2024-05-03 13:46:30.820 +03:00  INF [Microsoft.AspNetCore.Hosting.Diagnostics] Request finished HTTP/2 GET https://localhost:7106/swagger/v1/swagger.json - 200 null application/json;charset=utf-8 571.4044ms
2024-05-03 13:47:40.240 +03:00  INF [Microsoft.AspNetCore.Hosting.Diagnostics] Request starting HTTP/2 GET https://localhost:7106/api/cats/3fa85f64-5717-4562-b3fc-2c963f66afa6 - null null
2024-05-03 13:47:40.512 +03:00  INF [Microsoft.AspNetCore.Authorization.DefaultAuthorizationService] Authorization failed. These requirements were not met:
DenyAnonymousAuthorizationRequirement: Requires an authenticated user.
2024-05-03 13:47:40.527 +03:00  INF [Microsoft.AspNetCore.Authentication.JwtBearer.JwtBearerHandler] AuthenticationScheme: Bearer was challenged.
2024-05-03 13:47:40.541 +03:00  INF [Serilog.AspNetCore.RequestLoggingMiddleware] HTTP GET /api/cats/3fa85f64-5717-4562-b3fc-2c963f66afa6 responded 401 in 274.3165 ms
2024-05-03 13:47:40.553 +03:00  INF [Microsoft.AspNetCore.Hosting.Diagnostics] Request finished HTTP/2 GET https://localhost:7106/api/cats/3fa85f64-5717-4562-b3fc-2c963f66afa6 - 401 0 null 316.1234ms
2024-05-03 13:48:18.041 +03:00  INF [Microsoft.AspNetCore.Hosting.Diagnostics] Request starting HTTP/2 POST https://localhost:7106/api/cats - application/json 115
2024-05-03 13:48:18.069 +03:00  INF [Microsoft.AspNetCore.Authorization.DefaultAuthorizationService] Authorization failed. These requirements were not met:
DenyAnonymousAuthorizationRequirement: Requires an authenticated user.
2024-05-03 13:48:18.074 +03:00  INF [Microsoft.AspNetCore.Authentication.JwtBearer.JwtBearerHandler] AuthenticationScheme: Bearer was challenged.
2024-05-03 13:48:18.077 +03:00  INF [Serilog.AspNetCore.RequestLoggingMiddleware] HTTP POST /api/cats responded 401 in 15.0079 ms
2024-05-03 13:48:18.086 +03:00  INF [Microsoft.AspNetCore.Hosting.Diagnostics] Request finished HTTP/2 POST https://localhost:7106/api/cats - 401 0 null 45.2632ms
2024-05-03 13:48:43.878 +03:00  INF [Microsoft.AspNetCore.Hosting.Diagnostics] Request starting HTTP/2 POST https://localhost:7106/api/cats/logincat - application/json 115
2024-05-03 13:48:43.899 +03:00  INF [Microsoft.AspNetCore.Authorization.DefaultAuthorizationService] Authorization failed. These requirements were not met:
DenyAnonymousAuthorizationRequirement: Requires an authenticated user.
2024-05-03 13:48:43.903 +03:00  INF [Microsoft.AspNetCore.Authentication.JwtBearer.JwtBearerHandler] AuthenticationScheme: Bearer was challenged.
2024-05-03 13:48:43.907 +03:00  INF [Serilog.AspNetCore.RequestLoggingMiddleware] HTTP POST /api/cats/logincat responded 401 in 12.0065 ms
2024-05-03 13:48:43.912 +03:00  INF [Microsoft.AspNetCore.Hosting.Diagnostics] Request finished HTTP/2 POST https://localhost:7106/api/cats/logincat - 401 0 null 44.3405ms
2024-05-03 14:10:44.328 +03:00  INF [] Running app
2024-05-03 14:10:44.588 +03:00  INF [Microsoft.AspNetCore.DataProtection.KeyManagement.XmlKeyManager] User profile is available. Using 'C:\Users\dns\AppData\Local\ASP.NET\DataProtection-Keys' as key repository and Windows DPAPI to encrypt keys at rest.
2024-05-03 14:10:45.151 +03:00  INF [Microsoft.Hosting.Lifetime] Now listening on: https://localhost:7106
2024-05-03 14:10:45.157 +03:00  INF [Microsoft.Hosting.Lifetime] Now listening on: http://localhost:5099
2024-05-03 14:10:45.160 +03:00  INF [Microsoft.Hosting.Lifetime] Application started. Press Ctrl+C to shut down.
2024-05-03 14:10:45.161 +03:00  INF [Microsoft.Hosting.Lifetime] Hosting environment: Development
2024-05-03 14:10:45.163 +03:00  INF [Microsoft.Hosting.Lifetime] Content root path: C:\Users\dns\Desktop\MiraculousBackend\MeowBackend\MeowBackend
2024-05-03 14:10:47.270 +03:00  INF [Microsoft.AspNetCore.Hosting.Diagnostics] Request starting HTTP/2 GET https://localhost:7106/swagger/index.html - null null
2024-05-03 14:10:47.827 +03:00  INF [Microsoft.AspNetCore.Hosting.Diagnostics] Request finished HTTP/2 GET https://localhost:7106/swagger/index.html - 200 null text/html;charset=utf-8 568.3279ms
2024-05-03 14:10:47.924 +03:00  INF [Microsoft.AspNetCore.Hosting.Diagnostics] Request starting HTTP/2 GET https://localhost:7106/_vs/browserLink - null null
2024-05-03 14:10:47.940 +03:00  INF [Microsoft.AspNetCore.Hosting.Diagnostics] Request starting HTTP/2 GET https://localhost:7106/_framework/aspnetcore-browser-refresh.js - null null
2024-05-03 14:10:48.074 +03:00  INF [Microsoft.AspNetCore.Hosting.Diagnostics] Request finished HTTP/2 GET https://localhost:7106/_framework/aspnetcore-browser-refresh.js - 200 13766 application/javascript; charset=utf-8 133.6599ms
2024-05-03 14:10:48.126 +03:00  INF [Microsoft.AspNetCore.Hosting.Diagnostics] Request finished HTTP/2 GET https://localhost:7106/_vs/browserLink - 200 null text/javascript; charset=UTF-8 202.2304ms
2024-05-03 14:10:48.410 +03:00  INF [Microsoft.AspNetCore.Hosting.Diagnostics] Request starting HTTP/2 GET https://localhost:7106/swagger/v1/swagger.json - null null
2024-05-03 14:10:48.889 +03:00  INF [Microsoft.AspNetCore.Hosting.Diagnostics] Request finished HTTP/2 GET https://localhost:7106/swagger/v1/swagger.json - 200 null application/json;charset=utf-8 484.2157ms
2024-05-03 14:11:19.401 +03:00  INF [Microsoft.AspNetCore.Hosting.Diagnostics] Request starting HTTP/2 POST https://localhost:7106/api/cats/pleasework - application/json 41
2024-05-03 14:11:19.565 +03:00  INF [Microsoft.AspNetCore.Authorization.DefaultAuthorizationService] Authorization failed. These requirements were not met:
DenyAnonymousAuthorizationRequirement: Requires an authenticated user.
2024-05-03 14:11:19.581 +03:00  INF [Microsoft.AspNetCore.Authentication.JwtBearer.JwtBearerHandler] AuthenticationScheme: Bearer was challenged.
2024-05-03 14:11:19.593 +03:00  INF [Serilog.AspNetCore.RequestLoggingMiddleware] HTTP POST /api/cats/pleasework responded 401 in 164.0246 ms
2024-05-03 14:11:19.603 +03:00  INF [Microsoft.AspNetCore.Hosting.Diagnostics] Request finished HTTP/2 POST https://localhost:7106/api/cats/pleasework - 401 0 null 201.8843ms
2024-05-03 14:12:28.665 +03:00  INF [] Running app
2024-05-03 14:12:28.801 +03:00  INF [Microsoft.AspNetCore.DataProtection.KeyManagement.XmlKeyManager] User profile is available. Using 'C:\Users\dns\AppData\Local\ASP.NET\DataProtection-Keys' as key repository and Windows DPAPI to encrypt keys at rest.
2024-05-03 14:12:29.048 +03:00  INF [Microsoft.Hosting.Lifetime] Now listening on: https://localhost:7106
2024-05-03 14:12:29.051 +03:00  INF [Microsoft.Hosting.Lifetime] Now listening on: http://localhost:5099
2024-05-03 14:12:29.056 +03:00  INF [Microsoft.Hosting.Lifetime] Application started. Press Ctrl+C to shut down.
2024-05-03 14:12:29.057 +03:00  INF [Microsoft.Hosting.Lifetime] Hosting environment: Development
2024-05-03 14:12:29.058 +03:00  INF [Microsoft.Hosting.Lifetime] Content root path: C:\Users\dns\Desktop\MiraculousBackend\MeowBackend\MeowBackend
2024-05-03 14:12:29.801 +03:00  INF [Microsoft.AspNetCore.Hosting.Diagnostics] Request starting HTTP/2 GET https://localhost:7106/swagger/index.html - null null
2024-05-03 14:12:30.119 +03:00  INF [Microsoft.AspNetCore.Hosting.Diagnostics] Request finished HTTP/2 GET https://localhost:7106/swagger/index.html - 200 null text/html;charset=utf-8 318.2657ms
2024-05-03 14:12:30.201 +03:00  INF [Microsoft.AspNetCore.Hosting.Diagnostics] Request starting HTTP/2 GET https://localhost:7106/_vs/browserLink - null null
2024-05-03 14:12:30.201 +03:00  INF [Microsoft.AspNetCore.Hosting.Diagnostics] Request starting HTTP/2 GET https://localhost:7106/_framework/aspnetcore-browser-refresh.js - null null
2024-05-03 14:12:30.254 +03:00  INF [Microsoft.AspNetCore.Hosting.Diagnostics] Request finished HTTP/2 GET https://localhost:7106/_framework/aspnetcore-browser-refresh.js - 200 13766 application/javascript; charset=utf-8 53.2584ms
2024-05-03 14:12:30.317 +03:00  INF [Microsoft.AspNetCore.Hosting.Diagnostics] Request finished HTTP/2 GET https://localhost:7106/_vs/browserLink - 200 null text/javascript; charset=UTF-8 116.0346ms
2024-05-03 14:12:30.405 +03:00  INF [Microsoft.AspNetCore.Hosting.Diagnostics] Request starting HTTP/2 GET https://localhost:7106/swagger/v1/swagger.json - null null
2024-05-03 14:12:30.591 +03:00  INF [Microsoft.AspNetCore.Hosting.Diagnostics] Request finished HTTP/2 GET https://localhost:7106/swagger/v1/swagger.json - 200 null application/json;charset=utf-8 185.3123ms
2024-05-03 14:12:50.905 +03:00  INF [Microsoft.AspNetCore.Hosting.Diagnostics] Request starting HTTP/2 POST https://localhost:7106/api/cats/pleasework - application/json 45
2024-05-03 14:12:51.190 +03:00  INF [Microsoft.AspNetCore.Authorization.DefaultAuthorizationService] Authorization failed. These requirements were not met:
DenyAnonymousAuthorizationRequirement: Requires an authenticated user.
2024-05-03 14:12:51.206 +03:00  INF [Microsoft.AspNetCore.Authentication.JwtBearer.JwtBearerHandler] AuthenticationScheme: Bearer was challenged.
2024-05-03 14:12:51.218 +03:00  INF [Serilog.AspNetCore.RequestLoggingMiddleware] HTTP POST /api/cats/pleasework responded 401 in 274.8165 ms
2024-05-03 14:12:51.231 +03:00  INF [Microsoft.AspNetCore.Hosting.Diagnostics] Request finished HTTP/2 POST https://localhost:7106/api/cats/pleasework - 401 0 null 327.977ms
2024-05-03 14:13:11.127 +03:00  INF [Microsoft.AspNetCore.Hosting.Diagnostics] Request starting HTTP/2 POST https://localhost:7106/api/cats/logincat - application/json 45
2024-05-03 14:13:11.172 +03:00  INF [Microsoft.AspNetCore.Authorization.DefaultAuthorizationService] Authorization failed. These requirements were not met:
DenyAnonymousAuthorizationRequirement: Requires an authenticated user.
2024-05-03 14:13:11.177 +03:00  INF [Microsoft.AspNetCore.Authentication.JwtBearer.JwtBearerHandler] AuthenticationScheme: Bearer was challenged.
2024-05-03 14:13:11.181 +03:00  INF [Serilog.AspNetCore.RequestLoggingMiddleware] HTTP POST /api/cats/logincat responded 401 in 18.8470 ms
2024-05-03 14:13:11.186 +03:00  INF [Microsoft.AspNetCore.Hosting.Diagnostics] Request finished HTTP/2 POST https://localhost:7106/api/cats/logincat - 401 0 null 58.7799ms
2024-05-03 14:13:15.151 +03:00  INF [Microsoft.AspNetCore.Hosting.Diagnostics] Request starting HTTP/2 POST https://localhost:7106/api/cats/logincat - application/json 45
2024-05-03 14:13:15.189 +03:00  INF [Microsoft.AspNetCore.Authorization.DefaultAuthorizationService] Authorization failed. These requirements were not met:
DenyAnonymousAuthorizationRequirement: Requires an authenticated user.
2024-05-03 14:13:15.204 +03:00  INF [Microsoft.AspNetCore.Authentication.JwtBearer.JwtBearerHandler] AuthenticationScheme: Bearer was challenged.
2024-05-03 14:13:15.217 +03:00  INF [Serilog.AspNetCore.RequestLoggingMiddleware] HTTP POST /api/cats/logincat responded 401 in 30.8842 ms
2024-05-03 14:13:15.227 +03:00  INF [Microsoft.AspNetCore.Hosting.Diagnostics] Request finished HTTP/2 POST https://localhost:7106/api/cats/logincat - 401 0 null 76.018ms
2024-05-03 14:13:33.613 +03:00  INF [] Running app
2024-05-03 14:13:33.799 +03:00  INF [Microsoft.AspNetCore.DataProtection.KeyManagement.XmlKeyManager] User profile is available. Using 'C:\Users\dns\AppData\Local\ASP.NET\DataProtection-Keys' as key repository and Windows DPAPI to encrypt keys at rest.
2024-05-03 14:13:34.372 +03:00  INF [Microsoft.Hosting.Lifetime] Now listening on: https://localhost:7106
2024-05-03 14:13:34.383 +03:00  INF [Microsoft.Hosting.Lifetime] Now listening on: http://localhost:5099
2024-05-03 14:13:34.389 +03:00  INF [Microsoft.Hosting.Lifetime] Application started. Press Ctrl+C to shut down.
2024-05-03 14:13:34.393 +03:00  INF [Microsoft.Hosting.Lifetime] Hosting environment: Development
2024-05-03 14:13:34.396 +03:00  INF [Microsoft.Hosting.Lifetime] Content root path: C:\Users\dns\Desktop\MiraculousBackend\MeowBackend\MeowBackend
2024-05-03 14:13:35.094 +03:00  INF [Microsoft.AspNetCore.Hosting.Diagnostics] Request starting HTTP/2 GET https://localhost:7106/swagger/index.html - null null
2024-05-03 14:13:35.621 +03:00  INF [Microsoft.AspNetCore.Hosting.Diagnostics] Request finished HTTP/2 GET https://localhost:7106/swagger/index.html - 200 null text/html;charset=utf-8 532.2842ms
2024-05-03 14:13:35.636 +03:00  INF [Microsoft.AspNetCore.Hosting.Diagnostics] Request starting HTTP/2 GET https://localhost:7106/_framework/aspnetcore-browser-refresh.js - null null
2024-05-03 14:13:35.665 +03:00  INF [Microsoft.AspNetCore.Hosting.Diagnostics] Request finished HTTP/2 GET https://localhost:7106/_framework/aspnetcore-browser-refresh.js - 200 13766 application/javascript; charset=utf-8 32.0223ms
2024-05-03 14:13:35.691 +03:00  INF [Microsoft.AspNetCore.Hosting.Diagnostics] Request starting HTTP/2 GET https://localhost:7106/_vs/browserLink - null null
2024-05-03 14:13:35.807 +03:00  INF [Microsoft.AspNetCore.Hosting.Diagnostics] Request finished HTTP/2 GET https://localhost:7106/_vs/browserLink - 200 null text/javascript; charset=UTF-8 116.7082ms
2024-05-03 14:13:35.898 +03:00  INF [Microsoft.AspNetCore.Hosting.Diagnostics] Request starting HTTP/2 GET https://localhost:7106/swagger/v1/swagger.json - null null
2024-05-03 14:13:36.143 +03:00  INF [Microsoft.AspNetCore.Hosting.Diagnostics] Request finished HTTP/2 GET https://localhost:7106/swagger/v1/swagger.json - 200 null application/json;charset=utf-8 246.0064ms
2024-05-03 14:13:46.137 +03:00  INF [Microsoft.AspNetCore.Hosting.Diagnostics] Request starting HTTP/2 POST https://localhost:7106/api/cats/logincat - application/json 45
2024-05-03 14:13:46.326 +03:00  INF [Microsoft.AspNetCore.Authorization.DefaultAuthorizationService] Authorization failed. These requirements were not met:
DenyAnonymousAuthorizationRequirement: Requires an authenticated user.
2024-05-03 14:13:46.336 +03:00  INF [Microsoft.AspNetCore.Authentication.JwtBearer.JwtBearerHandler] AuthenticationScheme: Bearer was challenged.
2024-05-03 14:13:46.343 +03:00  INF [Serilog.AspNetCore.RequestLoggingMiddleware] HTTP POST /api/cats/logincat responded 401 in 175.7586 ms
2024-05-03 14:13:46.347 +03:00  INF [Microsoft.AspNetCore.Hosting.Diagnostics] Request finished HTTP/2 POST https://localhost:7106/api/cats/logincat - 401 0 null 210.7241ms
2024-05-03 14:15:14.525 +03:00  INF [] Running app
2024-05-03 14:15:14.723 +03:00  INF [Microsoft.AspNetCore.DataProtection.KeyManagement.XmlKeyManager] User profile is available. Using 'C:\Users\dns\AppData\Local\ASP.NET\DataProtection-Keys' as key repository and Windows DPAPI to encrypt keys at rest.
2024-05-03 14:15:15.274 +03:00  INF [Microsoft.Hosting.Lifetime] Now listening on: https://localhost:7106
2024-05-03 14:15:15.280 +03:00  INF [Microsoft.Hosting.Lifetime] Now listening on: http://localhost:5099
2024-05-03 14:15:15.292 +03:00  INF [Microsoft.Hosting.Lifetime] Application started. Press Ctrl+C to shut down.
2024-05-03 14:15:15.298 +03:00  INF [Microsoft.Hosting.Lifetime] Hosting environment: Development
2024-05-03 14:15:15.304 +03:00  INF [Microsoft.Hosting.Lifetime] Content root path: C:\Users\dns\Desktop\MiraculousBackend\MeowBackend\MeowBackend
2024-05-03 14:15:17.431 +03:00  INF [Microsoft.AspNetCore.Hosting.Diagnostics] Request starting HTTP/2 GET https://localhost:7106/swagger/index.html - null null
2024-05-03 14:15:18.113 +03:00  INF [Microsoft.AspNetCore.Hosting.Diagnostics] Request finished HTTP/2 GET https://localhost:7106/swagger/index.html - 200 null text/html;charset=utf-8 698.3285ms
2024-05-03 14:15:18.222 +03:00  INF [Microsoft.AspNetCore.Hosting.Diagnostics] Request starting HTTP/2 GET https://localhost:7106/_framework/aspnetcore-browser-refresh.js - null null
2024-05-03 14:15:18.222 +03:00  INF [Microsoft.AspNetCore.Hosting.Diagnostics] Request starting HTTP/2 GET https://localhost:7106/_vs/browserLink - null null
2024-05-03 14:15:18.254 +03:00  INF [Microsoft.AspNetCore.Hosting.Diagnostics] Request finished HTTP/2 GET https://localhost:7106/_framework/aspnetcore-browser-refresh.js - 200 13766 application/javascript; charset=utf-8 31.989ms
2024-05-03 14:15:18.404 +03:00  INF [Microsoft.AspNetCore.Hosting.Diagnostics] Request finished HTTP/2 GET https://localhost:7106/_vs/browserLink - 200 null text/javascript; charset=UTF-8 182.5073ms
2024-05-03 14:15:18.526 +03:00  INF [Microsoft.AspNetCore.Hosting.Diagnostics] Request starting HTTP/2 GET https://localhost:7106/swagger/v1/swagger.json - null null
2024-05-03 14:15:18.911 +03:00  INF [Microsoft.AspNetCore.Hosting.Diagnostics] Request finished HTTP/2 GET https://localhost:7106/swagger/v1/swagger.json - 200 null application/json;charset=utf-8 385.9867ms
2024-05-03 14:15:29.954 +03:00  INF [Microsoft.AspNetCore.Hosting.Diagnostics] Request starting HTTP/2 POST https://localhost:7106/api/cats/logincat - application/json 45
2024-05-03 14:15:30.134 +03:00  INF [Microsoft.AspNetCore.Authorization.DefaultAuthorizationService] Authorization failed. These requirements were not met:
DenyAnonymousAuthorizationRequirement: Requires an authenticated user.
2024-05-03 14:15:30.151 +03:00  INF [Microsoft.AspNetCore.Authentication.JwtBearer.JwtBearerHandler] AuthenticationScheme: Bearer was challenged.
2024-05-03 14:15:30.161 +03:00  INF [Serilog.AspNetCore.RequestLoggingMiddleware] HTTP POST /api/cats/logincat responded 401 in 166.3136 ms
2024-05-03 14:15:30.171 +03:00  INF [Microsoft.AspNetCore.Hosting.Diagnostics] Request finished HTTP/2 POST https://localhost:7106/api/cats/logincat - 401 0 null 219.228ms
2024-05-03 14:18:20.079 +03:00  INF [] Running app
2024-05-03 14:18:20.321 +03:00  INF [Microsoft.AspNetCore.DataProtection.KeyManagement.XmlKeyManager] User profile is available. Using 'C:\Users\dns\AppData\Local\ASP.NET\DataProtection-Keys' as key repository and Windows DPAPI to encrypt keys at rest.
2024-05-03 14:18:21.020 +03:00  INF [Microsoft.Hosting.Lifetime] Now listening on: https://localhost:7106
2024-05-03 14:18:21.023 +03:00  INF [Microsoft.Hosting.Lifetime] Now listening on: http://localhost:5099
2024-05-03 14:18:21.027 +03:00  INF [Microsoft.Hosting.Lifetime] Application started. Press Ctrl+C to shut down.
2024-05-03 14:18:21.030 +03:00  INF [Microsoft.Hosting.Lifetime] Hosting environment: Development
2024-05-03 14:18:21.033 +03:00  INF [Microsoft.Hosting.Lifetime] Content root path: C:\Users\dns\Desktop\MiraculousBackend\MeowBackend\MeowBackend
2024-05-03 14:18:22.365 +03:00  INF [Microsoft.AspNetCore.Hosting.Diagnostics] Request starting HTTP/2 GET https://localhost:7106/swagger/index.html - null null
2024-05-03 14:18:22.818 +03:00  INF [Microsoft.AspNetCore.Hosting.Diagnostics] Request finished HTTP/2 GET https://localhost:7106/swagger/index.html - 200 null text/html;charset=utf-8 464.0679ms
2024-05-03 14:18:22.937 +03:00  INF [Microsoft.AspNetCore.Hosting.Diagnostics] Request starting HTTP/2 GET https://localhost:7106/_vs/browserLink - null null
2024-05-03 14:18:22.938 +03:00  INF [Microsoft.AspNetCore.Hosting.Diagnostics] Request starting HTTP/2 GET https://localhost:7106/_framework/aspnetcore-browser-refresh.js - null null
2024-05-03 14:18:23.049 +03:00  INF [Microsoft.AspNetCore.Hosting.Diagnostics] Request finished HTTP/2 GET https://localhost:7106/_framework/aspnetcore-browser-refresh.js - 200 13766 application/javascript; charset=utf-8 111.4968ms
2024-05-03 14:18:23.170 +03:00  INF [Microsoft.AspNetCore.Hosting.Diagnostics] Request finished HTTP/2 GET https://localhost:7106/_vs/browserLink - 200 null text/javascript; charset=UTF-8 232.9445ms
2024-05-03 14:18:23.244 +03:00  INF [Microsoft.AspNetCore.Hosting.Diagnostics] Request starting HTTP/2 GET https://localhost:7106/swagger/v1/swagger.json - null null
2024-05-03 14:18:23.599 +03:00  INF [Microsoft.AspNetCore.Hosting.Diagnostics] Request finished HTTP/2 GET https://localhost:7106/swagger/v1/swagger.json - 200 null application/json;charset=utf-8 355.8747ms
2024-05-03 14:18:32.957 +03:00  INF [Microsoft.AspNetCore.Hosting.Diagnostics] Request starting HTTP/2 GET https://localhost:7106/api/cats/AAAA - null null
2024-05-03 14:18:33.093 +03:00  INF [Microsoft.AspNetCore.Authorization.DefaultAuthorizationService] Authorization failed. These requirements were not met:
DenyAnonymousAuthorizationRequirement: Requires an authenticated user.
2024-05-03 14:18:33.104 +03:00  INF [Microsoft.AspNetCore.Authentication.JwtBearer.JwtBearerHandler] AuthenticationScheme: Bearer was challenged.
2024-05-03 14:18:33.113 +03:00  INF [Serilog.AspNetCore.RequestLoggingMiddleware] HTTP GET /api/cats/AAAA responded 401 in 122.9066 ms
2024-05-03 14:18:33.124 +03:00  INF [Microsoft.AspNetCore.Hosting.Diagnostics] Request finished HTTP/2 GET https://localhost:7106/api/cats/AAAA - 401 0 null 167.95ms
2024-05-03 14:21:03.247 +03:00  INF [] Running app
2024-05-03 14:21:03.340 +03:00  INF [Microsoft.AspNetCore.DataProtection.KeyManagement.XmlKeyManager] User profile is available. Using 'C:\Users\dns\AppData\Local\ASP.NET\DataProtection-Keys' as key repository and Windows DPAPI to encrypt keys at rest.
2024-05-03 14:21:03.563 +03:00  INF [Microsoft.Hosting.Lifetime] Now listening on: https://localhost:7106
2024-05-03 14:21:03.569 +03:00  INF [Microsoft.Hosting.Lifetime] Now listening on: http://localhost:5099
2024-05-03 14:21:03.576 +03:00  INF [Microsoft.Hosting.Lifetime] Application started. Press Ctrl+C to shut down.
2024-05-03 14:21:03.580 +03:00  INF [Microsoft.Hosting.Lifetime] Hosting environment: Development
2024-05-03 14:21:03.582 +03:00  INF [Microsoft.Hosting.Lifetime] Content root path: C:\Users\dns\Desktop\MiraculousBackend\MeowBackend\MeowBackend
2024-05-03 14:21:04.369 +03:00  INF [Microsoft.AspNetCore.Hosting.Diagnostics] Request starting HTTP/2 GET https://localhost:7106/swagger/index.html - null null
2024-05-03 14:21:04.714 +03:00  INF [Microsoft.AspNetCore.Hosting.Diagnostics] Request finished HTTP/2 GET https://localhost:7106/swagger/index.html - 200 null text/html;charset=utf-8 354.7422ms
2024-05-03 14:21:04.828 +03:00  INF [Microsoft.AspNetCore.Hosting.Diagnostics] Request starting HTTP/2 GET https://localhost:7106/_vs/browserLink - null null
2024-05-03 14:21:04.828 +03:00  INF [Microsoft.AspNetCore.Hosting.Diagnostics] Request starting HTTP/2 GET https://localhost:7106/_framework/aspnetcore-browser-refresh.js - null null
2024-05-03 14:21:04.889 +03:00  INF [Microsoft.AspNetCore.Hosting.Diagnostics] Request finished HTTP/2 GET https://localhost:7106/_framework/aspnetcore-browser-refresh.js - 200 13766 application/javascript; charset=utf-8 61.2312ms
2024-05-03 14:21:04.958 +03:00  INF [Microsoft.AspNetCore.Hosting.Diagnostics] Request finished HTTP/2 GET https://localhost:7106/_vs/browserLink - 200 null text/javascript; charset=UTF-8 130.6506ms
2024-05-03 14:21:05.034 +03:00  INF [Microsoft.AspNetCore.Hosting.Diagnostics] Request starting HTTP/2 GET https://localhost:7106/swagger/v1/swagger.json - null null
2024-05-03 14:21:05.231 +03:00  INF [Microsoft.AspNetCore.Hosting.Diagnostics] Request finished HTTP/2 GET https://localhost:7106/swagger/v1/swagger.json - 200 null application/json;charset=utf-8 197.9703ms
2024-05-03 14:21:12.549 +03:00  INF [Microsoft.AspNetCore.Hosting.Diagnostics] Request starting HTTP/2 GET https://localhost:7106/pypypy - null null
2024-05-03 14:21:12.713 +03:00  INF [Microsoft.AspNetCore.Routing.EndpointMiddleware] Executing endpoint 'MeowBackend.Controllers.MeowsController.GetCount (MeowBackend.API)'
2024-05-03 14:21:12.740 +03:00  INF [Microsoft.AspNetCore.Mvc.Infrastructure.ControllerActionInvoker] Route matched with {action = "GetCount", controller = "Meows"}. Executing controller action with signature Int32[] GetCount() on controller MeowBackend.Controllers.MeowsController (MeowBackend.API).
2024-05-03 14:21:12.761 +03:00  INF [Microsoft.AspNetCore.Mvc.Infrastructure.ObjectResultExecutor] Executing ObjectResult, writing value of type 'System.Int32[]'.
2024-05-03 14:21:12.777 +03:00  INF [Microsoft.AspNetCore.Mvc.Infrastructure.ControllerActionInvoker] Executed action MeowBackend.Controllers.MeowsController.GetCount (MeowBackend.API) in 24.1212ms
2024-05-03 14:21:12.785 +03:00  INF [Microsoft.AspNetCore.Routing.EndpointMiddleware] Executed endpoint 'MeowBackend.Controllers.MeowsController.GetCount (MeowBackend.API)'
2024-05-03 14:21:12.790 +03:00  INF [Serilog.AspNetCore.RequestLoggingMiddleware] HTTP GET /pypypy responded 200 in 202.7940 ms
2024-05-03 14:21:12.796 +03:00  INF [Microsoft.AspNetCore.Hosting.Diagnostics] Request finished HTTP/2 GET https://localhost:7106/pypypy - 200 null application/json; charset=utf-8 247.419ms
2024-05-03 14:21:21.729 +03:00  INF [Microsoft.AspNetCore.Hosting.Diagnostics] Request starting HTTP/2 GET https://localhost:7106/pypypy/AAAA - null null
2024-05-03 14:21:21.764 +03:00  INF [Microsoft.AspNetCore.Routing.EndpointMiddleware] Executing endpoint 'MeowBackend.Controllers.MeowsController.Help (MeowBackend.API)'
2024-05-03 14:21:21.770 +03:00  INF [Microsoft.AspNetCore.Mvc.Infrastructure.ControllerActionInvoker] Route matched with {action = "Help", controller = "Meows"}. Executing controller action with signature Microsoft.AspNetCore.Mvc.ActionResult`1[System.String] Help() on controller MeowBackend.Controllers.MeowsController (MeowBackend.API).
2024-05-03 14:21:21.777 +03:00  INF [MeowBackend.API.Controllers.CatsController] _________________________
2024-05-03 14:21:21.780 +03:00  INF [Microsoft.AspNetCore.Mvc.Infrastructure.ObjectResultExecutor] Executing OkObjectResult, writing value of type 'System.String'.
2024-05-03 14:21:21.784 +03:00  INF [Microsoft.AspNetCore.Mvc.Infrastructure.ControllerActionInvoker] Executed action MeowBackend.Controllers.MeowsController.Help (MeowBackend.API) in 7.3859ms
2024-05-03 14:21:21.788 +03:00  INF [Microsoft.AspNetCore.Routing.EndpointMiddleware] Executed endpoint 'MeowBackend.Controllers.MeowsController.Help (MeowBackend.API)'
2024-05-03 14:21:21.792 +03:00  INF [Serilog.AspNetCore.RequestLoggingMiddleware] HTTP GET /pypypy/AAAA responded 200 in 29.6727 ms
2024-05-03 14:21:21.797 +03:00  INF [Microsoft.AspNetCore.Hosting.Diagnostics] Request finished HTTP/2 GET https://localhost:7106/pypypy/AAAA - 200 null text/plain; charset=utf-8 69.5888ms
2024-05-03 14:22:55.573 +03:00  INF [] Running app
2024-05-03 14:22:55.723 +03:00  INF [Microsoft.AspNetCore.DataProtection.KeyManagement.XmlKeyManager] User profile is available. Using 'C:\Users\dns\AppData\Local\ASP.NET\DataProtection-Keys' as key repository and Windows DPAPI to encrypt keys at rest.
2024-05-03 14:22:56.225 +03:00  INF [Microsoft.Hosting.Lifetime] Now listening on: https://localhost:7106
2024-05-03 14:22:56.230 +03:00  INF [Microsoft.Hosting.Lifetime] Now listening on: http://localhost:5099
2024-05-03 14:22:56.238 +03:00  INF [Microsoft.Hosting.Lifetime] Application started. Press Ctrl+C to shut down.
2024-05-03 14:22:56.243 +03:00  INF [Microsoft.Hosting.Lifetime] Hosting environment: Development
2024-05-03 14:22:56.247 +03:00  INF [Microsoft.Hosting.Lifetime] Content root path: C:\Users\dns\Desktop\MiraculousBackend\MeowBackend\MeowBackend
2024-05-03 14:22:57.718 +03:00  INF [Microsoft.AspNetCore.Hosting.Diagnostics] Request starting HTTP/2 GET https://localhost:7106/swagger/index.html - null null
2024-05-03 14:22:58.283 +03:00  INF [Microsoft.AspNetCore.Hosting.Diagnostics] Request finished HTTP/2 GET https://localhost:7106/swagger/index.html - 200 null text/html;charset=utf-8 570.3745ms
2024-05-03 14:22:58.294 +03:00  INF [Microsoft.AspNetCore.Hosting.Diagnostics] Request starting HTTP/2 GET https://localhost:7106/_framework/aspnetcore-browser-refresh.js - null null
2024-05-03 14:22:58.370 +03:00  INF [Microsoft.AspNetCore.Hosting.Diagnostics] Request starting HTTP/2 GET https://localhost:7106/_vs/browserLink - null null
2024-05-03 14:22:58.443 +03:00  INF [Microsoft.AspNetCore.Hosting.Diagnostics] Request finished HTTP/2 GET https://localhost:7106/_framework/aspnetcore-browser-refresh.js - 200 13766 application/javascript; charset=utf-8 148.9422ms
2024-05-03 14:22:58.586 +03:00  INF [Microsoft.AspNetCore.Hosting.Diagnostics] Request finished HTTP/2 GET https://localhost:7106/_vs/browserLink - 200 null text/javascript; charset=UTF-8 216.5162ms
2024-05-03 14:22:58.731 +03:00  INF [Microsoft.AspNetCore.Hosting.Diagnostics] Request starting HTTP/2 GET https://localhost:7106/swagger/v1/swagger.json - null null
2024-05-03 14:22:59.047 +03:00  INF [Microsoft.AspNetCore.Hosting.Diagnostics] Request finished HTTP/2 GET https://localhost:7106/swagger/v1/swagger.json - 200 null application/json;charset=utf-8 316.7263ms
2024-05-03 14:23:16.207 +03:00  INF [Microsoft.AspNetCore.Hosting.Diagnostics] Request starting HTTP/2 POST https://localhost:7106/meow/pleasework - application/json 41
2024-05-03 14:23:16.399 +03:00  INF [Microsoft.AspNetCore.Routing.EndpointMiddleware] Executing endpoint 'MeowBackend.Controllers.MeowsController.LoginCat (MeowBackend.API)'
2024-05-03 14:23:16.446 +03:00  INF [Microsoft.AspNetCore.Mvc.Infrastructure.ControllerActionInvoker] Route matched with {action = "LoginCat", controller = "Meows"}. Executing controller action with signature Microsoft.AspNetCore.Mvc.ActionResult`1[MeowBackend.API.Models.Responses.AuthenticatedResponse] LoginCat(MeowBackend.API.Models.Requestes.CreateCatRequest) on controller MeowBackend.Controllers.MeowsController (MeowBackend.API).
2024-05-03 14:23:18.047 +03:00  INF [Microsoft.AspNetCore.Mvc.Infrastructure.ObjectResultExecutor] Executing OkObjectResult, writing value of type 'MeowBackend.API.Models.Responses.AuthenticatedResponse'.
2024-05-03 14:23:18.069 +03:00  INF [Microsoft.AspNetCore.Mvc.Infrastructure.ControllerActionInvoker] Executed action MeowBackend.Controllers.MeowsController.LoginCat (MeowBackend.API) in 1600.9317ms
2024-05-03 14:23:18.080 +03:00  INF [Microsoft.AspNetCore.Routing.EndpointMiddleware] Executed endpoint 'MeowBackend.Controllers.MeowsController.LoginCat (MeowBackend.API)'
2024-05-03 14:23:18.088 +03:00  INF [Serilog.AspNetCore.RequestLoggingMiddleware] HTTP POST /meow/pleasework responded 200 in 1840.6084 ms
2024-05-03 14:23:18.099 +03:00  INF [Microsoft.AspNetCore.Hosting.Diagnostics] Request finished HTTP/2 POST https://localhost:7106/meow/pleasework - 200 null application/json; charset=utf-8 1892.6386ms
2024-05-03 14:25:07.116 +03:00  INF [Microsoft.AspNetCore.Hosting.Diagnostics] Request starting HTTP/2 POST https://localhost:7106/api/cats/pleasework - application/json 41
2024-05-03 14:25:07.249 +03:00  INF [Microsoft.AspNetCore.Authorization.DefaultAuthorizationService] Authorization failed. These requirements were not met:
DenyAnonymousAuthorizationRequirement: Requires an authenticated user.
2024-05-03 14:25:07.290 +03:00  INF [Microsoft.AspNetCore.Authentication.JwtBearer.JwtBearerHandler] AuthenticationScheme: Bearer was challenged.
2024-05-03 14:25:07.296 +03:00  INF [Serilog.AspNetCore.RequestLoggingMiddleware] HTTP POST /api/cats/pleasework responded 401 in 133.5397 ms
2024-05-03 14:25:07.309 +03:00  INF [Microsoft.AspNetCore.Hosting.Diagnostics] Request finished HTTP/2 POST https://localhost:7106/api/cats/pleasework - 401 0 null 197.9783ms
2024-05-03 14:28:28.230 +03:00  INF [Microsoft.AspNetCore.Hosting.Diagnostics] Request starting HTTP/2 GET https://localhost:7106/api/cats/3fa85f64-5717-4562-b3fc-2c963f66afa6 - null null
2024-05-03 14:28:28.533 +03:00  INF [Microsoft.AspNetCore.Routing.EndpointMiddleware] Executing endpoint 'MeowBackend.API.Controllers.CatsController.GetCatById (MeowBackend.API)'
2024-05-03 14:28:28.607 +03:00  INF [Microsoft.AspNetCore.Mvc.Infrastructure.ControllerActionInvoker] Route matched with {action = "GetCatById", controller = "Cats"}. Executing controller action with signature Microsoft.AspNetCore.Mvc.ActionResult`1[MeowBackend.Core.Dtos.CatDto] GetCatById(System.Guid) on controller MeowBackend.API.Controllers.CatsController (MeowBackend.API).
2024-05-03 14:28:29.315 +03:00  INF [MeowBackend.DataLayer.Repositories.CatsRepository] идем в базу данных искать кота с id 3fa85f64-5717-4562-b3fc-2c963f66afa6
2024-05-03 14:28:43.926 +03:00  ERR [Microsoft.EntityFrameworkCore.Database.Command] Failed executing DbCommand (472ms) [Parameters=[@__id_0='?' (DbType = Guid)], CommandType='"Text"', CommandTimeout='30']
SELECT c.id, c.can_meow, c.cat_name, c.cat_type, c.count, c.email, c.owner_id, c.password
FROM cats AS c
WHERE c.id = @__id_0
LIMIT 1
2024-05-03 14:28:44.198 +03:00  ERR [Microsoft.EntityFrameworkCore.Query] An exception occurred while iterating over the results of a query for context type 'MeowBackend.DataLayer.MeowDBContext'.
Npgsql.PostgresException (0x80004005): 42703: column c.email does not exist

POSITION: 59
   at Npgsql.Internal.NpgsqlConnector.ReadMessageLong(Boolean async, DataRowLoadingMode dataRowLoadingMode, Boolean readingNotifications, Boolean isReadingPrependedMessage)
   at System.Runtime.CompilerServices.PoolingAsyncValueTaskMethodBuilder`1.StateMachineBox`1.System.Threading.Tasks.Sources.IValueTaskSource<TResult>.GetResult(Int16 token)
   at Npgsql.NpgsqlDataReader.NextResult(Boolean async, Boolean isConsuming, CancellationToken cancellationToken)
   at Npgsql.NpgsqlDataReader.NextResult(Boolean async, Boolean isConsuming, CancellationToken cancellationToken)
   at Npgsql.NpgsqlDataReader.NextResult()
   at Npgsql.NpgsqlCommand.ExecuteReader(Boolean async, CommandBehavior behavior, CancellationToken cancellationToken)
   at Npgsql.NpgsqlCommand.ExecuteReader(Boolean async, CommandBehavior behavior, CancellationToken cancellationToken)
   at Npgsql.NpgsqlCommand.ExecuteReader(CommandBehavior behavior)
   at Npgsql.NpgsqlCommand.ExecuteDbDataReader(CommandBehavior behavior)
   at Microsoft.EntityFrameworkCore.Storage.RelationalCommand.ExecuteReader(RelationalCommandParameterObject parameterObject)
   at Microsoft.EntityFrameworkCore.Query.Internal.SingleQueryingEnumerable`1.Enumerator.InitializeReader(Enumerator enumerator)
   at Microsoft.EntityFrameworkCore.Query.Internal.SingleQueryingEnumerable`1.Enumerator.<>c.<MoveNext>b__21_0(DbContext _, Enumerator enumerator)
   at Npgsql.EntityFrameworkCore.PostgreSQL.Storage.Internal.NpgsqlExecutionStrategy.Execute[TState,TResult](TState state, Func`3 operation, Func`3 verifySucceeded)
   at Microsoft.EntityFrameworkCore.Query.Internal.SingleQueryingEnumerable`1.Enumerator.MoveNext()
  Exception data:
    Severity: ERROR
    SqlState: 42703
    MessageText: column c.email does not exist
    Position: 59
    File: parse_relation.c
    Line: 3666
    Routine: errorMissingColumnNpgsql.PostgresException (0x80004005): 42703: column c.email does not exist

POSITION: 59
   at Npgsql.Internal.NpgsqlConnector.ReadMessageLong(Boolean async, DataRowLoadingMode dataRowLoadingMode, Boolean readingNotifications, Boolean isReadingPrependedMessage)
   at System.Runtime.CompilerServices.PoolingAsyncValueTaskMethodBuilder`1.StateMachineBox`1.System.Threading.Tasks.Sources.IValueTaskSource<TResult>.GetResult(Int16 token)
   at Npgsql.NpgsqlDataReader.NextResult(Boolean async, Boolean isConsuming, CancellationToken cancellationToken)
   at Npgsql.NpgsqlDataReader.NextResult(Boolean async, Boolean isConsuming, CancellationToken cancellationToken)
   at Npgsql.NpgsqlDataReader.NextResult()
   at Npgsql.NpgsqlCommand.ExecuteReader(Boolean async, CommandBehavior behavior, CancellationToken cancellationToken)
   at Npgsql.NpgsqlCommand.ExecuteReader(Boolean async, CommandBehavior behavior, CancellationToken cancellationToken)
   at Npgsql.NpgsqlCommand.ExecuteReader(CommandBehavior behavior)
   at Npgsql.NpgsqlCommand.ExecuteDbDataReader(CommandBehavior behavior)
   at Microsoft.EntityFrameworkCore.Storage.RelationalCommand.ExecuteReader(RelationalCommandParameterObject parameterObject)
   at Microsoft.EntityFrameworkCore.Query.Internal.SingleQueryingEnumerable`1.Enumerator.InitializeReader(Enumerator enumerator)
   at Microsoft.EntityFrameworkCore.Query.Internal.SingleQueryingEnumerable`1.Enumerator.<>c.<MoveNext>b__21_0(DbContext _, Enumerator enumerator)
   at Npgsql.EntityFrameworkCore.PostgreSQL.Storage.Internal.NpgsqlExecutionStrategy.Execute[TState,TResult](TState state, Func`3 operation, Func`3 verifySucceeded)
   at Microsoft.EntityFrameworkCore.Query.Internal.SingleQueryingEnumerable`1.Enumerator.MoveNext()
  Exception data:
    Severity: ERROR
    SqlState: 42703
    MessageText: column c.email does not exist
    Position: 59
    File: parse_relation.c
    Line: 3666
    Routine: errorMissingColumn

2024-05-03 14:30:53.222 +03:00  INF [] Running app
2024-05-03 14:30:53.456 +03:00  INF [Microsoft.AspNetCore.DataProtection.KeyManagement.XmlKeyManager] User profile is available. Using 'C:\Users\dns\AppData\Local\ASP.NET\DataProtection-Keys' as key repository and Windows DPAPI to encrypt keys at rest.
2024-05-03 14:30:54.291 +03:00  INF [Microsoft.Hosting.Lifetime] Now listening on: https://localhost:7106
2024-05-03 14:30:54.296 +03:00  INF [Microsoft.Hosting.Lifetime] Now listening on: http://localhost:5099
2024-05-03 14:30:54.305 +03:00  INF [Microsoft.Hosting.Lifetime] Application started. Press Ctrl+C to shut down.
2024-05-03 14:30:54.309 +03:00  INF [Microsoft.Hosting.Lifetime] Hosting environment: Development
2024-05-03 14:30:54.314 +03:00  INF [Microsoft.Hosting.Lifetime] Content root path: C:\Users\dns\Desktop\MiraculousBackend\MeowBackend\MeowBackend
2024-05-03 14:30:56.620 +03:00  INF [Microsoft.AspNetCore.Hosting.Diagnostics] Request starting HTTP/2 GET https://localhost:7106/swagger/index.html - null null
2024-05-03 14:30:57.224 +03:00  INF [Microsoft.AspNetCore.Hosting.Diagnostics] Request finished HTTP/2 GET https://localhost:7106/swagger/index.html - 200 null text/html;charset=utf-8 614.5044ms
2024-05-03 14:30:57.360 +03:00  INF [Microsoft.AspNetCore.Hosting.Diagnostics] Request starting HTTP/2 GET https://localhost:7106/_framework/aspnetcore-browser-refresh.js - null null
2024-05-03 14:30:57.360 +03:00  INF [Microsoft.AspNetCore.Hosting.Diagnostics] Request starting HTTP/2 GET https://localhost:7106/_vs/browserLink - null null
2024-05-03 14:30:57.396 +03:00  INF [Microsoft.AspNetCore.Hosting.Diagnostics] Request finished HTTP/2 GET https://localhost:7106/_framework/aspnetcore-browser-refresh.js - 200 13766 application/javascript; charset=utf-8 36.2733ms
2024-05-03 14:30:57.542 +03:00  INF [Microsoft.AspNetCore.Hosting.Diagnostics] Request finished HTTP/2 GET https://localhost:7106/_vs/browserLink - 200 null text/javascript; charset=UTF-8 181.4854ms
2024-05-03 14:30:57.627 +03:00  INF [Microsoft.AspNetCore.Hosting.Diagnostics] Request starting HTTP/2 GET https://localhost:7106/swagger/v1/swagger.json - null null
2024-05-03 14:30:57.932 +03:00  INF [Microsoft.AspNetCore.Hosting.Diagnostics] Request finished HTTP/2 GET https://localhost:7106/swagger/v1/swagger.json - 200 null application/json;charset=utf-8 305.8064ms
2024-05-03 14:31:19.846 +03:00  INF [Microsoft.AspNetCore.Hosting.Diagnostics] Request starting HTTP/2 POST https://localhost:7106/meow/pleasework - application/json 45
2024-05-03 14:31:20.036 +03:00  INF [Microsoft.AspNetCore.Routing.EndpointMiddleware] Executing endpoint 'MeowBackend.Controllers.MeowsController.LoginCat (MeowBackend.API)'
2024-05-03 14:31:20.100 +03:00  INF [Microsoft.AspNetCore.Mvc.Infrastructure.ControllerActionInvoker] Route matched with {action = "LoginCat", controller = "Meows"}. Executing controller action with signature Microsoft.AspNetCore.Mvc.ActionResult`1[MeowBackend.API.Models.Responses.AuthenticatedResponse] LoginCat(MeowBackend.API.Models.Requestes.CreateCatRequest) on controller MeowBackend.Controllers.MeowsController (MeowBackend.API).
2024-05-03 14:31:20.803 +03:00  INF [Microsoft.AspNetCore.Mvc.Infrastructure.ObjectResultExecutor] Executing OkObjectResult, writing value of type 'MeowBackend.API.Models.Responses.AuthenticatedResponse'.
2024-05-03 14:31:20.823 +03:00  INF [Microsoft.AspNetCore.Mvc.Infrastructure.ControllerActionInvoker] Executed action MeowBackend.Controllers.MeowsController.LoginCat (MeowBackend.API) in 702.4937ms
2024-05-03 14:31:20.830 +03:00  INF [Microsoft.AspNetCore.Routing.EndpointMiddleware] Executed endpoint 'MeowBackend.Controllers.MeowsController.LoginCat (MeowBackend.API)'
2024-05-03 14:31:20.840 +03:00  INF [Serilog.AspNetCore.RequestLoggingMiddleware] HTTP POST /meow/pleasework responded 200 in 964.2360 ms
2024-05-03 14:31:20.853 +03:00  INF [Microsoft.AspNetCore.Hosting.Diagnostics] Request finished HTTP/2 POST https://localhost:7106/meow/pleasework - 200 null application/json; charset=utf-8 1006.8646ms
2024-05-03 14:32:01.569 +03:00  INF [Microsoft.AspNetCore.Hosting.Diagnostics] Request starting HTTP/2 GET https://localhost:7106/api/cats/3fa85f64-5717-4562-b3fc-2c963f66afa6 - null null
2024-05-03 14:32:01.638 +03:00  INF [Microsoft.AspNetCore.Authorization.DefaultAuthorizationService] Authorization failed. These requirements were not met:
DenyAnonymousAuthorizationRequirement: Requires an authenticated user.
2024-05-03 14:32:01.667 +03:00  INF [Microsoft.AspNetCore.Authentication.JwtBearer.JwtBearerHandler] AuthenticationScheme: Bearer was challenged.
2024-05-03 14:32:01.676 +03:00  INF [Serilog.AspNetCore.RequestLoggingMiddleware] HTTP GET /api/cats/3fa85f64-5717-4562-b3fc-2c963f66afa6 responded 401 in 59.4418 ms
2024-05-03 14:32:01.691 +03:00  INF [Microsoft.AspNetCore.Hosting.Diagnostics] Request finished HTTP/2 GET https://localhost:7106/api/cats/3fa85f64-5717-4562-b3fc-2c963f66afa6 - 401 0 null 122.2411ms
2024-05-03 14:33:21.256 +03:00  INF [Microsoft.AspNetCore.Hosting.Diagnostics] Request starting HTTP/2 GET https://localhost:7106/api/cats/3fa85f64-5717-4562-b3fc-2c963f66afa6 - null null
2024-05-03 14:33:21.467 +03:00  INF [Microsoft.AspNetCore.Routing.EndpointMiddleware] Executing endpoint 'MeowBackend.API.Controllers.CatsController.GetCatById (MeowBackend.API)'
2024-05-03 14:33:21.559 +03:00  INF [Microsoft.AspNetCore.Mvc.Infrastructure.ControllerActionInvoker] Route matched with {action = "GetCatById", controller = "Cats"}. Executing controller action with signature Microsoft.AspNetCore.Mvc.ActionResult`1[MeowBackend.Core.Dtos.CatDto] GetCatById(System.Guid) on controller MeowBackend.API.Controllers.CatsController (MeowBackend.API).
2024-05-03 14:33:21.744 +03:00  INF [MeowBackend.DataLayer.Repositories.CatsRepository] идем в базу данных искать кота с id 3fa85f64-5717-4562-b3fc-2c963f66afa6
2024-05-03 14:33:26.598 +03:00  ERR [Microsoft.EntityFrameworkCore.Database.Command] Failed executing DbCommand (336ms) [Parameters=[@__id_0='?' (DbType = Guid)], CommandType='"Text"', CommandTimeout='30']
SELECT c.id, c.can_meow, c.cat_name, c.cat_type, c.count, c.email, c.owner_id, c.password
FROM cats AS c
WHERE c.id = @__id_0
LIMIT 1
2024-05-03 14:33:26.709 +03:00  ERR [Microsoft.EntityFrameworkCore.Query] An exception occurred while iterating over the results of a query for context type 'MeowBackend.DataLayer.MeowDBContext'.
Npgsql.PostgresException (0x80004005): 42703: column c.email does not exist

POSITION: 59
   at Npgsql.Internal.NpgsqlConnector.ReadMessageLong(Boolean async, DataRowLoadingMode dataRowLoadingMode, Boolean readingNotifications, Boolean isReadingPrependedMessage)
   at System.Runtime.CompilerServices.PoolingAsyncValueTaskMethodBuilder`1.StateMachineBox`1.System.Threading.Tasks.Sources.IValueTaskSource<TResult>.GetResult(Int16 token)
   at Npgsql.NpgsqlDataReader.NextResult(Boolean async, Boolean isConsuming, CancellationToken cancellationToken)
   at Npgsql.NpgsqlDataReader.NextResult(Boolean async, Boolean isConsuming, CancellationToken cancellationToken)
   at Npgsql.NpgsqlDataReader.NextResult()
   at Npgsql.NpgsqlCommand.ExecuteReader(Boolean async, CommandBehavior behavior, CancellationToken cancellationToken)
   at Npgsql.NpgsqlCommand.ExecuteReader(Boolean async, CommandBehavior behavior, CancellationToken cancellationToken)
   at Npgsql.NpgsqlCommand.ExecuteReader(CommandBehavior behavior)
   at Npgsql.NpgsqlCommand.ExecuteDbDataReader(CommandBehavior behavior)
   at Microsoft.EntityFrameworkCore.Storage.RelationalCommand.ExecuteReader(RelationalCommandParameterObject parameterObject)
   at Microsoft.EntityFrameworkCore.Query.Internal.SingleQueryingEnumerable`1.Enumerator.InitializeReader(Enumerator enumerator)
   at Microsoft.EntityFrameworkCore.Query.Internal.SingleQueryingEnumerable`1.Enumerator.<>c.<MoveNext>b__21_0(DbContext _, Enumerator enumerator)
   at Npgsql.EntityFrameworkCore.PostgreSQL.Storage.Internal.NpgsqlExecutionStrategy.Execute[TState,TResult](TState state, Func`3 operation, Func`3 verifySucceeded)
   at Microsoft.EntityFrameworkCore.Query.Internal.SingleQueryingEnumerable`1.Enumerator.MoveNext()
  Exception data:
    Severity: ERROR
    SqlState: 42703
    MessageText: column c.email does not exist
    Position: 59
    File: parse_relation.c
    Line: 3666
    Routine: errorMissingColumnNpgsql.PostgresException (0x80004005): 42703: column c.email does not exist

POSITION: 59
   at Npgsql.Internal.NpgsqlConnector.ReadMessageLong(Boolean async, DataRowLoadingMode dataRowLoadingMode, Boolean readingNotifications, Boolean isReadingPrependedMessage)
   at System.Runtime.CompilerServices.PoolingAsyncValueTaskMethodBuilder`1.StateMachineBox`1.System.Threading.Tasks.Sources.IValueTaskSource<TResult>.GetResult(Int16 token)
   at Npgsql.NpgsqlDataReader.NextResult(Boolean async, Boolean isConsuming, CancellationToken cancellationToken)
   at Npgsql.NpgsqlDataReader.NextResult(Boolean async, Boolean isConsuming, CancellationToken cancellationToken)
   at Npgsql.NpgsqlDataReader.NextResult()
   at Npgsql.NpgsqlCommand.ExecuteReader(Boolean async, CommandBehavior behavior, CancellationToken cancellationToken)
   at Npgsql.NpgsqlCommand.ExecuteReader(Boolean async, CommandBehavior behavior, CancellationToken cancellationToken)
   at Npgsql.NpgsqlCommand.ExecuteReader(CommandBehavior behavior)
   at Npgsql.NpgsqlCommand.ExecuteDbDataReader(CommandBehavior behavior)
   at Microsoft.EntityFrameworkCore.Storage.RelationalCommand.ExecuteReader(RelationalCommandParameterObject parameterObject)
   at Microsoft.EntityFrameworkCore.Query.Internal.SingleQueryingEnumerable`1.Enumerator.InitializeReader(Enumerator enumerator)
   at Microsoft.EntityFrameworkCore.Query.Internal.SingleQueryingEnumerable`1.Enumerator.<>c.<MoveNext>b__21_0(DbContext _, Enumerator enumerator)
   at Npgsql.EntityFrameworkCore.PostgreSQL.Storage.Internal.NpgsqlExecutionStrategy.Execute[TState,TResult](TState state, Func`3 operation, Func`3 verifySucceeded)
   at Microsoft.EntityFrameworkCore.Query.Internal.SingleQueryingEnumerable`1.Enumerator.MoveNext()
  Exception data:
    Severity: ERROR
    SqlState: 42703
    MessageText: column c.email does not exist
    Position: 59
    File: parse_relation.c
    Line: 3666
    Routine: errorMissingColumn

2024-05-03 14:34:34.385 +03:00  INF [] Running app
2024-05-03 14:34:35.507 +03:00  INF [Microsoft.AspNetCore.DataProtection.KeyManagement.XmlKeyManager] User profile is available. Using 'C:\Users\dns\AppData\Local\ASP.NET\DataProtection-Keys' as key repository and Windows DPAPI to encrypt keys at rest.
2024-05-03 14:34:36.168 +03:00  INF [Microsoft.Hosting.Lifetime] Now listening on: https://localhost:7106
2024-05-03 14:34:36.172 +03:00  INF [Microsoft.Hosting.Lifetime] Now listening on: http://localhost:5099
2024-05-03 14:34:36.177 +03:00  INF [Microsoft.Hosting.Lifetime] Application started. Press Ctrl+C to shut down.
2024-05-03 14:34:36.182 +03:00  INF [Microsoft.Hosting.Lifetime] Hosting environment: Development
2024-05-03 14:34:36.187 +03:00  INF [Microsoft.Hosting.Lifetime] Content root path: C:\Users\dns\Desktop\MiraculousBackend\MeowBackend\MeowBackend
2024-05-03 14:34:37.844 +03:00  INF [Microsoft.AspNetCore.Hosting.Diagnostics] Request starting HTTP/2 GET https://localhost:7106/swagger/index.html - null null
2024-05-03 14:34:38.461 +03:00  INF [Microsoft.AspNetCore.Hosting.Diagnostics] Request finished HTTP/2 GET https://localhost:7106/swagger/index.html - 200 null text/html;charset=utf-8 632.0173ms
2024-05-03 14:34:38.551 +03:00  INF [Microsoft.AspNetCore.Hosting.Diagnostics] Request starting HTTP/2 GET https://localhost:7106/_framework/aspnetcore-browser-refresh.js - null null
2024-05-03 14:34:38.551 +03:00  INF [Microsoft.AspNetCore.Hosting.Diagnostics] Request starting HTTP/2 GET https://localhost:7106/_vs/browserLink - null null
2024-05-03 14:34:38.589 +03:00  INF [Microsoft.AspNetCore.Hosting.Diagnostics] Request finished HTTP/2 GET https://localhost:7106/_framework/aspnetcore-browser-refresh.js - 200 13766 application/javascript; charset=utf-8 38.0977ms
2024-05-03 14:34:38.709 +03:00  INF [Microsoft.AspNetCore.Hosting.Diagnostics] Request finished HTTP/2 GET https://localhost:7106/_vs/browserLink - 200 null text/javascript; charset=UTF-8 158.2242ms
2024-05-03 14:34:38.805 +03:00  INF [Microsoft.AspNetCore.Hosting.Diagnostics] Request starting HTTP/2 GET https://localhost:7106/swagger/v1/swagger.json - null null
2024-05-03 14:34:39.142 +03:00  INF [Microsoft.AspNetCore.Hosting.Diagnostics] Request finished HTTP/2 GET https://localhost:7106/swagger/v1/swagger.json - 200 null application/json;charset=utf-8 337.247ms
2024-05-03 14:35:01.412 +03:00  INF [Microsoft.AspNetCore.Hosting.Diagnostics] Request starting HTTP/2 GET https://localhost:7106/api/cats/3fa85f64-5717-4562-b3fc-2c963f66afa6 - null null
2024-05-03 14:35:01.702 +03:00  INF [Microsoft.AspNetCore.Routing.EndpointMiddleware] Executing endpoint 'MeowBackend.API.Controllers.CatsController.GetCatById (MeowBackend.API)'
2024-05-03 14:35:01.768 +03:00  INF [Microsoft.AspNetCore.Mvc.Infrastructure.ControllerActionInvoker] Route matched with {action = "GetCatById", controller = "Cats"}. Executing controller action with signature Microsoft.AspNetCore.Mvc.ActionResult`1[MeowBackend.Core.Dtos.CatDto] GetCatById(System.Guid) on controller MeowBackend.API.Controllers.CatsController (MeowBackend.API).
2024-05-03 14:35:02.267 +03:00  INF [MeowBackend.DataLayer.Repositories.CatsRepository] идем в базу данных искать кота с id 3fa85f64-5717-4562-b3fc-2c963f66afa6
2024-05-03 14:35:06.162 +03:00  ERR [Microsoft.EntityFrameworkCore.Database.Command] Failed executing DbCommand (257ms) [Parameters=[@__id_0='?' (DbType = Guid)], CommandType='"Text"', CommandTimeout='30']
SELECT c.id, c.can_meow, c.cat_name, c.cat_type, c.count, c.owner_id, c.password
FROM cats AS c
WHERE c.id = @__id_0
LIMIT 1
2024-05-03 14:35:06.241 +03:00  ERR [Microsoft.EntityFrameworkCore.Query] An exception occurred while iterating over the results of a query for context type 'MeowBackend.DataLayer.MeowDBContext'.
Npgsql.PostgresException (0x80004005): 42703: column c.password does not exist

POSITION: 71
   at Npgsql.Internal.NpgsqlConnector.ReadMessageLong(Boolean async, DataRowLoadingMode dataRowLoadingMode, Boolean readingNotifications, Boolean isReadingPrependedMessage)
   at System.Runtime.CompilerServices.PoolingAsyncValueTaskMethodBuilder`1.StateMachineBox`1.System.Threading.Tasks.Sources.IValueTaskSource<TResult>.GetResult(Int16 token)
   at Npgsql.NpgsqlDataReader.NextResult(Boolean async, Boolean isConsuming, CancellationToken cancellationToken)
   at Npgsql.NpgsqlDataReader.NextResult(Boolean async, Boolean isConsuming, CancellationToken cancellationToken)
   at Npgsql.NpgsqlDataReader.NextResult()
   at Npgsql.NpgsqlCommand.ExecuteReader(Boolean async, CommandBehavior behavior, CancellationToken cancellationToken)
   at Npgsql.NpgsqlCommand.ExecuteReader(Boolean async, CommandBehavior behavior, CancellationToken cancellationToken)
   at Npgsql.NpgsqlCommand.ExecuteReader(CommandBehavior behavior)
   at Npgsql.NpgsqlCommand.ExecuteDbDataReader(CommandBehavior behavior)
   at Microsoft.EntityFrameworkCore.Storage.RelationalCommand.ExecuteReader(RelationalCommandParameterObject parameterObject)
   at Microsoft.EntityFrameworkCore.Query.Internal.SingleQueryingEnumerable`1.Enumerator.InitializeReader(Enumerator enumerator)
   at Microsoft.EntityFrameworkCore.Query.Internal.SingleQueryingEnumerable`1.Enumerator.<>c.<MoveNext>b__21_0(DbContext _, Enumerator enumerator)
   at Npgsql.EntityFrameworkCore.PostgreSQL.Storage.Internal.NpgsqlExecutionStrategy.Execute[TState,TResult](TState state, Func`3 operation, Func`3 verifySucceeded)
   at Microsoft.EntityFrameworkCore.Query.Internal.SingleQueryingEnumerable`1.Enumerator.MoveNext()
  Exception data:
    Severity: ERROR
    SqlState: 42703
    MessageText: column c.password does not exist
    Position: 71
    File: parse_relation.c
    Line: 3666
    Routine: errorMissingColumnNpgsql.PostgresException (0x80004005): 42703: column c.password does not exist

POSITION: 71
   at Npgsql.Internal.NpgsqlConnector.ReadMessageLong(Boolean async, DataRowLoadingMode dataRowLoadingMode, Boolean readingNotifications, Boolean isReadingPrependedMessage)
   at System.Runtime.CompilerServices.PoolingAsyncValueTaskMethodBuilder`1.StateMachineBox`1.System.Threading.Tasks.Sources.IValueTaskSource<TResult>.GetResult(Int16 token)
   at Npgsql.NpgsqlDataReader.NextResult(Boolean async, Boolean isConsuming, CancellationToken cancellationToken)
   at Npgsql.NpgsqlDataReader.NextResult(Boolean async, Boolean isConsuming, CancellationToken cancellationToken)
   at Npgsql.NpgsqlDataReader.NextResult()
   at Npgsql.NpgsqlCommand.ExecuteReader(Boolean async, CommandBehavior behavior, CancellationToken cancellationToken)
   at Npgsql.NpgsqlCommand.ExecuteReader(Boolean async, CommandBehavior behavior, CancellationToken cancellationToken)
   at Npgsql.NpgsqlCommand.ExecuteReader(CommandBehavior behavior)
   at Npgsql.NpgsqlCommand.ExecuteDbDataReader(CommandBehavior behavior)
   at Microsoft.EntityFrameworkCore.Storage.RelationalCommand.ExecuteReader(RelationalCommandParameterObject parameterObject)
   at Microsoft.EntityFrameworkCore.Query.Internal.SingleQueryingEnumerable`1.Enumerator.InitializeReader(Enumerator enumerator)
   at Microsoft.EntityFrameworkCore.Query.Internal.SingleQueryingEnumerable`1.Enumerator.<>c.<MoveNext>b__21_0(DbContext _, Enumerator enumerator)
   at Npgsql.EntityFrameworkCore.PostgreSQL.Storage.Internal.NpgsqlExecutionStrategy.Execute[TState,TResult](TState state, Func`3 operation, Func`3 verifySucceeded)
   at Microsoft.EntityFrameworkCore.Query.Internal.SingleQueryingEnumerable`1.Enumerator.MoveNext()
  Exception data:
    Severity: ERROR
    SqlState: 42703
    MessageText: column c.password does not exist
    Position: 71
    File: parse_relation.c
    Line: 3666
    Routine: errorMissingColumn

2024-05-03 14:38:20.822 +03:00  FTL [] The host was aborted.
2024-05-03 14:38:48.581 +03:00  FTL [] The host was aborted.
2024-05-03 14:39:31.246 +03:00  FTL [] The host was aborted.
2024-05-03 14:39:53.579 +03:00  INF [] Running app
2024-05-03 14:39:53.841 +03:00  INF [Microsoft.AspNetCore.DataProtection.KeyManagement.XmlKeyManager] User profile is available. Using 'C:\Users\dns\AppData\Local\ASP.NET\DataProtection-Keys' as key repository and Windows DPAPI to encrypt keys at rest.
2024-05-03 14:39:54.183 +03:00  INF [Microsoft.Hosting.Lifetime] Now listening on: https://localhost:7106
2024-05-03 14:39:54.187 +03:00  INF [Microsoft.Hosting.Lifetime] Now listening on: http://localhost:5099
2024-05-03 14:39:54.191 +03:00  INF [Microsoft.Hosting.Lifetime] Application started. Press Ctrl+C to shut down.
2024-05-03 14:39:54.193 +03:00  INF [Microsoft.Hosting.Lifetime] Hosting environment: Development
2024-05-03 14:39:54.195 +03:00  INF [Microsoft.Hosting.Lifetime] Content root path: C:\Users\dns\Desktop\MiraculousBackend\MeowBackend\MeowBackend
2024-05-03 14:39:56.924 +03:00  INF [Microsoft.AspNetCore.Hosting.Diagnostics] Request starting HTTP/2 GET https://localhost:7106/swagger/index.html - null null
2024-05-03 14:39:57.498 +03:00  INF [Microsoft.AspNetCore.Hosting.Diagnostics] Request finished HTTP/2 GET https://localhost:7106/swagger/index.html - 200 null text/html;charset=utf-8 581.0009ms
2024-05-03 14:39:57.639 +03:00  INF [Microsoft.AspNetCore.Hosting.Diagnostics] Request starting HTTP/2 GET https://localhost:7106/_vs/browserLink - null null
2024-05-03 14:39:57.639 +03:00  INF [Microsoft.AspNetCore.Hosting.Diagnostics] Request starting HTTP/2 GET https://localhost:7106/_framework/aspnetcore-browser-refresh.js - null null
2024-05-03 14:39:57.718 +03:00  INF [Microsoft.AspNetCore.Hosting.Diagnostics] Request finished HTTP/2 GET https://localhost:7106/_framework/aspnetcore-browser-refresh.js - 200 13766 application/javascript; charset=utf-8 79.5287ms
2024-05-03 14:39:57.800 +03:00  INF [Microsoft.AspNetCore.Hosting.Diagnostics] Request finished HTTP/2 GET https://localhost:7106/_vs/browserLink - 200 null text/javascript; charset=UTF-8 161.4707ms
2024-05-03 14:39:57.878 +03:00  INF [Microsoft.AspNetCore.Hosting.Diagnostics] Request starting HTTP/2 GET https://localhost:7106/swagger/v1/swagger.json - null null
2024-05-03 14:39:58.204 +03:00  INF [Microsoft.AspNetCore.Hosting.Diagnostics] Request finished HTTP/2 GET https://localhost:7106/swagger/v1/swagger.json - 200 null application/json;charset=utf-8 326.6091ms
2024-05-03 14:41:34.582 +03:00  INF [Microsoft.AspNetCore.Hosting.Diagnostics] Request starting HTTP/2 GET https://localhost:7106/api/cats/3fa85f64-5717-4562-b3fc-2c963f66afa6 - null null
2024-05-03 14:41:34.899 +03:00  INF [Microsoft.AspNetCore.Routing.EndpointMiddleware] Executing endpoint 'MeowBackend.API.Controllers.CatsController.GetCatById (MeowBackend.API)'
2024-05-03 14:41:34.962 +03:00  INF [Microsoft.AspNetCore.Mvc.Infrastructure.ControllerActionInvoker] Route matched with {action = "GetCatById", controller = "Cats"}. Executing controller action with signature Microsoft.AspNetCore.Mvc.ActionResult`1[MeowBackend.Core.Dtos.CatDto] GetCatById(System.Guid) on controller MeowBackend.API.Controllers.CatsController (MeowBackend.API).
2024-05-03 14:41:35.500 +03:00  INF [MeowBackend.DataLayer.Repositories.CatsRepository] идем в базу данных искать кота с id 3fa85f64-5717-4562-b3fc-2c963f66afa6
2024-05-03 14:41:40.952 +03:00  INF [Microsoft.EntityFrameworkCore.Database.Command] Executed DbCommand (222ms) [Parameters=[@__id_0='?' (DbType = Guid)], CommandType='"Text"', CommandTimeout='30']
SELECT c.id, c.can_meow, c.cat_name, c.cat_type, c.count, c.email, c.owner_id, c.password
FROM cats AS c
WHERE c.id = @__id_0
LIMIT 1
2024-05-03 14:41:40.997 +03:00  INF [Microsoft.AspNetCore.Mvc.Infrastructure.ObjectResultExecutor] Executing OkObjectResult, writing value of type 'null'.
2024-05-03 14:41:41.010 +03:00  INF [Microsoft.AspNetCore.Mvc.Infrastructure.ControllerActionInvoker] Executed action MeowBackend.API.Controllers.CatsController.GetCatById (MeowBackend.API) in 6020.3743ms
2024-05-03 14:41:41.019 +03:00  INF [Microsoft.AspNetCore.Routing.EndpointMiddleware] Executed endpoint 'MeowBackend.API.Controllers.CatsController.GetCatById (MeowBackend.API)'
2024-05-03 14:41:41.031 +03:00  INF [Serilog.AspNetCore.RequestLoggingMiddleware] HTTP GET /api/cats/3fa85f64-5717-4562-b3fc-2c963f66afa6 responded 204 in 6424.3747 ms
2024-05-03 14:41:41.062 +03:00  INF [Microsoft.AspNetCore.Hosting.Diagnostics] Request finished HTTP/2 GET https://localhost:7106/api/cats/3fa85f64-5717-4562-b3fc-2c963f66afa6 - 204 null null 6480.7506ms
2024-05-03 15:38:12.697 +03:00  INF [] Running app
2024-05-03 15:38:12.926 +03:00  INF [Microsoft.AspNetCore.DataProtection.KeyManagement.XmlKeyManager] User profile is available. Using 'C:\Users\dns\AppData\Local\ASP.NET\DataProtection-Keys' as key repository and Windows DPAPI to encrypt keys at rest.
2024-05-03 15:38:13.544 +03:00  INF [Microsoft.Hosting.Lifetime] Now listening on: https://localhost:7106
2024-05-03 15:38:13.548 +03:00  INF [Microsoft.Hosting.Lifetime] Now listening on: http://localhost:5099
2024-05-03 15:38:13.555 +03:00  INF [Microsoft.Hosting.Lifetime] Application started. Press Ctrl+C to shut down.
2024-05-03 15:38:13.558 +03:00  INF [Microsoft.Hosting.Lifetime] Hosting environment: Development
2024-05-03 15:38:13.562 +03:00  INF [Microsoft.Hosting.Lifetime] Content root path: C:\Users\dns\Desktop\MiraculousBackend\MeowBackend\MeowBackend
2024-05-03 15:38:17.169 +03:00  INF [Microsoft.AspNetCore.Hosting.Diagnostics] Request starting HTTP/2 GET https://localhost:7106/swagger/index.html - null null
2024-05-03 15:38:18.332 +03:00  INF [Microsoft.AspNetCore.Hosting.Diagnostics] Request finished HTTP/2 GET https://localhost:7106/swagger/index.html - 200 null text/html;charset=utf-8 1178.5133ms
2024-05-03 15:38:18.478 +03:00  INF [Microsoft.AspNetCore.Hosting.Diagnostics] Request starting HTTP/2 GET https://localhost:7106/_framework/aspnetcore-browser-refresh.js - null null
2024-05-03 15:38:18.479 +03:00  INF [Microsoft.AspNetCore.Hosting.Diagnostics] Request starting HTTP/2 GET https://localhost:7106/_vs/browserLink - null null
2024-05-03 15:38:18.539 +03:00  INF [Microsoft.AspNetCore.Hosting.Diagnostics] Request finished HTTP/2 GET https://localhost:7106/_framework/aspnetcore-browser-refresh.js - 200 13766 application/javascript; charset=utf-8 61.9925ms
2024-05-03 15:38:18.690 +03:00  INF [Microsoft.AspNetCore.Hosting.Diagnostics] Request finished HTTP/2 GET https://localhost:7106/_vs/browserLink - 200 null text/javascript; charset=UTF-8 213.1925ms
2024-05-03 15:38:20.801 +03:00  INF [Microsoft.AspNetCore.Hosting.Diagnostics] Request starting HTTP/2 GET https://localhost:7106/swagger/v1/swagger.json - null null
2024-05-03 15:38:21.097 +03:00  INF [Microsoft.AspNetCore.Hosting.Diagnostics] Request finished HTTP/2 GET https://localhost:7106/swagger/v1/swagger.json - 200 null application/json;charset=utf-8 306.9069ms
2024-05-03 15:39:09.451 +03:00  INF [Microsoft.AspNetCore.Hosting.Diagnostics] Request starting HTTP/2 POST https://localhost:7106/api/cats - application/json 43
2024-05-03 15:39:09.804 +03:00  INF [Microsoft.AspNetCore.Routing.EndpointMiddleware] Executing endpoint 'MeowBackend.API.Controllers.CatsController.CreateCat (MeowBackend.API)'
2024-05-03 15:39:09.896 +03:00  INF [Microsoft.AspNetCore.Mvc.Infrastructure.ControllerActionInvoker] Route matched with {action = "CreateCat", controller = "Cats"}. Executing controller action with signature Microsoft.AspNetCore.Mvc.ActionResult`1[System.Guid] CreateCat(MeowBackend.API.Models.Requestes.CreateCatRequest) on controller MeowBackend.API.Controllers.CatsController (MeowBackend.API).
2024-05-03 15:39:10.451 +03:00  INF [MeowBackend.API.Controllers.CatsController] добавляем кота: asd, qwe
2024-05-03 15:39:14.946 +03:00  ERR [Microsoft.EntityFrameworkCore.Database.Command] Failed executing DbCommand (341ms) [Parameters=[@p0='?' (DbType = Guid), @p1='?' (DbType = Boolean), @p2='?', @p3='?' (DbType = Int32), @p4='?' (DbType = Int32), @p5='?', @p6='?' (DbType = Guid), @p7='?'], CommandType='"Text"', CommandTimeout='30']
INSERT INTO cats (id, can_meow, cat_name, cat_type, count, email, owner_id, password)
VALUES (@p0, @p1, @p2, @p3, @p4, @p5, @p6, @p7);
2024-05-03 15:39:15.028 +03:00  ERR [Microsoft.EntityFrameworkCore.Update] An exception occurred in the database while saving changes for context type 'MeowBackend.DataLayer.MeowDBContext'.
Microsoft.EntityFrameworkCore.DbUpdateException: An error occurred while saving the entity changes. See the inner exception for details.
 ---> Npgsql.PostgresException (0x80004005): 23502: null value in column "email" of relation "cats" violates not-null constraint

DETAIL: Detail redacted as it may contain sensitive data. Specify 'Include Error Detail' in the connection string to include this information.
   at Npgsql.Internal.NpgsqlConnector.ReadMessageLong(Boolean async, DataRowLoadingMode dataRowLoadingMode, Boolean readingNotifications, Boolean isReadingPrependedMessage)
   at System.Runtime.CompilerServices.PoolingAsyncValueTaskMethodBuilder`1.StateMachineBox`1.System.Threading.Tasks.Sources.IValueTaskSource<TResult>.GetResult(Int16 token)
   at Npgsql.NpgsqlDataReader.NextResult(Boolean async, Boolean isConsuming, CancellationToken cancellationToken)
   at Npgsql.NpgsqlDataReader.NextResult(Boolean async, Boolean isConsuming, CancellationToken cancellationToken)
   at Npgsql.NpgsqlDataReader.NextResult()
   at Npgsql.NpgsqlCommand.ExecuteReader(Boolean async, CommandBehavior behavior, CancellationToken cancellationToken)
   at Npgsql.NpgsqlCommand.ExecuteReader(Boolean async, CommandBehavior behavior, CancellationToken cancellationToken)
   at Npgsql.NpgsqlCommand.ExecuteReader(CommandBehavior behavior)
   at Npgsql.NpgsqlCommand.ExecuteDbDataReader(CommandBehavior behavior)
   at Microsoft.EntityFrameworkCore.Storage.RelationalCommand.ExecuteReader(RelationalCommandParameterObject parameterObject)
   at Microsoft.EntityFrameworkCore.Update.ReaderModificationCommandBatch.Execute(IRelationalConnection connection)
  Exception data:
    Severity: ERROR
    SqlState: 23502
    MessageText: null value in column "email" of relation "cats" violates not-null constraint
    Detail: Detail redacted as it may contain sensitive data. Specify 'Include Error Detail' in the connection string to include this information.
    SchemaName: public
    TableName: cats
    ColumnName: email
    File: execmain.c
    Line: 1974
    Routine: ExecConstraints
   --- End of inner exception stack trace ---
   at Microsoft.EntityFrameworkCore.Update.ReaderModificationCommandBatch.Execute(IRelationalConnection connection)
   at Microsoft.EntityFrameworkCore.Update.Internal.BatchExecutor.Execute(IEnumerable`1 commandBatches, IRelationalConnection connection)
   at Microsoft.EntityFrameworkCore.Storage.RelationalDatabase.SaveChanges(IList`1 entries)
   at Microsoft.EntityFrameworkCore.ChangeTracking.Internal.StateManager.SaveChanges(IList`1 entriesToSave)
   at Microsoft.EntityFrameworkCore.ChangeTracking.Internal.StateManager.SaveChanges(StateManager stateManager, Boolean acceptAllChangesOnSuccess)
   at Microsoft.EntityFrameworkCore.ChangeTracking.Internal.StateManager.<>c.<SaveChanges>b__112_0(DbContext _, ValueTuple`2 t)
   at Npgsql.EntityFrameworkCore.PostgreSQL.Storage.Internal.NpgsqlExecutionStrategy.Execute[TState,TResult](TState state, Func`3 operation, Func`3 verifySucceeded)
   at Microsoft.EntityFrameworkCore.ChangeTracking.Internal.StateManager.SaveChanges(Boolean acceptAllChangesOnSuccess)
   at Microsoft.EntityFrameworkCore.DbContext.SaveChanges(Boolean acceptAllChangesOnSuccess)Microsoft.EntityFrameworkCore.DbUpdateException: An error occurred while saving the entity changes. See the inner exception for details.
 ---> Npgsql.PostgresException (0x80004005): 23502: null value in column "email" of relation "cats" violates not-null constraint

DETAIL: Detail redacted as it may contain sensitive data. Specify 'Include Error Detail' in the connection string to include this information.
   at Npgsql.Internal.NpgsqlConnector.ReadMessageLong(Boolean async, DataRowLoadingMode dataRowLoadingMode, Boolean readingNotifications, Boolean isReadingPrependedMessage)
   at System.Runtime.CompilerServices.PoolingAsyncValueTaskMethodBuilder`1.StateMachineBox`1.System.Threading.Tasks.Sources.IValueTaskSource<TResult>.GetResult(Int16 token)
   at Npgsql.NpgsqlDataReader.NextResult(Boolean async, Boolean isConsuming, CancellationToken cancellationToken)
   at Npgsql.NpgsqlDataReader.NextResult(Boolean async, Boolean isConsuming, CancellationToken cancellationToken)
   at Npgsql.NpgsqlDataReader.NextResult()
   at Npgsql.NpgsqlCommand.ExecuteReader(Boolean async, CommandBehavior behavior, CancellationToken cancellationToken)
   at Npgsql.NpgsqlCommand.ExecuteReader(Boolean async, CommandBehavior behavior, CancellationToken cancellationToken)
   at Npgsql.NpgsqlCommand.ExecuteReader(CommandBehavior behavior)
   at Npgsql.NpgsqlCommand.ExecuteDbDataReader(CommandBehavior behavior)
   at Microsoft.EntityFrameworkCore.Storage.RelationalCommand.ExecuteReader(RelationalCommandParameterObject parameterObject)
   at Microsoft.EntityFrameworkCore.Update.ReaderModificationCommandBatch.Execute(IRelationalConnection connection)
  Exception data:
    Severity: ERROR
    SqlState: 23502
    MessageText: null value in column "email" of relation "cats" violates not-null constraint
    Detail: Detail redacted as it may contain sensitive data. Specify 'Include Error Detail' in the connection string to include this information.
    SchemaName: public
    TableName: cats
    ColumnName: email
    File: execmain.c
    Line: 1974
    Routine: ExecConstraints
   --- End of inner exception stack trace ---
   at Microsoft.EntityFrameworkCore.Update.ReaderModificationCommandBatch.Execute(IRelationalConnection connection)
   at Microsoft.EntityFrameworkCore.Update.Internal.BatchExecutor.Execute(IEnumerable`1 commandBatches, IRelationalConnection connection)
   at Microsoft.EntityFrameworkCore.Storage.RelationalDatabase.SaveChanges(IList`1 entries)
   at Microsoft.EntityFrameworkCore.ChangeTracking.Internal.StateManager.SaveChanges(IList`1 entriesToSave)
   at Microsoft.EntityFrameworkCore.ChangeTracking.Internal.StateManager.SaveChanges(StateManager stateManager, Boolean acceptAllChangesOnSuccess)
   at Microsoft.EntityFrameworkCore.ChangeTracking.Internal.StateManager.<>c.<SaveChanges>b__112_0(DbContext _, ValueTuple`2 t)
   at Npgsql.EntityFrameworkCore.PostgreSQL.Storage.Internal.NpgsqlExecutionStrategy.Execute[TState,TResult](TState state, Func`3 operation, Func`3 verifySucceeded)
   at Microsoft.EntityFrameworkCore.ChangeTracking.Internal.StateManager.SaveChanges(Boolean acceptAllChangesOnSuccess)
   at Microsoft.EntityFrameworkCore.DbContext.SaveChanges(Boolean acceptAllChangesOnSuccess)

2024-05-03 15:53:34.370 +03:00  INF [] Running app
2024-05-03 15:53:34.560 +03:00  INF [Microsoft.AspNetCore.DataProtection.KeyManagement.XmlKeyManager] User profile is available. Using 'C:\Users\dns\AppData\Local\ASP.NET\DataProtection-Keys' as key repository and Windows DPAPI to encrypt keys at rest.
2024-05-03 15:53:35.097 +03:00  INF [Microsoft.Hosting.Lifetime] Now listening on: https://localhost:7106
2024-05-03 15:53:35.101 +03:00  INF [Microsoft.Hosting.Lifetime] Now listening on: http://localhost:5099
2024-05-03 15:53:35.108 +03:00  INF [Microsoft.Hosting.Lifetime] Application started. Press Ctrl+C to shut down.
2024-05-03 15:53:35.110 +03:00  INF [Microsoft.Hosting.Lifetime] Hosting environment: Development
2024-05-03 15:53:35.111 +03:00  INF [Microsoft.Hosting.Lifetime] Content root path: C:\Users\dns\Desktop\MiraculousBackend\MeowBackend\MeowBackend
2024-05-03 15:53:37.539 +03:00  INF [Microsoft.AspNetCore.Hosting.Diagnostics] Request starting HTTP/2 GET https://localhost:7106/swagger/index.html - null null
2024-05-03 15:53:38.215 +03:00  INF [Microsoft.AspNetCore.Hosting.Diagnostics] Request finished HTTP/2 GET https://localhost:7106/swagger/index.html - 200 null text/html;charset=utf-8 693.4863ms
2024-05-03 15:53:38.351 +03:00  INF [Microsoft.AspNetCore.Hosting.Diagnostics] Request starting HTTP/2 GET https://localhost:7106/_framework/aspnetcore-browser-refresh.js - null null
2024-05-03 15:53:38.351 +03:00  INF [Microsoft.AspNetCore.Hosting.Diagnostics] Request starting HTTP/2 GET https://localhost:7106/_vs/browserLink - null null
2024-05-03 15:53:38.396 +03:00  INF [Microsoft.AspNetCore.Hosting.Diagnostics] Request finished HTTP/2 GET https://localhost:7106/_framework/aspnetcore-browser-refresh.js - 200 13766 application/javascript; charset=utf-8 45.7582ms
2024-05-03 15:53:38.554 +03:00  INF [Microsoft.AspNetCore.Hosting.Diagnostics] Request finished HTTP/2 GET https://localhost:7106/_vs/browserLink - 200 null text/javascript; charset=UTF-8 203.374ms
2024-05-03 15:53:38.657 +03:00  INF [Microsoft.AspNetCore.Hosting.Diagnostics] Request starting HTTP/2 GET https://localhost:7106/swagger/v1/swagger.json - null null
2024-05-03 15:53:38.929 +03:00  INF [Microsoft.AspNetCore.Hosting.Diagnostics] Request finished HTTP/2 GET https://localhost:7106/swagger/v1/swagger.json - 200 null application/json;charset=utf-8 273.3287ms
2024-05-03 15:56:04.180 +03:00  INF [Microsoft.AspNetCore.Hosting.Diagnostics] Request starting HTTP/2 POST https://localhost:7106/api/cats - application/json 486
2024-05-03 15:56:04.407 +03:00  INF [Microsoft.AspNetCore.Authorization.DefaultAuthorizationService] Authorization failed. These requirements were not met:
DenyAnonymousAuthorizationRequirement: Requires an authenticated user.
2024-05-03 15:56:04.419 +03:00  INF [Microsoft.AspNetCore.Authentication.JwtBearer.JwtBearerHandler] AuthenticationScheme: Bearer was challenged.
2024-05-03 15:56:04.431 +03:00  INF [Serilog.AspNetCore.RequestLoggingMiddleware] HTTP POST /api/cats responded 401 in 224.4774 ms
2024-05-03 15:56:04.439 +03:00  INF [Microsoft.AspNetCore.Hosting.Diagnostics] Request finished HTTP/2 POST https://localhost:7106/api/cats - 401 0 null 259.268ms
2024-05-03 15:58:21.661 +03:00  FTL [] The host was aborted.
2024-05-03 15:58:51.838 +03:00  FTL [] The host was aborted.
2024-05-03 15:59:45.505 +03:00  INF [] Running app
2024-05-03 15:59:45.722 +03:00  INF [Microsoft.AspNetCore.DataProtection.KeyManagement.XmlKeyManager] User profile is available. Using 'C:\Users\dns\AppData\Local\ASP.NET\DataProtection-Keys' as key repository and Windows DPAPI to encrypt keys at rest.
2024-05-03 15:59:46.335 +03:00  INF [Microsoft.Hosting.Lifetime] Now listening on: https://localhost:7106
2024-05-03 15:59:46.339 +03:00  INF [Microsoft.Hosting.Lifetime] Now listening on: http://localhost:5099
2024-05-03 15:59:46.348 +03:00  INF [Microsoft.Hosting.Lifetime] Application started. Press Ctrl+C to shut down.
2024-05-03 15:59:46.354 +03:00  INF [Microsoft.Hosting.Lifetime] Hosting environment: Development
2024-05-03 15:59:46.358 +03:00  INF [Microsoft.Hosting.Lifetime] Content root path: C:\Users\dns\Desktop\MiraculousBackend\MeowBackend\MeowBackend
2024-05-03 15:59:47.750 +03:00  INF [Microsoft.AspNetCore.Hosting.Diagnostics] Request starting HTTP/2 GET https://localhost:7106/swagger/index.html - null null
2024-05-03 15:59:48.462 +03:00  INF [Microsoft.AspNetCore.Hosting.Diagnostics] Request finished HTTP/2 GET https://localhost:7106/swagger/index.html - 200 null text/html;charset=utf-8 725.1888ms
2024-05-03 15:59:48.570 +03:00  INF [Microsoft.AspNetCore.Hosting.Diagnostics] Request starting HTTP/2 GET https://localhost:7106/_framework/aspnetcore-browser-refresh.js - null null
2024-05-03 15:59:48.596 +03:00  INF [Microsoft.AspNetCore.Hosting.Diagnostics] Request starting HTTP/2 GET https://localhost:7106/_vs/browserLink - null null
2024-05-03 15:59:48.661 +03:00  INF [Microsoft.AspNetCore.Hosting.Diagnostics] Request finished HTTP/2 GET https://localhost:7106/_framework/aspnetcore-browser-refresh.js - 200 13766 application/javascript; charset=utf-8 90.8141ms
2024-05-03 15:59:48.773 +03:00  INF [Microsoft.AspNetCore.Hosting.Diagnostics] Request finished HTTP/2 GET https://localhost:7106/_vs/browserLink - 200 null text/javascript; charset=UTF-8 177.3141ms
2024-05-03 15:59:48.924 +03:00  INF [Microsoft.AspNetCore.Hosting.Diagnostics] Request starting HTTP/2 GET https://localhost:7106/swagger/v1/swagger.json - null null
2024-05-03 15:59:49.255 +03:00  INF [Microsoft.AspNetCore.Hosting.Diagnostics] Request finished HTTP/2 GET https://localhost:7106/swagger/v1/swagger.json - 200 null application/json;charset=utf-8 332.2073ms
2024-05-03 16:00:12.192 +03:00  INF [Microsoft.AspNetCore.Hosting.Diagnostics] Request starting HTTP/2 POST https://localhost:7106/api/cats - application/json 103
2024-05-03 16:00:12.430 +03:00  INF [Microsoft.AspNetCore.Authorization.DefaultAuthorizationService] Authorization failed. These requirements were not met:
DenyAnonymousAuthorizationRequirement: Requires an authenticated user.
2024-05-03 16:00:12.444 +03:00  INF [Microsoft.AspNetCore.Authentication.JwtBearer.JwtBearerHandler] AuthenticationScheme: Bearer was challenged.
2024-05-03 16:00:12.455 +03:00  INF [Serilog.AspNetCore.RequestLoggingMiddleware] HTTP POST /api/cats responded 401 in 211.4982 ms
2024-05-03 16:00:12.463 +03:00  INF [Microsoft.AspNetCore.Hosting.Diagnostics] Request finished HTTP/2 POST https://localhost:7106/api/cats - 401 0 null 271.8417ms
2024-05-03 16:37:51.251 +03:00  FTL [] Some services are not able to be constructed (Error while validating the service descriptor 'ServiceType: MeowBackend.Business.Services.ICatsService Lifetime: Scoped ImplementationType: MeowBackend.Business.Services.CatsService': Unable to resolve service for type 'AutoMapper.IMapper' while attempting to activate 'MeowBackend.Business.Services.CatsService'.)
2024-05-03 16:38:43.432 +03:00  FTL [] Some services are not able to be constructed (Error while validating the service descriptor 'ServiceType: MeowBackend.Business.Services.ICatsService Lifetime: Scoped ImplementationType: MeowBackend.Business.Services.CatsService': Unable to resolve service for type 'AutoMapper.IMapper' while attempting to activate 'MeowBackend.Business.Services.CatsService'.)
2024-05-03 16:41:38.630 +03:00  FTL [] Some services are not able to be constructed (Error while validating the service descriptor 'ServiceType: MeowBackend.Business.Services.ICatsService Lifetime: Scoped ImplementationType: MeowBackend.Business.Services.CatsService': Unable to resolve service for type 'AutoMapper.IMapper' while attempting to activate 'MeowBackend.Business.Services.CatsService'.)
2024-05-03 16:42:07.552 +03:00  FTL [] Some services are not able to be constructed (Error while validating the service descriptor 'ServiceType: MeowBackend.Business.Services.ICatsService Lifetime: Scoped ImplementationType: MeowBackend.Business.Services.CatsService': Unable to resolve service for type 'AutoMapper.IMapper' while attempting to activate 'MeowBackend.Business.Services.CatsService'.)
