2024-05-10 12:28:31.346 +03:00  INF [] Running app
2024-05-10 12:28:31.975 +03:00  INF [Microsoft.AspNetCore.DataProtection.KeyManagement.XmlKeyManager] User profile is available. Using 'C:\Users\dns\AppData\Local\ASP.NET\DataProtection-Keys' as key repository and Windows DPAPI to encrypt keys at rest.
2024-05-10 12:28:33.230 +03:00  INF [Microsoft.Hosting.Lifetime] Now listening on: https://localhost:7106
2024-05-10 12:28:33.233 +03:00  INF [Microsoft.Hosting.Lifetime] Now listening on: http://localhost:5099
2024-05-10 12:28:33.238 +03:00  INF [Microsoft.Hosting.Lifetime] Application started. Press Ctrl+C to shut down.
2024-05-10 12:28:33.240 +03:00  INF [Microsoft.Hosting.Lifetime] Hosting environment: Development
2024-05-10 12:28:33.243 +03:00  INF [Microsoft.Hosting.Lifetime] Content root path: C:\Users\dns\Desktop\MiraculousBackend\MeowBackend\MeowBackend
2024-05-10 12:28:42.097 +03:00  INF [Microsoft.AspNetCore.Hosting.Diagnostics] Request starting HTTP/2 GET https://localhost:7106/swagger/index.html - null null
2024-05-10 12:28:42.633 +03:00  INF [Microsoft.AspNetCore.Hosting.Diagnostics] Request finished HTTP/2 GET https://localhost:7106/swagger/index.html - 200 null text/html;charset=utf-8 542.3411ms
2024-05-10 12:28:42.667 +03:00  INF [Microsoft.AspNetCore.Hosting.Diagnostics] Request starting HTTP/2 GET https://localhost:7106/_framework/aspnetcore-browser-refresh.js - null null
2024-05-10 12:28:42.687 +03:00  INF [Microsoft.AspNetCore.Hosting.Diagnostics] Request finished HTTP/2 GET https://localhost:7106/_framework/aspnetcore-browser-refresh.js - 200 13766 application/javascript; charset=utf-8 20.8599ms
2024-05-10 12:28:42.709 +03:00  INF [Microsoft.AspNetCore.Hosting.Diagnostics] Request starting HTTP/2 GET https://localhost:7106/_vs/browserLink - null null
2024-05-10 12:28:42.875 +03:00  INF [Microsoft.AspNetCore.Hosting.Diagnostics] Request finished HTTP/2 GET https://localhost:7106/_vs/browserLink - 200 null text/javascript; charset=UTF-8 166.031ms
2024-05-10 12:28:42.974 +03:00  INF [Microsoft.AspNetCore.Hosting.Diagnostics] Request starting HTTP/2 GET https://localhost:7106/swagger/v1/swagger.json - null null
2024-05-10 12:28:43.029 +03:00  INF [Microsoft.AspNetCore.Hosting.Diagnostics] Request starting HTTP/2 GET https://localhost:7106/swagger/favicon-32x32.png - null null
2024-05-10 12:28:43.081 +03:00  INF [Microsoft.AspNetCore.StaticFiles.StaticFileMiddleware] Sending file. Request path: '/favicon-32x32.png'. Physical path: 'N/A'
2024-05-10 12:28:43.085 +03:00  INF [Microsoft.AspNetCore.Hosting.Diagnostics] Request finished HTTP/2 GET https://localhost:7106/swagger/favicon-32x32.png - 200 628 image/png 57.7892ms
2024-05-10 12:28:43.269 +03:00  INF [Microsoft.AspNetCore.Hosting.Diagnostics] Request finished HTTP/2 GET https://localhost:7106/swagger/v1/swagger.json - 200 null application/json;charset=utf-8 295.5513ms
2024-05-10 12:28:52.061 +03:00  INF [Microsoft.AspNetCore.Hosting.Diagnostics] Request starting HTTP/2 GET https://localhost:7106/api/cats - null null
2024-05-10 12:28:52.287 +03:00  INF [Microsoft.AspNetCore.Authorization.DefaultAuthorizationService] Authorization failed. These requirements were not met:
DenyAnonymousAuthorizationRequirement: Requires an authenticated user.
2024-05-10 12:28:52.297 +03:00  INF [Microsoft.AspNetCore.Authentication.JwtBearer.JwtBearerHandler] AuthenticationScheme: Bearer was challenged.
2024-05-10 12:28:52.307 +03:00  INF [Serilog.AspNetCore.RequestLoggingMiddleware] HTTP GET /api/cats responded 401 in 210.2405 ms
2024-05-10 12:28:52.311 +03:00  INF [Microsoft.AspNetCore.Hosting.Diagnostics] Request finished HTTP/2 GET https://localhost:7106/api/cats - 401 0 null 250.8254ms
2024-05-10 12:29:05.562 +03:00  INF [Microsoft.AspNetCore.Hosting.Diagnostics] Request starting HTTP/2 POST https://localhost:7106/api/cats/login - application/json 23
2024-05-10 12:29:05.618 +03:00  INF [Microsoft.AspNetCore.Routing.EndpointMiddleware] Executing endpoint 'MeowBackend.API.Controllers.CatsController.LoginCat (MeowBackend.API)'
2024-05-10 12:29:05.685 +03:00  INF [Microsoft.AspNetCore.Mvc.Infrastructure.ControllerActionInvoker] Route matched with {action = "LoginCat", controller = "Cats"}. Executing controller action with signature Microsoft.AspNetCore.Mvc.ActionResult`1[MeowBackend.Core.Models.Responses.AuthenticatedResponse] LoginCat(MeowBackend.Core.Models.Requestes.LoginCatRequest) on controller MeowBackend.API.Controllers.CatsController (MeowBackend.API).
2024-05-10 12:29:06.761 +03:00  INF [Microsoft.AspNetCore.Mvc.Infrastructure.ObjectResultExecutor] Executing OkObjectResult, writing value of type 'MeowBackend.Core.Models.Responses.AuthenticatedResponse'.
2024-05-10 12:29:06.776 +03:00  INF [Microsoft.AspNetCore.Mvc.Infrastructure.ControllerActionInvoker] Executed action MeowBackend.API.Controllers.CatsController.LoginCat (MeowBackend.API) in 1077.6063ms
2024-05-10 12:29:06.779 +03:00  INF [Microsoft.AspNetCore.Routing.EndpointMiddleware] Executed endpoint 'MeowBackend.API.Controllers.CatsController.LoginCat (MeowBackend.API)'
2024-05-10 12:29:06.783 +03:00  INF [Serilog.AspNetCore.RequestLoggingMiddleware] HTTP POST /api/cats/login responded 200 in 1178.0738 ms
2024-05-10 12:29:06.791 +03:00  INF [Microsoft.AspNetCore.Hosting.Diagnostics] Request finished HTTP/2 POST https://localhost:7106/api/cats/login - 200 null application/json; charset=utf-8 1231.3526ms
2024-05-10 12:29:23.805 +03:00  INF [Microsoft.AspNetCore.Hosting.Diagnostics] Request starting HTTP/2 GET https://localhost:7106/api/cats - null null
2024-05-10 12:29:23.935 +03:00  INF [Microsoft.AspNetCore.Routing.EndpointMiddleware] Executing endpoint 'MeowBackend.API.Controllers.CatsController.GetCats (MeowBackend.API)'
2024-05-10 12:29:23.941 +03:00  INF [Microsoft.AspNetCore.Mvc.Infrastructure.ControllerActionInvoker] Route matched with {action = "GetCats", controller = "Cats"}. Executing controller action with signature Microsoft.AspNetCore.Mvc.ActionResult`1[System.Collections.Generic.List`1[MeowBackend.Core.Dtos.CatDto]] GetCats() on controller MeowBackend.API.Controllers.CatsController (MeowBackend.API).
2024-05-10 12:29:23.958 +03:00  INF [MeowBackend.API.Controllers.CatsController] получаем всех котов
2024-05-10 12:29:23.962 +03:00  INF [MeowBackend.Business.Services.CatsService] GetCats - CatsService
2024-05-10 12:29:26.571 +03:00  INF [Microsoft.EntityFrameworkCore.Database.Command] Executed DbCommand (59ms) [Parameters=[], CommandType='"Text"', CommandTimeout='30']
SELECT c.id, c.can_meow, c.cat_name, c.cat_type, c.owner_id
FROM cats AS c
2024-05-10 12:29:26.822 +03:00  INF [Microsoft.AspNetCore.Mvc.Infrastructure.ObjectResultExecutor] Executing OkObjectResult, writing value of type 'System.Collections.Generic.List`1[[MeowBackend.Core.Models.Responses.CatResponse, MeowBackend.Core, Version=1.0.0.0, Culture=neutral, PublicKeyToken=null]]'.
2024-05-10 12:29:26.840 +03:00  INF [Microsoft.AspNetCore.Mvc.Infrastructure.ControllerActionInvoker] Executed action MeowBackend.API.Controllers.CatsController.GetCats (MeowBackend.API) in 2893.7822ms
2024-05-10 12:29:26.844 +03:00  INF [Microsoft.AspNetCore.Routing.EndpointMiddleware] Executed endpoint 'MeowBackend.API.Controllers.CatsController.GetCats (MeowBackend.API)'
2024-05-10 12:29:26.847 +03:00  INF [Serilog.AspNetCore.RequestLoggingMiddleware] HTTP GET /api/cats responded 200 in 2986.9514 ms
2024-05-10 12:29:26.865 +03:00  INF [Microsoft.AspNetCore.Hosting.Diagnostics] Request finished HTTP/2 GET https://localhost:7106/api/cats - 200 null application/json; charset=utf-8 3059.8584ms
2024-05-10 12:29:41.113 +03:00  INF [Microsoft.AspNetCore.Hosting.Diagnostics] Request starting HTTP/2 GET https://localhost:7106/api/persons - null null
2024-05-10 12:29:41.130 +03:00  INF [Microsoft.AspNetCore.Routing.EndpointMiddleware] Executing endpoint 'MeowBackend.Controllers.Persons.GetPersons (MeowBackend.API)'
2024-05-10 12:29:41.135 +03:00  INF [Microsoft.AspNetCore.Mvc.Infrastructure.ControllerActionInvoker] Route matched with {action = "GetPersons", controller = "Persons"}. Executing controller action with signature Microsoft.AspNetCore.Mvc.ActionResult`1[System.Collections.Generic.List`1[MeowBackend.Core.Dtos.PersonDto]] GetPersons() on controller MeowBackend.Controllers.Persons (MeowBackend.API).
2024-05-10 12:29:41.174 +03:00  INF [MeowBackend.API.Controllers.CatsController] получаем всех людей
2024-05-10 12:29:41.179 +03:00  INF [MeowBackend.Business.Services.CatsService] GetCats - CatsService
2024-05-10 12:29:41.255 +03:00  INF [Microsoft.EntityFrameworkCore.Database.Command] Executed DbCommand (18ms) [Parameters=[], CommandType='"Text"', CommandTimeout='30']
SELECT p.id, p.can_have_cat, p.email, p.name, p.password_hash, p.password_salt
FROM persons AS p
2024-05-10 12:29:41.331 +03:00  INF [Microsoft.AspNetCore.Mvc.Infrastructure.ObjectResultExecutor] Executing OkObjectResult, writing value of type 'System.Collections.Generic.List`1[[MeowBackend.Core.Models.Responses.PersonResponse, MeowBackend.Core, Version=1.0.0.0, Culture=neutral, PublicKeyToken=null]]'.
2024-05-10 12:29:41.344 +03:00  INF [Microsoft.AspNetCore.Mvc.Infrastructure.ControllerActionInvoker] Executed action MeowBackend.Controllers.Persons.GetPersons (MeowBackend.API) in 202.584ms
2024-05-10 12:29:41.352 +03:00  INF [Microsoft.AspNetCore.Routing.EndpointMiddleware] Executed endpoint 'MeowBackend.Controllers.Persons.GetPersons (MeowBackend.API)'
2024-05-10 12:29:41.360 +03:00  INF [Serilog.AspNetCore.RequestLoggingMiddleware] HTTP GET /api/persons responded 200 in 231.3744 ms
2024-05-10 12:29:41.367 +03:00  INF [Microsoft.AspNetCore.Hosting.Diagnostics] Request finished HTTP/2 GET https://localhost:7106/api/persons - 200 null application/json; charset=utf-8 254.5946ms
2024-05-10 12:34:46.496 +03:00  INF [] Running app
2024-05-10 12:34:46.798 +03:00  INF [Microsoft.AspNetCore.DataProtection.KeyManagement.XmlKeyManager] User profile is available. Using 'C:\Users\dns\AppData\Local\ASP.NET\DataProtection-Keys' as key repository and Windows DPAPI to encrypt keys at rest.
2024-05-10 12:34:47.517 +03:00  INF [Microsoft.Hosting.Lifetime] Now listening on: https://localhost:7106
2024-05-10 12:34:47.520 +03:00  INF [Microsoft.Hosting.Lifetime] Now listening on: http://localhost:5099
2024-05-10 12:34:47.525 +03:00  INF [Microsoft.Hosting.Lifetime] Application started. Press Ctrl+C to shut down.
2024-05-10 12:34:47.528 +03:00  INF [Microsoft.Hosting.Lifetime] Hosting environment: Development
2024-05-10 12:34:47.530 +03:00  INF [Microsoft.Hosting.Lifetime] Content root path: C:\Users\dns\Desktop\MiraculousBackend\MeowBackend\MeowBackend
2024-05-10 12:34:54.111 +03:00  INF [Microsoft.AspNetCore.Hosting.Diagnostics] Request starting HTTP/2 GET https://localhost:7106/swagger/index.html - null null
2024-05-10 12:34:54.643 +03:00  INF [Microsoft.AspNetCore.Hosting.Diagnostics] Request finished HTTP/2 GET https://localhost:7106/swagger/index.html - 200 null text/html;charset=utf-8 543.2298ms
2024-05-10 12:34:54.737 +03:00  INF [Microsoft.AspNetCore.Hosting.Diagnostics] Request starting HTTP/2 GET https://localhost:7106/_framework/aspnetcore-browser-refresh.js - null null
2024-05-10 12:34:54.737 +03:00  INF [Microsoft.AspNetCore.Hosting.Diagnostics] Request starting HTTP/2 GET https://localhost:7106/_vs/browserLink - null null
2024-05-10 12:34:54.761 +03:00  INF [Microsoft.AspNetCore.Hosting.Diagnostics] Request finished HTTP/2 GET https://localhost:7106/_framework/aspnetcore-browser-refresh.js - 200 13766 application/javascript; charset=utf-8 24.3221ms
2024-05-10 12:34:54.878 +03:00  INF [Microsoft.AspNetCore.Hosting.Diagnostics] Request finished HTTP/2 GET https://localhost:7106/_vs/browserLink - 200 null text/javascript; charset=UTF-8 141.2018ms
2024-05-10 12:34:54.977 +03:00  INF [Microsoft.AspNetCore.Hosting.Diagnostics] Request starting HTTP/2 GET https://localhost:7106/swagger/v1/swagger.json - null null
2024-05-10 12:34:55.299 +03:00  INF [Microsoft.AspNetCore.Hosting.Diagnostics] Request finished HTTP/2 GET https://localhost:7106/swagger/v1/swagger.json - 200 null application/json;charset=utf-8 321.9918ms
2024-05-10 12:35:15.890 +03:00  INF [Microsoft.AspNetCore.Hosting.Diagnostics] Request starting HTTP/2 POST https://localhost:7106/api/persons/login - application/json 45
2024-05-10 12:35:16.107 +03:00  INF [Microsoft.AspNetCore.Routing.EndpointMiddleware] Executing endpoint 'MeowBackend.Controllers.Persons.LoginCat (MeowBackend.API)'
2024-05-10 12:35:16.163 +03:00  INF [Microsoft.AspNetCore.Mvc.Infrastructure.ControllerActionInvoker] Route matched with {action = "LoginCat", controller = "Persons"}. Executing controller action with signature Microsoft.AspNetCore.Mvc.ActionResult`1[MeowBackend.Core.Models.Responses.AuthenticatedResponse] LoginCat(MeowBackend.Core.Models.Requestes.LoginPersonRequest) on controller MeowBackend.Controllers.Persons (MeowBackend.API).
2024-05-10 12:35:16.989 +03:00  INF [Microsoft.AspNetCore.Mvc.Infrastructure.ObjectResultExecutor] Executing OkObjectResult, writing value of type 'MeowBackend.Core.Models.Responses.AuthenticatedResponse'.
2024-05-10 12:35:17.004 +03:00  INF [Microsoft.AspNetCore.Mvc.Infrastructure.ControllerActionInvoker] Executed action MeowBackend.Controllers.Persons.LoginCat (MeowBackend.API) in 822.821ms
2024-05-10 12:35:17.008 +03:00  INF [Microsoft.AspNetCore.Routing.EndpointMiddleware] Executed endpoint 'MeowBackend.Controllers.Persons.LoginCat (MeowBackend.API)'
2024-05-10 12:35:17.014 +03:00  INF [Serilog.AspNetCore.RequestLoggingMiddleware] HTTP POST /api/persons/login responded 200 in 1074.1234 ms
2024-05-10 12:35:17.023 +03:00  INF [Microsoft.AspNetCore.Hosting.Diagnostics] Request finished HTTP/2 POST https://localhost:7106/api/persons/login - 200 null application/json; charset=utf-8 1133.4368ms
2024-05-10 12:35:38.010 +03:00  INF [Microsoft.AspNetCore.Hosting.Diagnostics] Request starting HTTP/2 GET https://localhost:7106/api/persons - null null
2024-05-10 12:35:38.106 +03:00  INF [Microsoft.AspNetCore.Routing.EndpointMiddleware] Executing endpoint 'MeowBackend.Controllers.Persons.GetPersons (MeowBackend.API)'
2024-05-10 12:35:38.112 +03:00  INF [Microsoft.AspNetCore.Mvc.Infrastructure.ControllerActionInvoker] Route matched with {action = "GetPersons", controller = "Persons"}. Executing controller action with signature Microsoft.AspNetCore.Mvc.ActionResult`1[System.Collections.Generic.List`1[MeowBackend.Core.Models.Responses.PersonResponse]] GetPersons() on controller MeowBackend.Controllers.Persons (MeowBackend.API).
2024-05-10 12:35:38.134 +03:00  INF [MeowBackend.API.Controllers.CatsController] получаем всех людей
2024-05-10 12:35:38.136 +03:00  INF [MeowBackend.Business.Services.CatsService] GetCats - CatsService
2024-05-10 12:35:40.709 +03:00  INF [Microsoft.EntityFrameworkCore.Database.Command] Executed DbCommand (46ms) [Parameters=[], CommandType='"Text"', CommandTimeout='30']
SELECT p.id, p.can_have_cat, p.email, p.name, p.password_hash, p.password_salt
FROM persons AS p
2024-05-10 12:35:40.929 +03:00  INF [Microsoft.AspNetCore.Mvc.Infrastructure.ObjectResultExecutor] Executing OkObjectResult, writing value of type 'System.Collections.Generic.List`1[[MeowBackend.Core.Models.Responses.PersonResponse, MeowBackend.Core, Version=1.0.0.0, Culture=neutral, PublicKeyToken=null]]'.
2024-05-10 12:35:40.941 +03:00  INF [Microsoft.AspNetCore.Mvc.Infrastructure.ControllerActionInvoker] Executed action MeowBackend.Controllers.Persons.GetPersons (MeowBackend.API) in 2823.1467ms
2024-05-10 12:35:40.944 +03:00  INF [Microsoft.AspNetCore.Routing.EndpointMiddleware] Executed endpoint 'MeowBackend.Controllers.Persons.GetPersons (MeowBackend.API)'
2024-05-10 12:35:40.945 +03:00  INF [Serilog.AspNetCore.RequestLoggingMiddleware] HTTP GET /api/persons responded 200 in 2922.4247 ms
2024-05-10 12:35:40.967 +03:00  INF [Microsoft.AspNetCore.Hosting.Diagnostics] Request finished HTTP/2 GET https://localhost:7106/api/persons - 200 null application/json; charset=utf-8 2959.6793ms
2024-05-10 12:36:03.343 +03:00  INF [Microsoft.AspNetCore.Hosting.Diagnostics] Request starting HTTP/2 GET https://localhost:7106/api/cats - null null
2024-05-10 12:36:03.396 +03:00  INF [Microsoft.AspNetCore.Routing.EndpointMiddleware] Executing endpoint 'MeowBackend.API.Controllers.CatsController.GetCats (MeowBackend.API)'
2024-05-10 12:36:03.413 +03:00  INF [Microsoft.AspNetCore.Mvc.Infrastructure.ControllerActionInvoker] Route matched with {action = "GetCats", controller = "Cats"}. Executing controller action with signature Microsoft.AspNetCore.Mvc.ActionResult`1[System.Collections.Generic.List`1[MeowBackend.Core.Dtos.CatDto]] GetCats() on controller MeowBackend.API.Controllers.CatsController (MeowBackend.API).
2024-05-10 12:36:03.433 +03:00  INF [MeowBackend.API.Controllers.CatsController] получаем всех котов
2024-05-10 12:36:03.435 +03:00  INF [MeowBackend.Business.Services.CatsService] GetCats - CatsService
2024-05-10 12:36:03.488 +03:00  INF [Microsoft.EntityFrameworkCore.Database.Command] Executed DbCommand (10ms) [Parameters=[], CommandType='"Text"', CommandTimeout='30']
SELECT c.id, c.can_meow, c.cat_name, c.cat_type, c.owner_id
FROM cats AS c
2024-05-10 12:36:03.539 +03:00  INF [Microsoft.AspNetCore.Mvc.Infrastructure.ObjectResultExecutor] Executing OkObjectResult, writing value of type 'System.Collections.Generic.List`1[[MeowBackend.Core.Models.Responses.CatResponse, MeowBackend.Core, Version=1.0.0.0, Culture=neutral, PublicKeyToken=null]]'.
2024-05-10 12:36:03.550 +03:00  INF [Microsoft.AspNetCore.Mvc.Infrastructure.ControllerActionInvoker] Executed action MeowBackend.API.Controllers.CatsController.GetCats (MeowBackend.API) in 123.4341ms
2024-05-10 12:36:03.555 +03:00  INF [Microsoft.AspNetCore.Routing.EndpointMiddleware] Executed endpoint 'MeowBackend.API.Controllers.CatsController.GetCats (MeowBackend.API)'
2024-05-10 12:36:03.559 +03:00  INF [Serilog.AspNetCore.RequestLoggingMiddleware] HTTP GET /api/cats responded 200 in 169.7009 ms
2024-05-10 12:36:03.564 +03:00  INF [Microsoft.AspNetCore.Hosting.Diagnostics] Request finished HTTP/2 GET https://localhost:7106/api/cats - 200 null application/json; charset=utf-8 221.1926ms
2024-05-10 12:36:35.545 +03:00  INF [Microsoft.AspNetCore.Hosting.Diagnostics] Request starting HTTP/2 POST https://localhost:7106/api/cats?personId=6e573629-3461-47e7-a3cd-9715dee98cf1 - application/json 60
2024-05-10 12:36:35.570 +03:00  INF [Microsoft.AspNetCore.Routing.EndpointMiddleware] Executing endpoint 'MeowBackend.API.Controllers.CatsController.CreateCatForPerson (MeowBackend.API)'
2024-05-10 12:36:35.605 +03:00  INF [Microsoft.AspNetCore.Mvc.Infrastructure.ControllerActionInvoker] Route matched with {action = "CreateCatForPerson", controller = "Cats"}. Executing controller action with signature Microsoft.AspNetCore.Mvc.ActionResult`1[System.Guid] CreateCatForPerson(MeowBackend.Core.Models.Requestes.CreateCatRequest, System.Guid) on controller MeowBackend.API.Controllers.CatsController (MeowBackend.API).
2024-05-10 12:36:35.685 +03:00  INF [MeowBackend.API.Controllers.CatsController] добавляем кота: кот
2024-05-10 12:36:36.093 +03:00  INF [Microsoft.EntityFrameworkCore.Database.Command] Executed DbCommand (35ms) [Parameters=[@__id_0='?' (DbType = Guid)], CommandType='"Text"', CommandTimeout='30']
SELECT p.id, p.can_have_cat, p.email, p.name, p.password_hash, p.password_salt
FROM persons AS p
WHERE p.id = @__id_0
LIMIT 1
2024-05-10 12:36:36.450 +03:00  INF [Microsoft.EntityFrameworkCore.Database.Command] Executed DbCommand (27ms) [Parameters=[@p0='?' (DbType = Guid), @p1='?' (DbType = Boolean), @p2='?', @p3='?' (DbType = Int32), @p4='?' (DbType = Guid)], CommandType='"Text"', CommandTimeout='30']
INSERT INTO cats (id, can_meow, cat_name, cat_type, owner_id)
VALUES (@p0, @p1, @p2, @p3, @p4);
2024-05-10 12:36:36.475 +03:00  INF [MeowBackend.DataLayer.Repositories.CatsRepository] Успешно. Возвращаем Id КОТА по имени кот
2024-05-10 12:36:36.479 +03:00  INF [Microsoft.AspNetCore.Mvc.Infrastructure.ObjectResultExecutor] Executing OkObjectResult, writing value of type 'System.Guid'.
2024-05-10 12:36:36.488 +03:00  INF [Microsoft.AspNetCore.Mvc.Infrastructure.ControllerActionInvoker] Executed action MeowBackend.API.Controllers.CatsController.CreateCatForPerson (MeowBackend.API) in 842.9798ms
2024-05-10 12:36:36.495 +03:00  INF [Microsoft.AspNetCore.Routing.EndpointMiddleware] Executed endpoint 'MeowBackend.API.Controllers.CatsController.CreateCatForPerson (MeowBackend.API)'
2024-05-10 12:36:36.497 +03:00  INF [Serilog.AspNetCore.RequestLoggingMiddleware] HTTP POST /api/cats responded 200 in 928.1690 ms
2024-05-10 12:36:36.504 +03:00  INF [Microsoft.AspNetCore.Hosting.Diagnostics] Request finished HTTP/2 POST https://localhost:7106/api/cats?personId=6e573629-3461-47e7-a3cd-9715dee98cf1 - 200 null application/json; charset=utf-8 958.8409ms
2024-05-10 12:36:45.042 +03:00  INF [Microsoft.AspNetCore.Hosting.Diagnostics] Request starting HTTP/2 GET https://localhost:7106/api/cats - null null
2024-05-10 12:36:45.096 +03:00  INF [Microsoft.AspNetCore.Routing.EndpointMiddleware] Executing endpoint 'MeowBackend.API.Controllers.CatsController.GetCats (MeowBackend.API)'
2024-05-10 12:36:45.119 +03:00  INF [Microsoft.AspNetCore.Mvc.Infrastructure.ControllerActionInvoker] Route matched with {action = "GetCats", controller = "Cats"}. Executing controller action with signature Microsoft.AspNetCore.Mvc.ActionResult`1[System.Collections.Generic.List`1[MeowBackend.Core.Dtos.CatDto]] GetCats() on controller MeowBackend.API.Controllers.CatsController (MeowBackend.API).
2024-05-10 12:36:45.151 +03:00  INF [MeowBackend.API.Controllers.CatsController] получаем всех котов
2024-05-10 12:36:45.153 +03:00  INF [MeowBackend.Business.Services.CatsService] GetCats - CatsService
2024-05-10 12:36:45.170 +03:00  INF [Microsoft.EntityFrameworkCore.Database.Command] Executed DbCommand (11ms) [Parameters=[], CommandType='"Text"', CommandTimeout='30']
SELECT c.id, c.can_meow, c.cat_name, c.cat_type, c.owner_id
FROM cats AS c
2024-05-10 12:36:45.181 +03:00  INF [Microsoft.AspNetCore.Mvc.Infrastructure.ObjectResultExecutor] Executing OkObjectResult, writing value of type 'System.Collections.Generic.List`1[[MeowBackend.Core.Models.Responses.CatResponse, MeowBackend.Core, Version=1.0.0.0, Culture=neutral, PublicKeyToken=null]]'.
2024-05-10 12:36:45.187 +03:00  INF [Microsoft.AspNetCore.Mvc.Infrastructure.ControllerActionInvoker] Executed action MeowBackend.API.Controllers.CatsController.GetCats (MeowBackend.API) in 35.8866ms
2024-05-10 12:36:45.191 +03:00  INF [Microsoft.AspNetCore.Routing.EndpointMiddleware] Executed endpoint 'MeowBackend.API.Controllers.CatsController.GetCats (MeowBackend.API)'
2024-05-10 12:36:45.193 +03:00  INF [Serilog.AspNetCore.RequestLoggingMiddleware] HTTP GET /api/cats responded 200 in 97.5958 ms
2024-05-10 12:36:45.197 +03:00  INF [Microsoft.AspNetCore.Hosting.Diagnostics] Request finished HTTP/2 GET https://localhost:7106/api/cats - 200 null application/json; charset=utf-8 155.2061ms
2024-05-10 12:37:31.829 +03:00  INF [Microsoft.AspNetCore.Hosting.Diagnostics] Request starting HTTP/2 GET https://localhost:7106/api/cats/5e81c51b-2ea3-42fb-98ee-ee5c3123c679 - null null
2024-05-10 12:37:31.864 +03:00  INF [Microsoft.AspNetCore.Routing.EndpointMiddleware] Executing endpoint 'MeowBackend.API.Controllers.CatsController.GetCatById (MeowBackend.API)'
2024-05-10 12:37:31.892 +03:00  INF [Microsoft.AspNetCore.Mvc.Infrastructure.ControllerActionInvoker] Route matched with {action = "GetCatById", controller = "Cats"}. Executing controller action with signature Microsoft.AspNetCore.Mvc.ActionResult`1[MeowBackend.Core.Dtos.CatDto] GetCatById(System.Guid) on controller MeowBackend.API.Controllers.CatsController (MeowBackend.API).
2024-05-10 12:37:31.912 +03:00  INF [MeowBackend.Business.Services.CatsService] GetCatById - CatsService
2024-05-10 12:37:31.915 +03:00  INF [MeowBackend.DataLayer.Repositories.CatsRepository] идем в базу данных искать кота с id 5e81c51b-2ea3-42fb-98ee-ee5c3123c679
2024-05-10 12:37:31.945 +03:00  INF [Microsoft.EntityFrameworkCore.Database.Command] Executed DbCommand (10ms) [Parameters=[@__id_0='?' (DbType = Guid)], CommandType='"Text"', CommandTimeout='30']
SELECT c.id, c.can_meow, c.cat_name, c.cat_type, c.owner_id
FROM cats AS c
WHERE c.id = @__id_0
LIMIT 1
2024-05-10 12:37:31.957 +03:00  INF [Microsoft.AspNetCore.Mvc.Infrastructure.ObjectResultExecutor] Executing OkObjectResult, writing value of type 'MeowBackend.Core.Models.Responses.CatResponse'.
2024-05-10 12:37:31.962 +03:00  INF [Microsoft.AspNetCore.Mvc.Infrastructure.ControllerActionInvoker] Executed action MeowBackend.API.Controllers.CatsController.GetCatById (MeowBackend.API) in 53.5938ms
2024-05-10 12:37:31.967 +03:00  INF [Microsoft.AspNetCore.Routing.EndpointMiddleware] Executed endpoint 'MeowBackend.API.Controllers.CatsController.GetCatById (MeowBackend.API)'
2024-05-10 12:37:31.971 +03:00  INF [Serilog.AspNetCore.RequestLoggingMiddleware] HTTP GET /api/cats/5e81c51b-2ea3-42fb-98ee-ee5c3123c679 responded 200 in 107.1765 ms
2024-05-10 12:37:31.976 +03:00  INF [Microsoft.AspNetCore.Hosting.Diagnostics] Request finished HTTP/2 GET https://localhost:7106/api/cats/5e81c51b-2ea3-42fb-98ee-ee5c3123c679 - 200 null application/json; charset=utf-8 147.538ms
2024-05-10 12:38:45.387 +03:00  INF [Microsoft.AspNetCore.Hosting.Diagnostics] Request starting HTTP/2 POST https://localhost:7106/api/persons - application/json 105
2024-05-10 12:38:45.429 +03:00  INF [Microsoft.AspNetCore.Routing.EndpointMiddleware] Executing endpoint 'MeowBackend.Controllers.Persons.CreatePerson (MeowBackend.API)'
2024-05-10 12:38:45.457 +03:00  INF [Microsoft.AspNetCore.Mvc.Infrastructure.ControllerActionInvoker] Route matched with {action = "CreatePerson", controller = "Persons"}. Executing controller action with signature Microsoft.AspNetCore.Mvc.ActionResult`1[System.Guid] CreatePerson(MeowBackend.Core.Models.Requestes.CreatePersonRequest) on controller MeowBackend.Controllers.Persons (MeowBackend.API).
2024-05-10 12:38:45.477 +03:00  INF [MeowBackend.API.Controllers.CatsController] добавляем человека: алина
2024-05-10 12:38:45.521 +03:00  INF [Microsoft.EntityFrameworkCore.Database.Command] Executed DbCommand (13ms) [Parameters=[@p0='?' (DbType = Guid), @p1='?' (DbType = Boolean), @p2='?', @p3='?', @p4='?', @p5='?'], CommandType='"Text"', CommandTimeout='30']
INSERT INTO persons (id, can_have_cat, email, name, password_hash, password_salt)
VALUES (@p0, @p1, @p2, @p3, @p4, @p5);
2024-05-10 12:38:45.525 +03:00  INF [Microsoft.AspNetCore.Mvc.Infrastructure.ObjectResultExecutor] Executing OkObjectResult, writing value of type 'System.Guid'.
2024-05-10 12:38:45.527 +03:00  INF [Microsoft.AspNetCore.Mvc.Infrastructure.ControllerActionInvoker] Executed action MeowBackend.Controllers.Persons.CreatePerson (MeowBackend.API) in 59.4591ms
2024-05-10 12:38:45.529 +03:00  INF [Microsoft.AspNetCore.Routing.EndpointMiddleware] Executed endpoint 'MeowBackend.Controllers.Persons.CreatePerson (MeowBackend.API)'
2024-05-10 12:38:45.531 +03:00  INF [Serilog.AspNetCore.RequestLoggingMiddleware] HTTP POST /api/persons responded 200 in 103.1594 ms
2024-05-10 12:38:45.534 +03:00  INF [Microsoft.AspNetCore.Hosting.Diagnostics] Request finished HTTP/2 POST https://localhost:7106/api/persons - 200 null application/json; charset=utf-8 146.5839ms
2024-05-10 12:39:00.268 +03:00  INF [Microsoft.AspNetCore.Hosting.Diagnostics] Request starting HTTP/2 GET https://localhost:7106/api/persons - null null
2024-05-10 12:39:00.276 +03:00  INF [Microsoft.AspNetCore.Routing.EndpointMiddleware] Executing endpoint 'MeowBackend.Controllers.Persons.GetPersons (MeowBackend.API)'
2024-05-10 12:39:00.305 +03:00  INF [Microsoft.AspNetCore.Mvc.Infrastructure.ControllerActionInvoker] Route matched with {action = "GetPersons", controller = "Persons"}. Executing controller action with signature Microsoft.AspNetCore.Mvc.ActionResult`1[System.Collections.Generic.List`1[MeowBackend.Core.Models.Responses.PersonResponse]] GetPersons() on controller MeowBackend.Controllers.Persons (MeowBackend.API).
2024-05-10 12:39:00.323 +03:00  INF [MeowBackend.API.Controllers.CatsController] получаем всех людей
2024-05-10 12:39:00.324 +03:00  INF [MeowBackend.Business.Services.CatsService] GetCats - CatsService
2024-05-10 12:39:00.340 +03:00  INF [Microsoft.EntityFrameworkCore.Database.Command] Executed DbCommand (14ms) [Parameters=[], CommandType='"Text"', CommandTimeout='30']
SELECT p.id, p.can_have_cat, p.email, p.name, p.password_hash, p.password_salt
FROM persons AS p
2024-05-10 12:39:00.344 +03:00  INF [Microsoft.AspNetCore.Mvc.Infrastructure.ObjectResultExecutor] Executing OkObjectResult, writing value of type 'System.Collections.Generic.List`1[[MeowBackend.Core.Models.Responses.PersonResponse, MeowBackend.Core, Version=1.0.0.0, Culture=neutral, PublicKeyToken=null]]'.
2024-05-10 12:39:00.347 +03:00  INF [Microsoft.AspNetCore.Mvc.Infrastructure.ControllerActionInvoker] Executed action MeowBackend.Controllers.Persons.GetPersons (MeowBackend.API) in 23.8346ms
2024-05-10 12:39:00.353 +03:00  INF [Microsoft.AspNetCore.Routing.EndpointMiddleware] Executed endpoint 'MeowBackend.Controllers.Persons.GetPersons (MeowBackend.API)'
2024-05-10 12:39:00.357 +03:00  INF [Serilog.AspNetCore.RequestLoggingMiddleware] HTTP GET /api/persons responded 200 in 81.7765 ms
2024-05-10 12:39:00.362 +03:00  INF [Microsoft.AspNetCore.Hosting.Diagnostics] Request finished HTTP/2 GET https://localhost:7106/api/persons - 200 null application/json; charset=utf-8 94.8515ms
2024-05-10 12:39:20.217 +03:00  INF [Microsoft.AspNetCore.Hosting.Diagnostics] Request starting HTTP/2 GET https://localhost:7106/api/persons/d6fe48c9-6814-42f1-b1f5-8d9124d0ce1d - null null
2024-05-10 12:39:20.242 +03:00  INF [Microsoft.AspNetCore.Routing.EndpointMiddleware] Executing endpoint 'MeowBackend.Controllers.Persons.GetPersonById (MeowBackend.API)'
2024-05-10 12:39:20.257 +03:00  INF [Microsoft.AspNetCore.Mvc.Infrastructure.ControllerActionInvoker] Route matched with {action = "GetPersonById", controller = "Persons"}. Executing controller action with signature Microsoft.AspNetCore.Mvc.ActionResult`1[MeowBackend.Core.Models.Responses.PersonResponse] GetPersonById(System.Guid) on controller MeowBackend.Controllers.Persons (MeowBackend.API).
2024-05-10 12:39:20.289 +03:00  INF [Microsoft.EntityFrameworkCore.Database.Command] Executed DbCommand (12ms) [Parameters=[@__id_0='?' (DbType = Guid)], CommandType='"Text"', CommandTimeout='30']
SELECT p.id, p.can_have_cat, p.email, p.name, p.password_hash, p.password_salt
FROM persons AS p
WHERE p.id = @__id_0
LIMIT 1
2024-05-10 12:39:20.300 +03:00  INF [Microsoft.AspNetCore.Mvc.Infrastructure.ObjectResultExecutor] Executing ObjectResult, writing value of type 'MeowBackend.Core.Models.Responses.PersonResponse'.
2024-05-10 12:39:20.305 +03:00  INF [Microsoft.AspNetCore.Mvc.Infrastructure.ControllerActionInvoker] Executed action MeowBackend.Controllers.Persons.GetPersonById (MeowBackend.API) in 39.4067ms
2024-05-10 12:39:20.314 +03:00  INF [Microsoft.AspNetCore.Routing.EndpointMiddleware] Executed endpoint 'MeowBackend.Controllers.Persons.GetPersonById (MeowBackend.API)'
2024-05-10 12:39:20.319 +03:00  INF [Serilog.AspNetCore.RequestLoggingMiddleware] HTTP GET /api/persons/d6fe48c9-6814-42f1-b1f5-8d9124d0ce1d responded 200 in 78.2695 ms
2024-05-10 12:39:20.328 +03:00  INF [Microsoft.AspNetCore.Hosting.Diagnostics] Request finished HTTP/2 GET https://localhost:7106/api/persons/d6fe48c9-6814-42f1-b1f5-8d9124d0ce1d - 200 null application/json; charset=utf-8 111.6633ms
2024-05-10 12:39:32.775 +03:00  INF [Microsoft.AspNetCore.Hosting.Diagnostics] Request starting HTTP/2 GET https://localhost:7106/api/persons/d6fe48c9-6814-42f1-b1f5-8d9124d0ce1d/cats - null null
2024-05-10 12:39:32.811 +03:00  INF [Microsoft.AspNetCore.Routing.EndpointMiddleware] Executing endpoint 'MeowBackend.Controllers.Persons.GetCatsByPersonId (MeowBackend.API)'
2024-05-10 12:39:32.825 +03:00  INF [Microsoft.AspNetCore.Mvc.Infrastructure.ControllerActionInvoker] Route matched with {action = "GetCatsByPersonId", controller = "Persons"}. Executing controller action with signature System.Collections.Generic.List`1[MeowBackend.Core.Models.Responses.CatResponse] GetCatsByPersonId(System.Guid) on controller MeowBackend.Controllers.Persons (MeowBackend.API).
2024-05-10 12:39:32.978 +03:00  INF [Microsoft.EntityFrameworkCore.Database.Command] Executed DbCommand (13ms) [Parameters=[@__id_0='?' (DbType = Guid)], CommandType='"Text"', CommandTimeout='30']
SELECT c.id, c.can_meow, c.cat_name, c.cat_type, c.owner_id
FROM cats AS c
LEFT JOIN persons AS p ON c.owner_id = p.id
WHERE p.id = @__id_0
2024-05-10 12:39:32.986 +03:00  INF [Microsoft.AspNetCore.Mvc.Infrastructure.ObjectResultExecutor] Executing ObjectResult, writing value of type 'System.Collections.Generic.List`1[[MeowBackend.Core.Models.Responses.CatResponse, MeowBackend.Core, Version=1.0.0.0, Culture=neutral, PublicKeyToken=null]]'.
2024-05-10 12:39:32.989 +03:00  INF [Microsoft.AspNetCore.Mvc.Infrastructure.ControllerActionInvoker] Executed action MeowBackend.Controllers.Persons.GetCatsByPersonId (MeowBackend.API) in 155.1278ms
2024-05-10 12:39:32.997 +03:00  INF [Microsoft.AspNetCore.Routing.EndpointMiddleware] Executed endpoint 'MeowBackend.Controllers.Persons.GetCatsByPersonId (MeowBackend.API)'
2024-05-10 12:39:33.002 +03:00  INF [Serilog.AspNetCore.RequestLoggingMiddleware] HTTP GET /api/persons/d6fe48c9-6814-42f1-b1f5-8d9124d0ce1d/cats responded 200 in 192.7272 ms
2024-05-10 12:39:33.005 +03:00  INF [Microsoft.AspNetCore.Hosting.Diagnostics] Request finished HTTP/2 GET https://localhost:7106/api/persons/d6fe48c9-6814-42f1-b1f5-8d9124d0ce1d/cats - 200 null application/json; charset=utf-8 230.2663ms
2024-05-10 12:39:42.574 +03:00  INF [Microsoft.AspNetCore.Hosting.Diagnostics] Request starting HTTP/2 GET https://localhost:7106/api/persons - null null
2024-05-10 12:39:42.583 +03:00  INF [Microsoft.AspNetCore.Routing.EndpointMiddleware] Executing endpoint 'MeowBackend.Controllers.Persons.GetPersons (MeowBackend.API)'
2024-05-10 12:39:42.589 +03:00  INF [Microsoft.AspNetCore.Mvc.Infrastructure.ControllerActionInvoker] Route matched with {action = "GetPersons", controller = "Persons"}. Executing controller action with signature Microsoft.AspNetCore.Mvc.ActionResult`1[System.Collections.Generic.List`1[MeowBackend.Core.Models.Responses.PersonResponse]] GetPersons() on controller MeowBackend.Controllers.Persons (MeowBackend.API).
2024-05-10 12:39:42.649 +03:00  INF [MeowBackend.API.Controllers.CatsController] получаем всех людей
2024-05-10 12:39:42.665 +03:00  INF [MeowBackend.Business.Services.CatsService] GetCats - CatsService
2024-05-10 12:39:42.694 +03:00  INF [Microsoft.EntityFrameworkCore.Database.Command] Executed DbCommand (8ms) [Parameters=[], CommandType='"Text"', CommandTimeout='30']
SELECT p.id, p.can_have_cat, p.email, p.name, p.password_hash, p.password_salt
FROM persons AS p
2024-05-10 12:39:42.727 +03:00  INF [Microsoft.AspNetCore.Mvc.Infrastructure.ObjectResultExecutor] Executing OkObjectResult, writing value of type 'System.Collections.Generic.List`1[[MeowBackend.Core.Models.Responses.PersonResponse, MeowBackend.Core, Version=1.0.0.0, Culture=neutral, PublicKeyToken=null]]'.
2024-05-10 12:39:42.746 +03:00  INF [Microsoft.AspNetCore.Mvc.Infrastructure.ControllerActionInvoker] Executed action MeowBackend.Controllers.Persons.GetPersons (MeowBackend.API) in 97.797ms
2024-05-10 12:39:42.752 +03:00  INF [Microsoft.AspNetCore.Routing.EndpointMiddleware] Executed endpoint 'MeowBackend.Controllers.Persons.GetPersons (MeowBackend.API)'
2024-05-10 12:39:42.756 +03:00  INF [Serilog.AspNetCore.RequestLoggingMiddleware] HTTP GET /api/persons responded 200 in 173.0761 ms
2024-05-10 12:39:42.762 +03:00  INF [Microsoft.AspNetCore.Hosting.Diagnostics] Request finished HTTP/2 GET https://localhost:7106/api/persons - 200 null application/json; charset=utf-8 188.6215ms
2024-05-10 12:39:57.788 +03:00  INF [Microsoft.AspNetCore.Hosting.Diagnostics] Request starting HTTP/2 GET https://localhost:7106/api/persons/db771e5b-58df-4359-aa67-cd40f3fd56c8/cats - null null
2024-05-10 12:39:57.840 +03:00  INF [Microsoft.AspNetCore.Routing.EndpointMiddleware] Executing endpoint 'MeowBackend.Controllers.Persons.GetCatsByPersonId (MeowBackend.API)'
2024-05-10 12:39:57.844 +03:00  INF [Microsoft.AspNetCore.Mvc.Infrastructure.ControllerActionInvoker] Route matched with {action = "GetCatsByPersonId", controller = "Persons"}. Executing controller action with signature System.Collections.Generic.List`1[MeowBackend.Core.Models.Responses.CatResponse] GetCatsByPersonId(System.Guid) on controller MeowBackend.Controllers.Persons (MeowBackend.API).
2024-05-10 12:39:57.863 +03:00  INF [Microsoft.EntityFrameworkCore.Database.Command] Executed DbCommand (7ms) [Parameters=[@__id_0='?' (DbType = Guid)], CommandType='"Text"', CommandTimeout='30']
SELECT c.id, c.can_meow, c.cat_name, c.cat_type, c.owner_id
FROM cats AS c
LEFT JOIN persons AS p ON c.owner_id = p.id
WHERE p.id = @__id_0
2024-05-10 12:39:57.873 +03:00  INF [Microsoft.AspNetCore.Mvc.Infrastructure.ObjectResultExecutor] Executing ObjectResult, writing value of type 'System.Collections.Generic.List`1[[MeowBackend.Core.Models.Responses.CatResponse, MeowBackend.Core, Version=1.0.0.0, Culture=neutral, PublicKeyToken=null]]'.
2024-05-10 12:39:57.878 +03:00  INF [Microsoft.AspNetCore.Mvc.Infrastructure.ControllerActionInvoker] Executed action MeowBackend.Controllers.Persons.GetCatsByPersonId (MeowBackend.API) in 24.0393ms
2024-05-10 12:39:57.887 +03:00  INF [Microsoft.AspNetCore.Routing.EndpointMiddleware] Executed endpoint 'MeowBackend.Controllers.Persons.GetCatsByPersonId (MeowBackend.API)'
2024-05-10 12:39:57.891 +03:00  INF [Serilog.AspNetCore.RequestLoggingMiddleware] HTTP GET /api/persons/db771e5b-58df-4359-aa67-cd40f3fd56c8/cats responded 200 in 52.5594 ms
2024-05-10 12:39:57.896 +03:00  INF [Microsoft.AspNetCore.Hosting.Diagnostics] Request finished HTTP/2 GET https://localhost:7106/api/persons/db771e5b-58df-4359-aa67-cd40f3fd56c8/cats - 200 null application/json; charset=utf-8 109.1902ms
2024-05-10 12:47:43.979 +03:00  INF [] Running app
2024-05-10 12:47:44.245 +03:00  INF [Microsoft.AspNetCore.DataProtection.KeyManagement.XmlKeyManager] User profile is available. Using 'C:\Users\dns\AppData\Local\ASP.NET\DataProtection-Keys' as key repository and Windows DPAPI to encrypt keys at rest.
2024-05-10 12:47:44.748 +03:00  INF [Microsoft.Hosting.Lifetime] Now listening on: https://localhost:7106
2024-05-10 12:47:44.754 +03:00  INF [Microsoft.Hosting.Lifetime] Now listening on: http://localhost:5099
2024-05-10 12:47:44.767 +03:00  INF [Microsoft.Hosting.Lifetime] Application started. Press Ctrl+C to shut down.
2024-05-10 12:47:44.770 +03:00  INF [Microsoft.Hosting.Lifetime] Hosting environment: Development
2024-05-10 12:47:44.773 +03:00  INF [Microsoft.Hosting.Lifetime] Content root path: C:\Users\dns\Desktop\MiraculousBackend\MeowBackend\MeowBackend
2024-05-10 12:47:50.903 +03:00  INF [Microsoft.AspNetCore.Hosting.Diagnostics] Request starting HTTP/2 GET https://localhost:7106/swagger/index.html - null null
2024-05-10 12:47:51.937 +03:00  INF [Microsoft.AspNetCore.Hosting.Diagnostics] Request finished HTTP/2 GET https://localhost:7106/swagger/index.html - 200 null text/html;charset=utf-8 1053.1177ms
2024-05-10 12:47:52.048 +03:00  INF [Microsoft.AspNetCore.Hosting.Diagnostics] Request starting HTTP/2 GET https://localhost:7106/_vs/browserLink - null null
2024-05-10 12:47:52.048 +03:00  INF [Microsoft.AspNetCore.Hosting.Diagnostics] Request starting HTTP/2 GET https://localhost:7106/_framework/aspnetcore-browser-refresh.js - null null
2024-05-10 12:47:52.106 +03:00  INF [Microsoft.AspNetCore.Hosting.Diagnostics] Request finished HTTP/2 GET https://localhost:7106/_framework/aspnetcore-browser-refresh.js - 200 13766 application/javascript; charset=utf-8 58.5224ms
2024-05-10 12:47:52.198 +03:00  INF [Microsoft.AspNetCore.Hosting.Diagnostics] Request finished HTTP/2 GET https://localhost:7106/_vs/browserLink - 200 null text/javascript; charset=UTF-8 150.7761ms
2024-05-10 12:47:52.354 +03:00  INF [Microsoft.AspNetCore.Hosting.Diagnostics] Request starting HTTP/2 GET https://localhost:7106/swagger/v1/swagger.json - null null
2024-05-10 12:47:52.723 +03:00  INF [Microsoft.AspNetCore.Hosting.Diagnostics] Request finished HTTP/2 GET https://localhost:7106/swagger/v1/swagger.json - 200 null application/json;charset=utf-8 369.442ms
2024-05-10 12:48:04.820 +03:00  INF [Microsoft.AspNetCore.Hosting.Diagnostics] Request starting HTTP/2 POST https://localhost:7106/api/cats/login - application/json 23
2024-05-10 12:48:05.000 +03:00  INF [Microsoft.AspNetCore.Routing.EndpointMiddleware] Executing endpoint 'MeowBackend.API.Controllers.CatsController.LoginCat (MeowBackend.API)'
2024-05-10 12:48:05.049 +03:00  INF [Microsoft.AspNetCore.Mvc.Infrastructure.ControllerActionInvoker] Route matched with {action = "LoginCat", controller = "Cats"}. Executing controller action with signature Microsoft.AspNetCore.Mvc.ActionResult`1[MeowBackend.Core.Models.Responses.AuthenticatedResponse] LoginCat(MeowBackend.Core.Models.Requestes.LoginCatRequest) on controller MeowBackend.API.Controllers.CatsController (MeowBackend.API).
2024-05-10 12:48:05.942 +03:00  INF [Microsoft.AspNetCore.Mvc.Infrastructure.ObjectResultExecutor] Executing OkObjectResult, writing value of type 'MeowBackend.Core.Models.Responses.AuthenticatedResponse'.
2024-05-10 12:48:05.966 +03:00  INF [Microsoft.AspNetCore.Mvc.Infrastructure.ControllerActionInvoker] Executed action MeowBackend.API.Controllers.CatsController.LoginCat (MeowBackend.API) in 899.1011ms
2024-05-10 12:48:05.969 +03:00  INF [Microsoft.AspNetCore.Routing.EndpointMiddleware] Executed endpoint 'MeowBackend.API.Controllers.CatsController.LoginCat (MeowBackend.API)'
2024-05-10 12:48:05.981 +03:00  INF [Serilog.AspNetCore.RequestLoggingMiddleware] HTTP POST /api/cats/login responded 200 in 1128.3887 ms
2024-05-10 12:48:05.993 +03:00  INF [Microsoft.AspNetCore.Hosting.Diagnostics] Request finished HTTP/2 POST https://localhost:7106/api/cats/login - 200 null application/json; charset=utf-8 1173.5551ms
2024-05-10 12:48:34.505 +03:00  INF [Microsoft.AspNetCore.Hosting.Diagnostics] Request starting HTTP/2 GET https://localhost:7106/api/cats - null null
2024-05-10 12:48:34.598 +03:00  INF [Microsoft.AspNetCore.Routing.EndpointMiddleware] Executing endpoint 'MeowBackend.API.Controllers.CatsController.GetCats (MeowBackend.API)'
2024-05-10 12:48:34.605 +03:00  INF [Microsoft.AspNetCore.Mvc.Infrastructure.ControllerActionInvoker] Route matched with {action = "GetCats", controller = "Cats"}. Executing controller action with signature Microsoft.AspNetCore.Mvc.ActionResult`1[System.Collections.Generic.List`1[MeowBackend.Core.Models.Responses.CatResponse]] GetCats() on controller MeowBackend.API.Controllers.CatsController (MeowBackend.API).
2024-05-10 12:48:34.624 +03:00  INF [MeowBackend.API.Controllers.CatsController] получаем всех котов
2024-05-10 12:48:34.627 +03:00  INF [MeowBackend.Business.Services.CatsService] GetCats - CatsService
2024-05-10 12:48:37.052 +03:00  INF [Microsoft.EntityFrameworkCore.Database.Command] Executed DbCommand (34ms) [Parameters=[], CommandType='"Text"', CommandTimeout='30']
SELECT c.id, c.can_meow, c.cat_name, c.cat_type, c.owner_id
FROM cats AS c
2024-05-10 12:48:37.236 +03:00  INF [Microsoft.AspNetCore.Mvc.Infrastructure.ObjectResultExecutor] Executing OkObjectResult, writing value of type 'System.Collections.Generic.List`1[[MeowBackend.Core.Models.Responses.CatResponse, MeowBackend.Core, Version=1.0.0.0, Culture=neutral, PublicKeyToken=null]]'.
2024-05-10 12:48:37.255 +03:00  INF [Microsoft.AspNetCore.Mvc.Infrastructure.ControllerActionInvoker] Executed action MeowBackend.API.Controllers.CatsController.GetCats (MeowBackend.API) in 2643.7916ms
2024-05-10 12:48:37.260 +03:00  INF [Microsoft.AspNetCore.Routing.EndpointMiddleware] Executed endpoint 'MeowBackend.API.Controllers.CatsController.GetCats (MeowBackend.API)'
2024-05-10 12:48:37.266 +03:00  INF [Serilog.AspNetCore.RequestLoggingMiddleware] HTTP GET /api/cats responded 200 in 2739.0892 ms
2024-05-10 12:48:37.290 +03:00  INF [Microsoft.AspNetCore.Hosting.Diagnostics] Request finished HTTP/2 GET https://localhost:7106/api/cats - 200 null application/json; charset=utf-8 2785.6683ms
2024-05-10 12:49:19.349 +03:00  INF [Microsoft.AspNetCore.Hosting.Diagnostics] Request starting HTTP/2 GET https://localhost:7106/api/cats/826d6ec0-2a98-4675-9657-e675c8ec4dbb - null null
2024-05-10 12:49:19.407 +03:00  INF [Microsoft.AspNetCore.Routing.EndpointMiddleware] Executing endpoint 'MeowBackend.API.Controllers.CatsController.GetCatById (MeowBackend.API)'
2024-05-10 12:49:19.416 +03:00  INF [Microsoft.AspNetCore.Mvc.Infrastructure.ControllerActionInvoker] Route matched with {action = "GetCatById", controller = "Cats"}. Executing controller action with signature Microsoft.AspNetCore.Mvc.ActionResult`1[MeowBackend.Core.Models.Responses.CatResponse] GetCatById(System.Guid) on controller MeowBackend.API.Controllers.CatsController (MeowBackend.API).
2024-05-10 12:49:19.442 +03:00  INF [MeowBackend.Business.Services.CatsService] GetCatById - CatsService
2024-05-10 12:49:19.446 +03:00  INF [MeowBackend.DataLayer.Repositories.CatsRepository] идем в базу данных искать кота с id 826d6ec0-2a98-4675-9657-e675c8ec4dbb
2024-05-10 12:49:19.630 +03:00  INF [Microsoft.EntityFrameworkCore.Database.Command] Executed DbCommand (20ms) [Parameters=[@__id_0='?' (DbType = Guid)], CommandType='"Text"', CommandTimeout='30']
SELECT c.id, c.can_meow, c.cat_name, c.cat_type, c.owner_id
FROM cats AS c
WHERE c.id = @__id_0
LIMIT 1
2024-05-10 12:49:19.639 +03:00  INF [Microsoft.AspNetCore.Mvc.Infrastructure.ObjectResultExecutor] Executing OkObjectResult, writing value of type 'MeowBackend.Core.Models.Responses.CatResponse'.
2024-05-10 12:49:19.642 +03:00  INF [Microsoft.AspNetCore.Mvc.Infrastructure.ControllerActionInvoker] Executed action MeowBackend.API.Controllers.CatsController.GetCatById (MeowBackend.API) in 211.1022ms
2024-05-10 12:49:19.645 +03:00  INF [Microsoft.AspNetCore.Routing.EndpointMiddleware] Executed endpoint 'MeowBackend.API.Controllers.CatsController.GetCatById (MeowBackend.API)'
2024-05-10 12:49:19.649 +03:00  INF [Serilog.AspNetCore.RequestLoggingMiddleware] HTTP GET /api/cats/826d6ec0-2a98-4675-9657-e675c8ec4dbb responded 200 in 251.3931 ms
2024-05-10 12:49:19.652 +03:00  INF [Microsoft.AspNetCore.Hosting.Diagnostics] Request finished HTTP/2 GET https://localhost:7106/api/cats/826d6ec0-2a98-4675-9657-e675c8ec4dbb - 200 null application/json; charset=utf-8 302.927ms
2024-05-10 13:02:39.644 +03:00  INF [] Running app
2024-05-10 13:02:39.976 +03:00  INF [Microsoft.AspNetCore.DataProtection.KeyManagement.XmlKeyManager] User profile is available. Using 'C:\Users\dns\AppData\Local\ASP.NET\DataProtection-Keys' as key repository and Windows DPAPI to encrypt keys at rest.
2024-05-10 13:02:41.261 +03:00  INF [Microsoft.Hosting.Lifetime] Now listening on: https://localhost:7106
2024-05-10 13:02:41.266 +03:00  INF [Microsoft.Hosting.Lifetime] Now listening on: http://localhost:5099
2024-05-10 13:02:41.275 +03:00  INF [Microsoft.Hosting.Lifetime] Application started. Press Ctrl+C to shut down.
2024-05-10 13:02:41.288 +03:00  INF [Microsoft.Hosting.Lifetime] Hosting environment: Development
2024-05-10 13:02:41.337 +03:00  INF [Microsoft.Hosting.Lifetime] Content root path: C:\Users\dns\Desktop\MiraculousBackend\MeowBackend\MeowBackend
2024-05-10 13:02:42.826 +03:00  INF [Microsoft.AspNetCore.Hosting.Diagnostics] Request starting HTTP/2 GET https://localhost:7106/swagger/index.html - null null
2024-05-10 13:02:43.424 +03:00  INF [Microsoft.AspNetCore.Hosting.Diagnostics] Request finished HTTP/2 GET https://localhost:7106/swagger/index.html - 200 null text/html;charset=utf-8 616.2446ms
2024-05-10 13:02:43.606 +03:00  INF [Microsoft.AspNetCore.Hosting.Diagnostics] Request starting HTTP/2 GET https://localhost:7106/_framework/aspnetcore-browser-refresh.js - null null
2024-05-10 13:02:43.607 +03:00  INF [Microsoft.AspNetCore.Hosting.Diagnostics] Request starting HTTP/2 GET https://localhost:7106/_vs/browserLink - null null
2024-05-10 13:02:43.693 +03:00  INF [Microsoft.AspNetCore.Hosting.Diagnostics] Request finished HTTP/2 GET https://localhost:7106/_framework/aspnetcore-browser-refresh.js - 200 13766 application/javascript; charset=utf-8 85.0528ms
2024-05-10 13:02:43.828 +03:00  INF [Microsoft.AspNetCore.Hosting.Diagnostics] Request finished HTTP/2 GET https://localhost:7106/_vs/browserLink - 200 null text/javascript; charset=UTF-8 221.97ms
2024-05-10 13:02:43.958 +03:00  INF [Microsoft.AspNetCore.Hosting.Diagnostics] Request starting HTTP/2 GET https://localhost:7106/swagger/v1/swagger.json - null null
2024-05-10 13:02:44.314 +03:00  INF [Microsoft.AspNetCore.Hosting.Diagnostics] Request finished HTTP/2 GET https://localhost:7106/swagger/v1/swagger.json - 200 null application/json;charset=utf-8 356.8549ms
2024-05-10 13:03:13.138 +03:00  INF [Microsoft.AspNetCore.Hosting.Diagnostics] Request starting HTTP/2 GET https://localhost:7106/api/cats - null null
2024-05-10 13:03:13.436 +03:00  INF [Microsoft.AspNetCore.Routing.EndpointMiddleware] Executing endpoint 'MeowBackend.API.Controllers.CatsController.GetCats (MeowBackend.API)'
2024-05-10 13:03:13.466 +03:00  INF [Microsoft.AspNetCore.Mvc.Infrastructure.ControllerActionInvoker] Route matched with {action = "GetCats", controller = "Cats"}. Executing controller action with signature Microsoft.AspNetCore.Mvc.ActionResult`1[System.Collections.Generic.List`1[MeowBackend.Core.Models.Responses.CatResponse]] GetCats() on controller MeowBackend.API.Controllers.CatsController (MeowBackend.API).
2024-05-10 13:03:13.964 +03:00  INF [MeowBackend.API.Controllers.CatsController] получаем всех котов
2024-05-10 13:03:13.968 +03:00  INF [MeowBackend.Business.Services.CatsService] GetCats - CatsService
2024-05-10 13:03:16.565 +03:00  INF [Microsoft.EntityFrameworkCore.Database.Command] Executed DbCommand (53ms) [Parameters=[], CommandType='"Text"', CommandTimeout='30']
SELECT c.id, c.can_meow, c.cat_name, c.cat_type, c.owner_id
FROM cats AS c
2024-05-10 13:03:16.874 +03:00  INF [Microsoft.AspNetCore.Mvc.Infrastructure.ObjectResultExecutor] Executing OkObjectResult, writing value of type 'System.Collections.Generic.List`1[[MeowBackend.Core.Models.Responses.CatResponse, MeowBackend.Core, Version=1.0.0.0, Culture=neutral, PublicKeyToken=null]]'.
2024-05-10 13:03:16.913 +03:00  INF [Microsoft.AspNetCore.Mvc.Infrastructure.ControllerActionInvoker] Executed action MeowBackend.API.Controllers.CatsController.GetCats (MeowBackend.API) in 3434.5971ms
2024-05-10 13:03:16.916 +03:00  INF [Microsoft.AspNetCore.Routing.EndpointMiddleware] Executed endpoint 'MeowBackend.API.Controllers.CatsController.GetCats (MeowBackend.API)'
2024-05-10 13:03:16.924 +03:00  INF [Serilog.AspNetCore.RequestLoggingMiddleware] HTTP GET /api/cats responded 200 in 3748.2440 ms
2024-05-10 13:03:16.950 +03:00  INF [Microsoft.AspNetCore.Hosting.Diagnostics] Request finished HTTP/2 GET https://localhost:7106/api/cats - 200 null application/json; charset=utf-8 3812.4638ms
2024-05-10 13:03:45.342 +03:00  INF [Microsoft.AspNetCore.Hosting.Diagnostics] Request starting HTTP/2 GET https://localhost:7106/api/cats/826d6ec0-2a98-4675-9657-e675c8ec4dbb - null null
2024-05-10 13:03:45.407 +03:00  INF [Microsoft.AspNetCore.Routing.EndpointMiddleware] Executing endpoint 'MeowBackend.API.Controllers.CatsController.GetCatById (MeowBackend.API)'
2024-05-10 13:03:45.431 +03:00  INF [Microsoft.AspNetCore.Mvc.Infrastructure.ControllerActionInvoker] Route matched with {action = "GetCatById", controller = "Cats"}. Executing controller action with signature Microsoft.AspNetCore.Mvc.ActionResult`1[MeowBackend.Core.Models.Responses.CatResponse] GetCatById(System.Guid) on controller MeowBackend.API.Controllers.CatsController (MeowBackend.API).
2024-05-10 13:03:45.490 +03:00  INF [MeowBackend.Business.Services.CatsService] GetCatById - CatsService
2024-05-10 13:03:45.493 +03:00  INF [MeowBackend.DataLayer.Repositories.CatsRepository] идем в базу данных искать кота с id 826d6ec0-2a98-4675-9657-e675c8ec4dbb
2024-05-10 13:03:45.705 +03:00  INF [Microsoft.EntityFrameworkCore.Database.Command] Executed DbCommand (32ms) [Parameters=[@__id_0='?' (DbType = Guid)], CommandType='"Text"', CommandTimeout='30']
SELECT c.id, c.can_meow, c.cat_name, c.cat_type, c.owner_id
FROM cats AS c
WHERE c.id = @__id_0
LIMIT 1
2024-05-10 13:03:45.717 +03:00  INF [Microsoft.AspNetCore.Mvc.Infrastructure.ObjectResultExecutor] Executing OkObjectResult, writing value of type 'MeowBackend.Core.Models.Responses.CatResponse'.
2024-05-10 13:03:45.721 +03:00  INF [Microsoft.AspNetCore.Mvc.Infrastructure.ControllerActionInvoker] Executed action MeowBackend.API.Controllers.CatsController.GetCatById (MeowBackend.API) in 280.6544ms
2024-05-10 13:03:45.725 +03:00  INF [Microsoft.AspNetCore.Routing.EndpointMiddleware] Executed endpoint 'MeowBackend.API.Controllers.CatsController.GetCatById (MeowBackend.API)'
2024-05-10 13:03:45.728 +03:00  INF [Serilog.AspNetCore.RequestLoggingMiddleware] HTTP GET /api/cats/826d6ec0-2a98-4675-9657-e675c8ec4dbb responded 200 in 331.1229 ms
2024-05-10 13:03:45.732 +03:00  INF [Microsoft.AspNetCore.Hosting.Diagnostics] Request finished HTTP/2 GET https://localhost:7106/api/cats/826d6ec0-2a98-4675-9657-e675c8ec4dbb - 200 null application/json; charset=utf-8 390.0422ms
2024-05-10 13:05:40.828 +03:00  INF [] Running app
2024-05-10 13:05:41.002 +03:00  INF [Microsoft.AspNetCore.DataProtection.KeyManagement.XmlKeyManager] User profile is available. Using 'C:\Users\dns\AppData\Local\ASP.NET\DataProtection-Keys' as key repository and Windows DPAPI to encrypt keys at rest.
2024-05-10 13:05:41.513 +03:00  INF [Microsoft.Hosting.Lifetime] Now listening on: https://localhost:7106
2024-05-10 13:05:41.516 +03:00  INF [Microsoft.Hosting.Lifetime] Now listening on: http://localhost:5099
2024-05-10 13:05:41.520 +03:00  INF [Microsoft.Hosting.Lifetime] Application started. Press Ctrl+C to shut down.
2024-05-10 13:05:41.522 +03:00  INF [Microsoft.Hosting.Lifetime] Hosting environment: Development
2024-05-10 13:05:41.525 +03:00  INF [Microsoft.Hosting.Lifetime] Content root path: C:\Users\dns\Desktop\MiraculousBackend\MeowBackend\MeowBackend
2024-05-10 13:05:45.747 +03:00  INF [Microsoft.AspNetCore.Hosting.Diagnostics] Request starting HTTP/2 GET https://localhost:7106/swagger/index.html - null null
2024-05-10 13:05:46.363 +03:00  INF [Microsoft.AspNetCore.Hosting.Diagnostics] Request finished HTTP/2 GET https://localhost:7106/swagger/index.html - 200 null text/html;charset=utf-8 640.7476ms
2024-05-10 13:05:46.428 +03:00  INF [Microsoft.AspNetCore.Hosting.Diagnostics] Request starting HTTP/2 GET https://localhost:7106/_framework/aspnetcore-browser-refresh.js - null null
2024-05-10 13:05:46.428 +03:00  INF [Microsoft.AspNetCore.Hosting.Diagnostics] Request starting HTTP/2 GET https://localhost:7106/_vs/browserLink - null null
2024-05-10 13:05:46.456 +03:00  INF [Microsoft.AspNetCore.Hosting.Diagnostics] Request finished HTTP/2 GET https://localhost:7106/_framework/aspnetcore-browser-refresh.js - 200 13766 application/javascript; charset=utf-8 29.4233ms
2024-05-10 13:05:46.571 +03:00  INF [Microsoft.AspNetCore.Hosting.Diagnostics] Request finished HTTP/2 GET https://localhost:7106/_vs/browserLink - 200 null text/javascript; charset=UTF-8 143.019ms
2024-05-10 13:05:46.709 +03:00  INF [Microsoft.AspNetCore.Hosting.Diagnostics] Request starting HTTP/2 GET https://localhost:7106/swagger/v1/swagger.json - null null
2024-05-10 13:05:47.133 +03:00  INF [Microsoft.AspNetCore.Hosting.Diagnostics] Request finished HTTP/2 GET https://localhost:7106/swagger/v1/swagger.json - 200 null application/json;charset=utf-8 424.8613ms
2024-05-10 13:06:07.899 +03:00  INF [Microsoft.AspNetCore.Hosting.Diagnostics] Request starting HTTP/2 GET https://localhost:7106/api/cats - null null
2024-05-10 13:06:08.194 +03:00  INF [Microsoft.AspNetCore.Routing.EndpointMiddleware] Executing endpoint 'MeowBackend.API.Controllers.CatsController.GetCats (MeowBackend.API)'
2024-05-10 13:06:08.235 +03:00  INF [Microsoft.AspNetCore.Mvc.Infrastructure.ControllerActionInvoker] Route matched with {action = "GetCats", controller = "Cats"}. Executing controller action with signature Microsoft.AspNetCore.Mvc.ActionResult`1[System.Collections.Generic.List`1[MeowBackend.Core.Models.Responses.CatResponse]] GetCats() on controller MeowBackend.API.Controllers.CatsController (MeowBackend.API).
2024-05-10 13:06:08.733 +03:00  INF [MeowBackend.API.Controllers.CatsController] получаем всех котов
2024-05-10 13:06:08.736 +03:00  INF [MeowBackend.Business.Services.CatsService] GetCats - CatsService
2024-05-10 13:06:11.554 +03:00  INF [Microsoft.EntityFrameworkCore.Database.Command] Executed DbCommand (76ms) [Parameters=[], CommandType='"Text"', CommandTimeout='30']
SELECT c.id, c.can_meow, c.cat_name, c.cat_type, c.owner_id, p.id, p.can_have_cat, p.email, p.name, p.password_hash, p.password_salt
FROM cats AS c
INNER JOIN persons AS p ON c.owner_id = p.id
2024-05-10 13:06:11.859 +03:00  INF [Microsoft.AspNetCore.Mvc.Infrastructure.ObjectResultExecutor] Executing OkObjectResult, writing value of type 'System.Collections.Generic.List`1[[MeowBackend.Core.Models.Responses.CatResponse, MeowBackend.Core, Version=1.0.0.0, Culture=neutral, PublicKeyToken=null]]'.
2024-05-10 13:06:11.888 +03:00  INF [Microsoft.AspNetCore.Mvc.Infrastructure.ControllerActionInvoker] Executed action MeowBackend.API.Controllers.CatsController.GetCats (MeowBackend.API) in 3642.2576ms
2024-05-10 13:06:11.891 +03:00  INF [Microsoft.AspNetCore.Routing.EndpointMiddleware] Executed endpoint 'MeowBackend.API.Controllers.CatsController.GetCats (MeowBackend.API)'
2024-05-10 13:06:11.895 +03:00  INF [Serilog.AspNetCore.RequestLoggingMiddleware] HTTP GET /api/cats responded 200 in 3974.5428 ms
2024-05-10 13:06:11.919 +03:00  INF [Microsoft.AspNetCore.Hosting.Diagnostics] Request finished HTTP/2 GET https://localhost:7106/api/cats - 200 null application/json; charset=utf-8 4020.7536ms
2024-05-10 13:06:40.242 +03:00  INF [Microsoft.AspNetCore.Hosting.Diagnostics] Request starting HTTP/2 GET https://localhost:7106/api/cats/826d6ec0-2a98-4675-9657-e675c8ec4dbb - null null
2024-05-10 13:06:40.273 +03:00  INF [Microsoft.AspNetCore.Routing.EndpointMiddleware] Executing endpoint 'MeowBackend.API.Controllers.CatsController.GetCatById (MeowBackend.API)'
2024-05-10 13:06:40.293 +03:00  INF [Microsoft.AspNetCore.Mvc.Infrastructure.ControllerActionInvoker] Route matched with {action = "GetCatById", controller = "Cats"}. Executing controller action with signature Microsoft.AspNetCore.Mvc.ActionResult`1[MeowBackend.Core.Models.Responses.CatResponse] GetCatById(System.Guid) on controller MeowBackend.API.Controllers.CatsController (MeowBackend.API).
2024-05-10 13:06:40.339 +03:00  INF [MeowBackend.Business.Services.CatsService] GetCatById - CatsService
2024-05-10 13:06:40.343 +03:00  INF [MeowBackend.DataLayer.Repositories.CatsRepository] идем в базу данных искать кота с id 826d6ec0-2a98-4675-9657-e675c8ec4dbb
2024-05-10 13:06:40.510 +03:00  INF [Microsoft.EntityFrameworkCore.Database.Command] Executed DbCommand (42ms) [Parameters=[@__id_0='?' (DbType = Guid)], CommandType='"Text"', CommandTimeout='30']
SELECT c.id, c.can_meow, c.cat_name, c.cat_type, c.owner_id, p.id, p.can_have_cat, p.email, p.name, p.password_hash, p.password_salt
FROM cats AS c
INNER JOIN persons AS p ON c.owner_id = p.id
WHERE c.id = @__id_0
LIMIT 1
2024-05-10 13:06:40.530 +03:00  INF [Microsoft.AspNetCore.Mvc.Infrastructure.ObjectResultExecutor] Executing OkObjectResult, writing value of type 'MeowBackend.Core.Models.Responses.CatResponse'.
2024-05-10 13:06:40.535 +03:00  INF [Microsoft.AspNetCore.Mvc.Infrastructure.ControllerActionInvoker] Executed action MeowBackend.API.Controllers.CatsController.GetCatById (MeowBackend.API) in 237.4396ms
2024-05-10 13:06:40.541 +03:00  INF [Microsoft.AspNetCore.Routing.EndpointMiddleware] Executed endpoint 'MeowBackend.API.Controllers.CatsController.GetCatById (MeowBackend.API)'
2024-05-10 13:06:40.545 +03:00  INF [Serilog.AspNetCore.RequestLoggingMiddleware] HTTP GET /api/cats/826d6ec0-2a98-4675-9657-e675c8ec4dbb responded 200 in 279.8425 ms
2024-05-10 13:06:40.550 +03:00  INF [Microsoft.AspNetCore.Hosting.Diagnostics] Request finished HTTP/2 GET https://localhost:7106/api/cats/826d6ec0-2a98-4675-9657-e675c8ec4dbb - 200 null application/json; charset=utf-8 308.7128ms
2024-05-10 13:28:50.159 +03:00  INF [] Running app
2024-05-10 13:28:50.467 +03:00  INF [Microsoft.AspNetCore.DataProtection.KeyManagement.XmlKeyManager] User profile is available. Using 'C:\Users\dns\AppData\Local\ASP.NET\DataProtection-Keys' as key repository and Windows DPAPI to encrypt keys at rest.
2024-05-10 13:28:51.271 +03:00  INF [Microsoft.Hosting.Lifetime] Now listening on: https://localhost:7106
2024-05-10 13:28:51.276 +03:00  INF [Microsoft.Hosting.Lifetime] Now listening on: http://localhost:5099
2024-05-10 13:28:51.296 +03:00  INF [Microsoft.Hosting.Lifetime] Application started. Press Ctrl+C to shut down.
2024-05-10 13:28:51.324 +03:00  INF [Microsoft.Hosting.Lifetime] Hosting environment: Development
2024-05-10 13:28:51.333 +03:00  INF [Microsoft.Hosting.Lifetime] Content root path: C:\Users\dns\Desktop\MiraculousBackend\MeowBackend\MeowBackend
2024-05-10 13:28:55.109 +03:00  INF [Microsoft.AspNetCore.Hosting.Diagnostics] Request starting HTTP/2 GET https://localhost:7106/swagger/index.html - null null
2024-05-10 13:28:55.965 +03:00  INF [Microsoft.AspNetCore.Hosting.Diagnostics] Request finished HTTP/2 GET https://localhost:7106/swagger/index.html - 200 null text/html;charset=utf-8 868.9433ms
2024-05-10 13:28:56.185 +03:00  INF [Microsoft.AspNetCore.Hosting.Diagnostics] Request starting HTTP/2 GET https://localhost:7106/_vs/browserLink - null null
2024-05-10 13:28:56.185 +03:00  INF [Microsoft.AspNetCore.Hosting.Diagnostics] Request starting HTTP/2 GET https://localhost:7106/_framework/aspnetcore-browser-refresh.js - null null
2024-05-10 13:28:56.229 +03:00  INF [Microsoft.AspNetCore.Hosting.Diagnostics] Request finished HTTP/2 GET https://localhost:7106/_framework/aspnetcore-browser-refresh.js - 200 13766 application/javascript; charset=utf-8 43.6172ms
2024-05-10 13:28:56.455 +03:00  INF [Microsoft.AspNetCore.Hosting.Diagnostics] Request finished HTTP/2 GET https://localhost:7106/_vs/browserLink - 200 null text/javascript; charset=UTF-8 270.0418ms
2024-05-10 13:28:56.645 +03:00  INF [Microsoft.AspNetCore.Hosting.Diagnostics] Request starting HTTP/2 GET https://localhost:7106/swagger/v1/swagger.json - null null
2024-05-10 13:28:57.043 +03:00  INF [Microsoft.AspNetCore.Hosting.Diagnostics] Request finished HTTP/2 GET https://localhost:7106/swagger/v1/swagger.json - 200 null application/json;charset=utf-8 398.4465ms
2024-05-10 13:29:19.843 +03:00  INF [Microsoft.AspNetCore.Hosting.Diagnostics] Request starting HTTP/2 GET https://localhost:7106/api/persons - null null
2024-05-10 13:29:20.173 +03:00  INF [Microsoft.AspNetCore.Routing.EndpointMiddleware] Executing endpoint 'MeowBackend.Controllers.Persons.GetPersons (MeowBackend.API)'
2024-05-10 13:29:20.232 +03:00  INF [Microsoft.AspNetCore.Mvc.Infrastructure.ControllerActionInvoker] Route matched with {action = "GetPersons", controller = "Persons"}. Executing controller action with signature Microsoft.AspNetCore.Mvc.ActionResult`1[System.Collections.Generic.List`1[MeowBackend.Core.Models.Responses.PersonResponse]] GetPersons() on controller MeowBackend.Controllers.Persons (MeowBackend.API).
2024-05-10 13:29:20.833 +03:00  INF [MeowBackend.API.Controllers.CatsController] получаем всех людей
2024-05-10 13:29:20.836 +03:00  INF [MeowBackend.Business.Services.CatsService] GetCats - CatsService
2024-05-10 13:29:23.513 +03:00  INF [Microsoft.EntityFrameworkCore.Database.Command] Executed DbCommand (42ms) [Parameters=[], CommandType='"Text"', CommandTimeout='30']
SELECT p.id, p.can_have_cat, p.email, p.name, p.password_hash, p.password_salt
FROM persons AS p
2024-05-10 13:29:23.767 +03:00  INF [Microsoft.AspNetCore.Mvc.Infrastructure.ObjectResultExecutor] Executing OkObjectResult, writing value of type 'System.Collections.Generic.List`1[[MeowBackend.Core.Models.Responses.PersonResponse, MeowBackend.Core, Version=1.0.0.0, Culture=neutral, PublicKeyToken=null]]'.
2024-05-10 13:29:23.793 +03:00  INF [Microsoft.AspNetCore.Mvc.Infrastructure.ControllerActionInvoker] Executed action MeowBackend.Controllers.Persons.GetPersons (MeowBackend.API) in 3543.8781ms
2024-05-10 13:29:23.797 +03:00  INF [Microsoft.AspNetCore.Routing.EndpointMiddleware] Executed endpoint 'MeowBackend.Controllers.Persons.GetPersons (MeowBackend.API)'
2024-05-10 13:29:23.803 +03:00  INF [Serilog.AspNetCore.RequestLoggingMiddleware] HTTP GET /api/persons responded 200 in 3935.1347 ms
2024-05-10 13:29:23.822 +03:00  INF [Microsoft.AspNetCore.Hosting.Diagnostics] Request finished HTTP/2 GET https://localhost:7106/api/persons - 200 null application/json; charset=utf-8 3981.7475ms
2024-05-10 13:29:56.657 +03:00  INF [Microsoft.AspNetCore.Hosting.Diagnostics] Request starting HTTP/2 PUT https://localhost:7106/api/persons/918d027f-96aa-4b9b-8e1f-7da50b11c68e/email - application/json 34
2024-05-10 13:29:56.694 +03:00  INF [Microsoft.AspNetCore.Routing.EndpointMiddleware] Executing endpoint 'MeowBackend.Controllers.Persons.UpdatePersonEmail (MeowBackend.API)'
2024-05-10 13:29:56.725 +03:00  INF [Microsoft.AspNetCore.Mvc.Infrastructure.ControllerActionInvoker] Route matched with {action = "UpdatePersonEmail", controller = "Persons"}. Executing controller action with signature System.Guid UpdatePersonEmail(System.Guid, MeowBackend.Core.Models.Requestes.UpdateEmailPersonRequest) on controller MeowBackend.Controllers.Persons (MeowBackend.API).
2024-05-10 13:32:30.731 +03:00  INF [] Running app
2024-05-10 13:32:30.982 +03:00  INF [Microsoft.AspNetCore.DataProtection.KeyManagement.XmlKeyManager] User profile is available. Using 'C:\Users\dns\AppData\Local\ASP.NET\DataProtection-Keys' as key repository and Windows DPAPI to encrypt keys at rest.
2024-05-10 13:32:31.691 +03:00  INF [Microsoft.Hosting.Lifetime] Now listening on: https://localhost:7106
2024-05-10 13:32:31.715 +03:00  INF [Microsoft.Hosting.Lifetime] Now listening on: http://localhost:5099
2024-05-10 13:32:31.723 +03:00  INF [Microsoft.Hosting.Lifetime] Application started. Press Ctrl+C to shut down.
2024-05-10 13:32:31.727 +03:00  INF [Microsoft.Hosting.Lifetime] Hosting environment: Development
2024-05-10 13:32:31.731 +03:00  INF [Microsoft.Hosting.Lifetime] Content root path: C:\Users\dns\Desktop\MiraculousBackend\MeowBackend\MeowBackend
2024-05-10 13:32:35.815 +03:00  INF [Microsoft.AspNetCore.Hosting.Diagnostics] Request starting HTTP/2 GET https://localhost:7106/swagger/index.html - null null
2024-05-10 13:32:36.630 +03:00  INF [Microsoft.AspNetCore.Hosting.Diagnostics] Request finished HTTP/2 GET https://localhost:7106/swagger/index.html - 200 null text/html;charset=utf-8 837.1032ms
2024-05-10 13:32:36.882 +03:00  INF [Microsoft.AspNetCore.Hosting.Diagnostics] Request starting HTTP/2 GET https://localhost:7106/_framework/aspnetcore-browser-refresh.js - null null
2024-05-10 13:32:36.915 +03:00  INF [Microsoft.AspNetCore.Hosting.Diagnostics] Request starting HTTP/2 GET https://localhost:7106/_vs/browserLink - null null
2024-05-10 13:32:37.196 +03:00  INF [Microsoft.AspNetCore.Hosting.Diagnostics] Request finished HTTP/2 GET https://localhost:7106/_framework/aspnetcore-browser-refresh.js - 200 13766 application/javascript; charset=utf-8 313.9748ms
2024-05-10 13:32:37.299 +03:00  INF [Microsoft.AspNetCore.Hosting.Diagnostics] Request finished HTTP/2 GET https://localhost:7106/_vs/browserLink - 200 null text/javascript; charset=UTF-8 384.2956ms
2024-05-10 13:32:37.473 +03:00  INF [Microsoft.AspNetCore.Hosting.Diagnostics] Request starting HTTP/2 GET https://localhost:7106/swagger/v1/swagger.json - null null
2024-05-10 13:32:37.902 +03:00  INF [Microsoft.AspNetCore.Hosting.Diagnostics] Request finished HTTP/2 GET https://localhost:7106/swagger/v1/swagger.json - 200 null application/json;charset=utf-8 429.6299ms
2024-05-10 13:33:34.962 +03:00  INF [Microsoft.AspNetCore.Hosting.Diagnostics] Request starting HTTP/2 PUT https://localhost:7106/api/persons/918d027f-96aa-4b9b-8e1f-7da50b11c68e/email - application/json 33
2024-05-10 13:33:35.210 +03:00  INF [Microsoft.AspNetCore.Routing.EndpointMiddleware] Executing endpoint 'MeowBackend.Controllers.Persons.UpdatePersonEmail (MeowBackend.API)'
2024-05-10 13:33:35.268 +03:00  INF [Microsoft.AspNetCore.Mvc.Infrastructure.ControllerActionInvoker] Route matched with {action = "UpdatePersonEmail", controller = "Persons"}. Executing controller action with signature System.Guid UpdatePersonEmail(System.Guid, MeowBackend.Core.Models.Requestes.UpdateEmailPersonRequest) on controller MeowBackend.Controllers.Persons (MeowBackend.API).
2024-05-10 13:34:49.931 +03:00  FTL [] Some services are not able to be constructed (Error while validating the service descriptor 'ServiceType: MeowBackend.Business.Services.IPersonsService Lifetime: Scoped ImplementationType: MeowBackend.Business.Services.PersonsService': Unable to resolve service for type 'FluentValidation.IValidator`1[MeowBackend.Core.Models.Requestes.UpdateEmailPersonRequest]' while attempting to activate 'MeowBackend.Business.Services.PersonsService'.)
2024-05-10 13:35:24.187 +03:00  FTL [] Some services are not able to be constructed (Error while validating the service descriptor 'ServiceType: MeowBackend.Business.Services.IPersonsService Lifetime: Scoped ImplementationType: MeowBackend.Business.Services.PersonsService': Unable to resolve service for type 'FluentValidation.IValidator`1[MeowBackend.Core.Models.Requestes.UpdateEmailPersonRequest]' while attempting to activate 'MeowBackend.Business.Services.PersonsService'.)
2024-05-10 13:35:44.901 +03:00  FTL [] Some services are not able to be constructed (Error while validating the service descriptor 'ServiceType: MeowBackend.Business.Services.IPersonsService Lifetime: Scoped ImplementationType: MeowBackend.Business.Services.PersonsService': Unable to resolve service for type 'FluentValidation.IValidator`1[MeowBackend.Core.Models.Requestes.UpdateEmailPersonRequest]' while attempting to activate 'MeowBackend.Business.Services.PersonsService'.)
2024-05-10 13:39:29.788 +03:00  INF [] Running app
2024-05-10 13:39:29.934 +03:00  INF [Microsoft.AspNetCore.DataProtection.KeyManagement.XmlKeyManager] User profile is available. Using 'C:\Users\dns\AppData\Local\ASP.NET\DataProtection-Keys' as key repository and Windows DPAPI to encrypt keys at rest.
2024-05-10 13:39:30.403 +03:00  INF [Microsoft.Hosting.Lifetime] Now listening on: https://localhost:7106
2024-05-10 13:39:30.405 +03:00  INF [Microsoft.Hosting.Lifetime] Now listening on: http://localhost:5099
2024-05-10 13:39:30.409 +03:00  INF [Microsoft.Hosting.Lifetime] Application started. Press Ctrl+C to shut down.
2024-05-10 13:39:30.411 +03:00  INF [Microsoft.Hosting.Lifetime] Hosting environment: Development
2024-05-10 13:39:30.413 +03:00  INF [Microsoft.Hosting.Lifetime] Content root path: C:\Users\dns\Desktop\MiraculousBackend\MeowBackend\MeowBackend
2024-05-10 13:39:36.309 +03:00  INF [Microsoft.AspNetCore.Hosting.Diagnostics] Request starting HTTP/2 GET https://localhost:7106/swagger/index.html - null null
2024-05-10 13:39:37.039 +03:00  INF [Microsoft.AspNetCore.Hosting.Diagnostics] Request starting HTTP/2 GET https://localhost:7106/_framework/aspnetcore-browser-refresh.js - null null
2024-05-10 13:39:37.041 +03:00  INF [Microsoft.AspNetCore.Hosting.Diagnostics] Request finished HTTP/2 GET https://localhost:7106/swagger/index.html - 200 null text/html;charset=utf-8 750.8186ms
2024-05-10 13:39:37.122 +03:00  INF [Microsoft.AspNetCore.Hosting.Diagnostics] Request starting HTTP/2 GET https://localhost:7106/_vs/browserLink - null null
2024-05-10 13:39:37.146 +03:00  INF [Microsoft.AspNetCore.Hosting.Diagnostics] Request finished HTTP/2 GET https://localhost:7106/_framework/aspnetcore-browser-refresh.js - 200 13766 application/javascript; charset=utf-8 106.6662ms
2024-05-10 13:39:37.318 +03:00  INF [Microsoft.AspNetCore.Hosting.Diagnostics] Request finished HTTP/2 GET https://localhost:7106/_vs/browserLink - 200 null text/javascript; charset=UTF-8 197.6315ms
2024-05-10 13:39:37.480 +03:00  INF [Microsoft.AspNetCore.Hosting.Diagnostics] Request starting HTTP/2 GET https://localhost:7106/swagger/v1/swagger.json - null null
2024-05-10 13:39:37.871 +03:00  INF [Microsoft.AspNetCore.Hosting.Diagnostics] Request finished HTTP/2 GET https://localhost:7106/swagger/v1/swagger.json - 200 null application/json;charset=utf-8 392.1855ms
2024-05-10 13:42:18.473 +03:00  INF [Microsoft.AspNetCore.Hosting.Diagnostics] Request starting HTTP/2 PUT https://localhost:7106/api/persons/918d027f-96aa-4b9b-8e1f-7da50b11c68e/email - application/json 33
2024-05-10 13:42:18.797 +03:00  INF [Microsoft.AspNetCore.Routing.EndpointMiddleware] Executing endpoint 'MeowBackend.Controllers.Persons.UpdatePersonEmail (MeowBackend.API)'
2024-05-10 13:42:18.844 +03:00  INF [Microsoft.AspNetCore.Mvc.Infrastructure.ControllerActionInvoker] Route matched with {action = "UpdatePersonEmail", controller = "Persons"}. Executing controller action with signature System.Guid UpdatePersonEmail(System.Guid, MeowBackend.Core.Models.Requestes.UpdateEmailPersonRequest) on controller MeowBackend.Controllers.Persons (MeowBackend.API).
2024-05-10 13:42:22.174 +03:00  INF [Microsoft.EntityFrameworkCore.Database.Command] Executed DbCommand (96ms) [Parameters=[@__id_0='?' (DbType = Guid)], CommandType='"Text"', CommandTimeout='30']
SELECT p.id, p.can_have_cat, p.email, p.name, p.password_hash, p.password_salt
FROM persons AS p
WHERE p.id = @__id_0
LIMIT 1
2024-05-10 13:42:22.455 +03:00  INF [Microsoft.EntityFrameworkCore.Database.Command] Executed DbCommand (17ms) [Parameters=[@p5='?' (DbType = Guid), @p0='?' (DbType = Boolean), @p1='?', @p2='?', @p3='?', @p4='?'], CommandType='"Text"', CommandTimeout='30']
UPDATE persons SET can_have_cat = @p0, email = @p1, name = @p2, password_hash = @p3, password_salt = @p4
WHERE id = @p5;
2024-05-10 13:42:22.494 +03:00  INF [Microsoft.AspNetCore.Mvc.Infrastructure.ObjectResultExecutor] Executing ObjectResult, writing value of type 'System.Guid'.
2024-05-10 13:42:22.522 +03:00  INF [Microsoft.AspNetCore.Mvc.Infrastructure.ControllerActionInvoker] Executed action MeowBackend.Controllers.Persons.UpdatePersonEmail (MeowBackend.API) in 3663.867ms
2024-05-10 13:42:22.527 +03:00  INF [Microsoft.AspNetCore.Routing.EndpointMiddleware] Executed endpoint 'MeowBackend.Controllers.Persons.UpdatePersonEmail (MeowBackend.API)'
2024-05-10 13:42:22.534 +03:00  INF [Serilog.AspNetCore.RequestLoggingMiddleware] HTTP PUT /api/persons/918d027f-96aa-4b9b-8e1f-7da50b11c68e/email responded 200 in 4036.7015 ms
2024-05-10 13:42:22.565 +03:00  INF [Microsoft.AspNetCore.Hosting.Diagnostics] Request finished HTTP/2 PUT https://localhost:7106/api/persons/918d027f-96aa-4b9b-8e1f-7da50b11c68e/email - 200 null application/json; charset=utf-8 4092.5368ms
2024-05-10 13:42:33.486 +03:00  INF [Microsoft.AspNetCore.Hosting.Diagnostics] Request starting HTTP/2 GET https://localhost:7106/api/persons - null null
2024-05-10 13:42:33.538 +03:00  INF [Microsoft.AspNetCore.Routing.EndpointMiddleware] Executing endpoint 'MeowBackend.Controllers.Persons.GetPersons (MeowBackend.API)'
2024-05-10 13:42:33.564 +03:00  INF [Microsoft.AspNetCore.Mvc.Infrastructure.ControllerActionInvoker] Route matched with {action = "GetPersons", controller = "Persons"}. Executing controller action with signature Microsoft.AspNetCore.Mvc.ActionResult`1[System.Collections.Generic.List`1[MeowBackend.Core.Models.Responses.PersonResponse]] GetPersons() on controller MeowBackend.Controllers.Persons (MeowBackend.API).
2024-05-10 13:42:33.585 +03:00  INF [MeowBackend.API.Controllers.CatsController] получаем всех людей
2024-05-10 13:42:33.588 +03:00  INF [MeowBackend.Business.Services.CatsService] GetCats - CatsService
2024-05-10 13:42:33.642 +03:00  INF [Microsoft.EntityFrameworkCore.Database.Command] Executed DbCommand (9ms) [Parameters=[], CommandType='"Text"', CommandTimeout='30']
SELECT p.id, p.can_have_cat, p.email, p.name, p.password_hash, p.password_salt
FROM persons AS p
2024-05-10 13:42:33.682 +03:00  INF [Microsoft.AspNetCore.Mvc.Infrastructure.ObjectResultExecutor] Executing OkObjectResult, writing value of type 'System.Collections.Generic.List`1[[MeowBackend.Core.Models.Responses.PersonResponse, MeowBackend.Core, Version=1.0.0.0, Culture=neutral, PublicKeyToken=null]]'.
2024-05-10 13:42:33.702 +03:00  INF [Microsoft.AspNetCore.Mvc.Infrastructure.ControllerActionInvoker] Executed action MeowBackend.Controllers.Persons.GetPersons (MeowBackend.API) in 122.7062ms
2024-05-10 13:42:33.710 +03:00  INF [Microsoft.AspNetCore.Routing.EndpointMiddleware] Executed endpoint 'MeowBackend.Controllers.Persons.GetPersons (MeowBackend.API)'
2024-05-10 13:42:33.715 +03:00  INF [Serilog.AspNetCore.RequestLoggingMiddleware] HTTP GET /api/persons responded 200 in 184.9343 ms
2024-05-10 13:42:33.719 +03:00  INF [Microsoft.AspNetCore.Hosting.Diagnostics] Request finished HTTP/2 GET https://localhost:7106/api/persons - 200 null application/json; charset=utf-8 236.0817ms
2024-05-10 13:57:58.438 +03:00  INF [] Running app
2024-05-10 13:57:58.873 +03:00  INF [Microsoft.AspNetCore.DataProtection.KeyManagement.XmlKeyManager] User profile is available. Using 'C:\Users\dns\AppData\Local\ASP.NET\DataProtection-Keys' as key repository and Windows DPAPI to encrypt keys at rest.
2024-05-10 13:57:59.703 +03:00  INF [Microsoft.Hosting.Lifetime] Now listening on: https://localhost:7106
2024-05-10 13:57:59.708 +03:00  INF [Microsoft.Hosting.Lifetime] Now listening on: http://localhost:5099
2024-05-10 13:57:59.722 +03:00  INF [Microsoft.Hosting.Lifetime] Application started. Press Ctrl+C to shut down.
2024-05-10 13:57:59.864 +03:00  INF [Microsoft.Hosting.Lifetime] Hosting environment: Development
2024-05-10 13:57:59.869 +03:00  INF [Microsoft.Hosting.Lifetime] Content root path: C:\Users\dns\Desktop\MiraculousBackend\MeowBackend\MeowBackend
2024-05-10 13:58:03.287 +03:00  INF [Microsoft.AspNetCore.Hosting.Diagnostics] Request starting HTTP/2 GET https://localhost:7106/swagger/index.html - null null
2024-05-10 13:58:03.973 +03:00  INF [Microsoft.AspNetCore.Hosting.Diagnostics] Request finished HTTP/2 GET https://localhost:7106/swagger/index.html - 200 null text/html;charset=utf-8 699.371ms
2024-05-10 13:58:04.072 +03:00  INF [Microsoft.AspNetCore.Hosting.Diagnostics] Request starting HTTP/2 GET https://localhost:7106/_vs/browserLink - null null
2024-05-10 13:58:04.072 +03:00  INF [Microsoft.AspNetCore.Hosting.Diagnostics] Request starting HTTP/2 GET https://localhost:7106/_framework/aspnetcore-browser-refresh.js - null null
2024-05-10 13:58:04.133 +03:00  INF [Microsoft.AspNetCore.Hosting.Diagnostics] Request finished HTTP/2 GET https://localhost:7106/_framework/aspnetcore-browser-refresh.js - 200 13766 application/javascript; charset=utf-8 61.1957ms
2024-05-10 13:58:04.247 +03:00  INF [Microsoft.AspNetCore.Hosting.Diagnostics] Request finished HTTP/2 GET https://localhost:7106/_vs/browserLink - 200 null text/javascript; charset=UTF-8 175.9388ms
2024-05-10 13:58:04.346 +03:00  INF [Microsoft.AspNetCore.Hosting.Diagnostics] Request starting HTTP/2 GET https://localhost:7106/swagger/v1/swagger.json - null null
2024-05-10 13:58:04.642 +03:00  INF [Microsoft.AspNetCore.Hosting.Diagnostics] Request finished HTTP/2 GET https://localhost:7106/swagger/v1/swagger.json - 200 null application/json;charset=utf-8 295.8385ms
2024-05-10 14:07:24.748 +03:00  INF [Microsoft.AspNetCore.Hosting.Diagnostics] Request starting HTTP/2 GET https://localhost:7106/api/persons - null null
2024-05-10 14:07:25.062 +03:00  INF [Microsoft.AspNetCore.Routing.EndpointMiddleware] Executing endpoint 'MeowBackend.Controllers.Persons.GetPersons (MeowBackend.API)'
2024-05-10 14:07:25.121 +03:00  INF [Microsoft.AspNetCore.Mvc.Infrastructure.ControllerActionInvoker] Route matched with {action = "GetPersons", controller = "Persons"}. Executing controller action with signature Microsoft.AspNetCore.Mvc.ActionResult`1[System.Collections.Generic.List`1[MeowBackend.Core.Models.Responses.PersonResponse]] GetPersons() on controller MeowBackend.Controllers.Persons (MeowBackend.API).
2024-05-10 14:07:25.623 +03:00  INF [MeowBackend.API.Controllers.CatsController] получаем всех людей
2024-05-10 14:07:25.627 +03:00  INF [MeowBackend.Business.Services.CatsService] GetCats - CatsService
2024-05-10 14:07:27.810 +03:00  INF [Microsoft.EntityFrameworkCore.Database.Command] Executed DbCommand (53ms) [Parameters=[], CommandType='"Text"', CommandTimeout='30']
SELECT p.id, p.can_have_cat, p.email, p.name, p.password_hash, p.password_salt
FROM persons AS p
2024-05-10 14:07:28.024 +03:00  INF [Microsoft.AspNetCore.Mvc.Infrastructure.ObjectResultExecutor] Executing OkObjectResult, writing value of type 'System.Collections.Generic.List`1[[MeowBackend.Core.Models.Responses.PersonResponse, MeowBackend.Core, Version=1.0.0.0, Culture=neutral, PublicKeyToken=null]]'.
2024-05-10 14:07:28.056 +03:00  INF [Microsoft.AspNetCore.Mvc.Infrastructure.ControllerActionInvoker] Executed action MeowBackend.Controllers.Persons.GetPersons (MeowBackend.API) in 2924.22ms
2024-05-10 14:07:28.058 +03:00  INF [Microsoft.AspNetCore.Routing.EndpointMiddleware] Executed endpoint 'MeowBackend.Controllers.Persons.GetPersons (MeowBackend.API)'
2024-05-10 14:07:28.062 +03:00  INF [Serilog.AspNetCore.RequestLoggingMiddleware] HTTP GET /api/persons responded 200 in 3262.6166 ms
2024-05-10 14:07:28.085 +03:00  INF [Microsoft.AspNetCore.Hosting.Diagnostics] Request finished HTTP/2 GET https://localhost:7106/api/persons - 200 null application/json; charset=utf-8 3344.8896ms
2024-05-10 14:09:24.582 +03:00  INF [Microsoft.AspNetCore.Hosting.Diagnostics] Request starting HTTP/2 PUT https://localhost:7106/api/persons/918d027f-96aa-4b9b-8e1f-7da50b11c68e/authorization - application/json 60
2024-05-10 14:09:24.614 +03:00  INF [Microsoft.AspNetCore.Routing.EndpointMiddleware] Executing endpoint 'MeowBackend.Controllers.Persons.UpdatePersonAuthorization (MeowBackend.API)'
2024-05-10 14:09:24.633 +03:00  INF [Microsoft.AspNetCore.Mvc.Infrastructure.ControllerActionInvoker] Route matched with {action = "UpdatePersonAuthorization", controller = "Persons"}. Executing controller action with signature System.Guid UpdatePersonAuthorization(System.Guid, MeowBackend.Core.Models.Requestes.UpdateAuthorizationPersonRequest) on controller MeowBackend.Controllers.Persons (MeowBackend.API).
2024-05-10 14:09:24.859 +03:00  INF [Microsoft.EntityFrameworkCore.Database.Command] Executed DbCommand (20ms) [Parameters=[@__id_0='?' (DbType = Guid)], CommandType='"Text"', CommandTimeout='30']
SELECT p.id, p.can_have_cat, p.email, p.name, p.password_hash, p.password_salt
FROM persons AS p
WHERE p.id = @__id_0
LIMIT 1
2024-05-10 14:09:24.977 +03:00  INF [Microsoft.EntityFrameworkCore.Database.Command] Executed DbCommand (11ms) [Parameters=[@p5='?' (DbType = Guid), @p0='?' (DbType = Boolean), @p1='?', @p2='?', @p3='?', @p4='?'], CommandType='"Text"', CommandTimeout='30']
UPDATE persons SET can_have_cat = @p0, email = @p1, name = @p2, password_hash = @p3, password_salt = @p4
WHERE id = @p5;
2024-05-10 14:09:24.988 +03:00  INF [Microsoft.AspNetCore.Mvc.Infrastructure.ObjectResultExecutor] Executing ObjectResult, writing value of type 'System.Guid'.
2024-05-10 14:09:24.995 +03:00  INF [Microsoft.AspNetCore.Mvc.Infrastructure.ControllerActionInvoker] Executed action MeowBackend.Controllers.Persons.UpdatePersonAuthorization (MeowBackend.API) in 357.525ms
2024-05-10 14:09:24.997 +03:00  INF [Microsoft.AspNetCore.Routing.EndpointMiddleware] Executed endpoint 'MeowBackend.Controllers.Persons.UpdatePersonAuthorization (MeowBackend.API)'
2024-05-10 14:09:24.999 +03:00  INF [Serilog.AspNetCore.RequestLoggingMiddleware] HTTP PUT /api/persons/918d027f-96aa-4b9b-8e1f-7da50b11c68e/authorization responded 200 in 390.2540 ms
2024-05-10 14:09:25.002 +03:00  INF [Microsoft.AspNetCore.Hosting.Diagnostics] Request finished HTTP/2 PUT https://localhost:7106/api/persons/918d027f-96aa-4b9b-8e1f-7da50b11c68e/authorization - 200 null application/json; charset=utf-8 420.3ms
2024-05-10 14:09:46.925 +03:00  INF [Microsoft.AspNetCore.Hosting.Diagnostics] Request starting HTTP/2 PUT https://localhost:7106/api/persons/918d027f-96aa-4b9b-8e1f-7da50b11c68e/authorization - application/json 37
2024-05-10 14:09:46.966 +03:00  INF [Microsoft.AspNetCore.Routing.EndpointMiddleware] Executing endpoint 'MeowBackend.Controllers.Persons.UpdatePersonAuthorization (MeowBackend.API)'
2024-05-10 14:09:46.971 +03:00  INF [Microsoft.AspNetCore.Mvc.Infrastructure.ControllerActionInvoker] Route matched with {action = "UpdatePersonAuthorization", controller = "Persons"}. Executing controller action with signature System.Guid UpdatePersonAuthorization(System.Guid, MeowBackend.Core.Models.Requestes.UpdateAuthorizationPersonRequest) on controller MeowBackend.Controllers.Persons (MeowBackend.API).
