2024-05-13 09:58:22.103 +03:00  FTL [] The host was aborted.
2024-05-13 09:58:40.013 +03:00  FTL [] The host was aborted.
2024-05-13 10:23:35.628 +03:00  INF [] Running app
2024-05-13 10:23:35.889 +03:00  INF [Microsoft.AspNetCore.DataProtection.KeyManagement.XmlKeyManager] User profile is available. Using 'C:\Users\dns\AppData\Local\ASP.NET\DataProtection-Keys' as key repository and Windows DPAPI to encrypt keys at rest.
2024-05-13 10:23:36.460 +03:00  INF [Microsoft.Hosting.Lifetime] Now listening on: https://localhost:7106
2024-05-13 10:23:36.462 +03:00  INF [Microsoft.Hosting.Lifetime] Now listening on: http://localhost:5099
2024-05-13 10:23:36.467 +03:00  INF [Microsoft.Hosting.Lifetime] Application started. Press Ctrl+C to shut down.
2024-05-13 10:23:36.468 +03:00  INF [Microsoft.Hosting.Lifetime] Hosting environment: Development
2024-05-13 10:23:36.470 +03:00  INF [Microsoft.Hosting.Lifetime] Content root path: C:\Users\dns\Desktop\MiraculousBackend\MeowBackend\MeowBackend
2024-05-13 10:23:38.092 +03:00  INF [Microsoft.AspNetCore.Hosting.Diagnostics] Request starting HTTP/2 GET https://localhost:7106/swagger/index.html - null null
2024-05-13 10:23:38.601 +03:00  INF [Microsoft.AspNetCore.Hosting.Diagnostics] Request finished HTTP/2 GET https://localhost:7106/swagger/index.html - 200 null text/html;charset=utf-8 513.4165ms
2024-05-13 10:23:38.698 +03:00  INF [Microsoft.AspNetCore.Hosting.Diagnostics] Request starting HTTP/2 GET https://localhost:7106/_vs/browserLink - null null
2024-05-13 10:23:38.698 +03:00  INF [Microsoft.AspNetCore.Hosting.Diagnostics] Request starting HTTP/2 GET https://localhost:7106/_framework/aspnetcore-browser-refresh.js - null null
2024-05-13 10:23:38.731 +03:00  INF [Microsoft.AspNetCore.Hosting.Diagnostics] Request finished HTTP/2 GET https://localhost:7106/_framework/aspnetcore-browser-refresh.js - 200 13766 application/javascript; charset=utf-8 32.4022ms
2024-05-13 10:23:38.847 +03:00  INF [Microsoft.AspNetCore.Hosting.Diagnostics] Request finished HTTP/2 GET https://localhost:7106/_vs/browserLink - 200 null text/javascript; charset=UTF-8 149.2091ms
2024-05-13 10:23:39.075 +03:00  INF [Microsoft.AspNetCore.Hosting.Diagnostics] Request starting HTTP/2 GET https://localhost:7106/swagger/v1/swagger.json - null null
2024-05-13 10:23:39.416 +03:00  ERR [MeowBackend.API.Configuration.ExceptionMiddleware] Something went wrong: Swashbuckle.AspNetCore.SwaggerGen.SwaggerGeneratorException: Conflicting method/path combination "POST api/dogs" for actions - MeowBackend.Controllers.DogsController.AddDog (MeowBackend.API),MeowBackend.Controllers.DogsController.DeleteDog (MeowBackend.API). Actions require a unique method/path combination for Swagger/OpenAPI 3.0. Use ConflictingActionsResolver as a workaround
   at Swashbuckle.AspNetCore.SwaggerGen.SwaggerGenerator.GenerateOperations(IEnumerable`1 apiDescriptions, SchemaRepository schemaRepository)
   at Swashbuckle.AspNetCore.SwaggerGen.SwaggerGenerator.GeneratePaths(IEnumerable`1 apiDescriptions, SchemaRepository schemaRepository)
   at Swashbuckle.AspNetCore.SwaggerGen.SwaggerGenerator.GetSwaggerDocumentWithoutFilters(String documentName, String host, String basePath)
   at Swashbuckle.AspNetCore.SwaggerGen.SwaggerGenerator.GetSwaggerAsync(String documentName, String host, String basePath)
   at Swashbuckle.AspNetCore.Swagger.SwaggerMiddleware.Invoke(HttpContext httpContext, ISwaggerProvider swaggerProvider)
   at MeowBackend.API.Configuration.ExceptionMiddleware.InvokeAsync(HttpContext httpContext) in C:\Users\dns\Desktop\MiraculousBackend\MeowBackend\MeowBackend\Configuration\ExceptionMiddleware.cs:line 22
2024-05-13 10:23:39.432 +03:00  INF [Microsoft.AspNetCore.Hosting.Diagnostics] Request finished HTTP/2 GET https://localhost:7106/swagger/v1/swagger.json - 500 null application/json 357.8593ms
2024-05-13 10:24:51.143 +03:00  INF [] Running app
2024-05-13 10:24:51.287 +03:00  INF [Microsoft.AspNetCore.DataProtection.KeyManagement.XmlKeyManager] User profile is available. Using 'C:\Users\dns\AppData\Local\ASP.NET\DataProtection-Keys' as key repository and Windows DPAPI to encrypt keys at rest.
2024-05-13 10:24:51.547 +03:00  INF [Microsoft.Hosting.Lifetime] Now listening on: https://localhost:7106
2024-05-13 10:24:51.549 +03:00  INF [Microsoft.Hosting.Lifetime] Now listening on: http://localhost:5099
2024-05-13 10:24:51.553 +03:00  INF [Microsoft.Hosting.Lifetime] Application started. Press Ctrl+C to shut down.
2024-05-13 10:24:51.555 +03:00  INF [Microsoft.Hosting.Lifetime] Hosting environment: Development
2024-05-13 10:24:51.557 +03:00  INF [Microsoft.Hosting.Lifetime] Content root path: C:\Users\dns\Desktop\MiraculousBackend\MeowBackend\MeowBackend
2024-05-13 10:24:55.011 +03:00  INF [Microsoft.AspNetCore.Hosting.Diagnostics] Request starting HTTP/2 GET https://localhost:7106/swagger/index.html - null null
2024-05-13 10:24:55.294 +03:00  INF [Microsoft.AspNetCore.Hosting.Diagnostics] Request finished HTTP/2 GET https://localhost:7106/swagger/index.html - 200 null text/html;charset=utf-8 285.2974ms
2024-05-13 10:24:55.416 +03:00  INF [Microsoft.AspNetCore.Hosting.Diagnostics] Request starting HTTP/2 GET https://localhost:7106/_framework/aspnetcore-browser-refresh.js - null null
2024-05-13 10:24:55.417 +03:00  INF [Microsoft.AspNetCore.Hosting.Diagnostics] Request starting HTTP/2 GET https://localhost:7106/_vs/browserLink - null null
2024-05-13 10:24:55.446 +03:00  INF [Microsoft.AspNetCore.Hosting.Diagnostics] Request finished HTTP/2 GET https://localhost:7106/_framework/aspnetcore-browser-refresh.js - 200 13766 application/javascript; charset=utf-8 29.4636ms
2024-05-13 10:24:55.538 +03:00  INF [Microsoft.AspNetCore.Hosting.Diagnostics] Request finished HTTP/2 GET https://localhost:7106/_vs/browserLink - 200 null text/javascript; charset=UTF-8 121.284ms
2024-05-13 10:24:55.750 +03:00  INF [Microsoft.AspNetCore.Hosting.Diagnostics] Request starting HTTP/2 GET https://localhost:7106/swagger/v1/swagger.json - null null
2024-05-13 10:24:55.930 +03:00  ERR [MeowBackend.API.Configuration.ExceptionMiddleware] Something went wrong: Swashbuckle.AspNetCore.SwaggerGen.SwaggerGeneratorException: Conflicting method/path combination "POST api/dogs" for actions - MeowBackend.Controllers.DogsController.AddDog (MeowBackend.API),MeowBackend.Controllers.DogsController.DeleteDog (MeowBackend.API). Actions require a unique method/path combination for Swagger/OpenAPI 3.0. Use ConflictingActionsResolver as a workaround
   at Swashbuckle.AspNetCore.SwaggerGen.SwaggerGenerator.GenerateOperations(IEnumerable`1 apiDescriptions, SchemaRepository schemaRepository)
   at Swashbuckle.AspNetCore.SwaggerGen.SwaggerGenerator.GeneratePaths(IEnumerable`1 apiDescriptions, SchemaRepository schemaRepository)
   at Swashbuckle.AspNetCore.SwaggerGen.SwaggerGenerator.GetSwaggerDocumentWithoutFilters(String documentName, String host, String basePath)
   at Swashbuckle.AspNetCore.SwaggerGen.SwaggerGenerator.GetSwaggerAsync(String documentName, String host, String basePath)
   at Swashbuckle.AspNetCore.Swagger.SwaggerMiddleware.Invoke(HttpContext httpContext, ISwaggerProvider swaggerProvider)
   at MeowBackend.API.Configuration.ExceptionMiddleware.InvokeAsync(HttpContext httpContext) in C:\Users\dns\Desktop\MiraculousBackend\MeowBackend\MeowBackend\Configuration\ExceptionMiddleware.cs:line 22
2024-05-13 10:24:55.944 +03:00  INF [Microsoft.AspNetCore.Hosting.Diagnostics] Request finished HTTP/2 GET https://localhost:7106/swagger/v1/swagger.json - 500 null application/json 194.0809ms
